Starting DSEngine Runtime...
[INFO] debug logger init success
Business mode: lua
[INFO] RHI Factory: 创建 OpenGL 后端
[INFO] FramePipeline RHI 后端: OpenGL
[INFO] [InitTiming] RHI device init: 3ms
[INFO] DSE_RENDER_DEVICE backend=OpenGL adapter="llvmpipe (LLVM 22.1.6, 256 bits)" software=1
[INFO] Render pipeline profile: using built-in ForwardPlusDefault
[INFO] RenderPipelineProfile ForwardPlusDefault settings{gpu_driven=true, shadows=true, shadow_quality=default, postprocess_quality=default}
  0: pre_z [enabled]
  1: hiz_build [skipped(no_hiz)]
  2: hiz_cull [skipped(no_hiz)]
  3: csm_shadow [enabled]
  4: spot_shadow [enabled]
  5: point_shadow [enabled]
  6: gpu_cull [skipped(no_gpu_driven)]
  7: rsm [enabled]
  8: ddgi_update [enabled]
  9: gbuffer [enabled]
  10: deferred_lighting [enabled]
  11: forward_scene [enabled]
  12: atmosphere_sky [enabled]
  13: wboit [enabled]
  14: water [enabled]
  15: bloom [enabled]
  16: ssao [enabled]
  17: contact_shadow [enabled]
  18: auto_exposure [enabled]
  19: motion_vector [enabled]
  20: ssr [enabled]
  21: outline [enabled]
  22: light_shaft [enabled]
  23: volumetric_fog [enabled]
  24: decal [enabled]
  25: ui [enabled]
  26: composite [enabled]
  27: dof [enabled]
  28: motion_blur [enabled]
  29: fxaa [enabled]
  30: taa [enabled]
  31: present [enabled]
[INFO] Runtime data root: C:\Users\Administrator\repos\DSEngine\bin\data
[INFO] FileWatcher: started monitoring C:\Users\Administrator\repos\DSEngine\bin\data
[INFO] [GL] Eye shader created: 6
[INFO] [GLShaderManager] Warmed up 39 post-process shaders
[INFO] [GLGpuTimer] Initialized (double-buffered timestamp queries)
[INFO] Hi-Z texture created: handle=500000 gl_tex=32 1280x701 mips=11
[INFO] Hi-Z Occlusion Culling initialized: texture=500000 vis_ssbo=15 aabb_ssbo=16 capacity=65536 shaders=(119,121,123)
[INFO] GPU Driven Rendering: supported=1, cull_shader=125
[INFO] [InitTiming] render resources: 1036ms
[INFO] FramePipeline init: systems init begin
[INFO] [Physics2D] Init world_valid=1
[INFO] FramePipeline init: systems init complete
[INFO] FramePipeline init: Gameplay3D module enabled=1
[INFO] Physics3DSystem Initialized (Backend: Jolt Physics v5.5.0, max_bodies=4096, threads=2)
[INFO] FramePipeline init: Physics3DSystem initialized and registered
[INFO] FramePipeline init: NavMeshSystem initialized and registered
[INFO] [GrassSystem] GPU wind compute shader created: 127
[INFO] [GrassSystem] Initialized. blade_verts=10, billboard_verts=8, gpu_compute=1
[INFO] [TreeSystem] Initialized
[INFO] [HairSystem] Initialized, gpu_compute=1
[INFO] FramePipeline init: Gameplay3D module OnInit OK (static)
[INFO] [InitTiming] systems init: 49ms
[INFO] FramePipeline init: business bootstrap begin
[INFO] [LuaRuntime] Shutdown begin state=0000000000000000 script_instances=0 lua_memory_usage=0 awake_called=0
[INFO] [LuaRuntime] Shutdown end
[INFO] [LuaRuntime] lua_newstate begin allocator=00007FF70403DED0 seed=0
[INFO] Lua bootstrap: startup script resolved to C:\Users\Administrator\repos\DSEngine\samples\lua\main.lua
[INFO] Lua bootstrap: package path setup begin
[INFO] Lua bootstrap: register API begin
[INFO] Lua bootstrap: loading startup script begin
[main] 加载 demo: 3d_animation_basic
[main] name: animation basic showcase
[INFO] Lua bootstrap: startup script load OK
[INFO] Lua bootstrap: Awake begin
[INFO] Data root updated from lua: data\
[3D][Animation] setup: animator_resource_chain real_animation_resource mesh_path=animation/minimal_rig/two_bone.dmesh material_path=animation/minimal_rig/two_bone.dmat danim_path=animation/minimal_rig/two_bone_idle_walk.danim dskel_path=animation/minimal_rig/two_bone.dskel resource_paths_configured=true; animator_state_api get_animator_3d_state=true state=idle normalized_time=0.00 clip_time=0.00 speed=1.00 loop=true transitioning=false final_bones=0 has_skeleton=true; fallback cube rig retained
[3D][Animation] skinned_mesh_resource animator_state_api get_animator_3d_state=true state=idle normalized_time=0.00 clip_time=0.00 speed=1.00 loop=true transitioning=false final_bones=0 has_skeleton=true mesh_path=animation/minimal_rig/two_bone.dmesh material_path=animation/minimal_rig/two_bone.dmat
[3D][Animation] animator_state_api real_animation_resource get_animator_3d_state=true state=idle normalized_time=0.00 clip_time=0.00 speed=1.00 loop=true transitioning=false final_bones=0 has_skeleton=true danim_path=animation/minimal_rig/two_bone_idle_walk.danim dskel_path=animation/minimal_rig/two_bone.dskel
[INFO] Lua bootstrap: Awake OK
[INFO] Lua startup script loaded: C:\Users\Administrator\repos\DSEngine\samples\lua\main.lua
[INFO] Lua business mode bootstrap: OK
[INFO] [InitTiming] business bootstrap: 15ms
[INFO] [InitTiming] BuildRenderGraph: 0ms
[INFO] [InitTiming] light buffer + cluster grid: 0ms
[INFO] [LightProbeSystem] Initialized, face_res=64, RT=320039
[INFO] [InitTiming] LightProbeSystem: 0ms
[INFO] [ReflectionProbeSystem] BRDF LUT loaded from cache
[INFO] [ReflectionProbeSystem] BRDF LUT generated: 128x128, handle=51 (cached)
[INFO] [ReflectionProbeSystem] Initialized, bake_res=128
[INFO] [InitTiming] ReflectionProbeSystem: 1ms
[INFO] [StreamingManager] Initialized (budget=8/frame, max_concurrent=32)
[INFO] [InitTiming] StreamingManager: 0ms
[INFO] [GPUSkinning] Initialized (shader=137, initial_capacity=4096v/1024b)
[INFO] FramePipeline init: GPUSkinningSystem initialized (compute skinning available)
[INFO] [InitTiming] GPUSkinning: 7ms
[INFO] EngineInstance init: startup scene regression checks skipped by env
[INFO] [3D][VSE15.22] animator_system_first_update entity=4 dskel_path=animation/minimal_rig/two_bone.dskel bone_count=2 final_bones=2 note=animator_system_confirms_bone_count
[INFO] [3D][VSE15.22] animator_system_first_update entity=3 dskel_path=animation/minimal_rig/two_bone.dskel bone_count=2 final_bones=2 note=animator_system_confirms_bone_count
[INFO] [DIAG-MeshVtx] path=animation/minimal_rig/two_bone.dmesh stride=20 vtx=6 idx=12 skinned=1 item_color=(0.35,0.75,1,1) dmesh_vc0=(0,0,0,0)
[INFO] [DIAG-MeshSubmit] entity=4 path=animation/minimal_rig/two_bone.dmesh shared=1 vtx=6 idx=12 stride=20 shading=0 lit=1 recv_shadow=1 shadow_strength=0.35 light_dir=(-0.316241,-0.903545,-0.289134) ambient=0.18 intensity=1.2 tex=0 normal_tex=0 mr_tex=0 color=(0.35,0.75,1,1) mat=(0.35,0.75,1) metal=0 rough=0.45 ao=1 ds=1 v0_color=(0.35,0.75,1,1) v0_n=(0,0,1) v0_uv=(0,0) v0_w=(1,0,0,0) v0_j=(0,0,0,0) bones=2 palettes=1 b0=1 bone_t_min=(0,-1.47204,-0.147388) bone_t_max=(0,0.0133333,0) bounds_min=(-1.525,-0.05,0) bounds_max=(-0.975,1.7625,0)
[INFO] [MeshDiag] call=0 depth_test=0 blend=0 vp=(0,0,1280,701) fbo=4 active_ps=330003
[INFO] [DIAG-SkinDraw] depth=1 ortho=0 shadow_cull=0 instanced=0 inst_count=1 cull=0 cull_mode=1029 front_face=2305 depth_test=0 depth_write=1 depth_func=513 bones=2 palettes=1 b0=1 b0_t=(0,0.0133333,0) bone_offset=0 shading=0 lit=1 recv_shadow=1 shadow_strength=0.35 light_dir=(-0.316241,-0.903545,-0.289134) ambient=0.18 intensity=1.2 tex=0 normal_tex=0 mr_tex=0 ds=1 mat=(0.35,0.75,1) metal=0 rough=0.45 ao=1 vtx=6 idx=12 v0_color=(0.35,0.75,1,1) v0_n=(0,0,1) v0_uv=(0,0) v0_w=(1,0,0,0) v0_j=(0,0,0,0)
[INFO] [DIAG-SkinDraw] depth=1 ortho=1 shadow_cull=1 instanced=0 inst_count=1 cull=0 cull_mode=1028 front_face=2305 depth_test=0 depth_write=1 depth_func=513 bones=2 palettes=1 b0=1 b0_t=(0,0.0133333,0) bone_offset=0 shading=0 lit=1 recv_shadow=1 shadow_strength=0.35 light_dir=(-0.316241,-0.903545,-0.289134) ambient=0.18 intensity=1.2 tex=0 normal_tex=0 mr_tex=0 ds=1 mat=(0.35,0.75,1) metal=0 rough=0.45 ao=1 vtx=6 idx=12 v0_color=(0.35,0.75,1,1) v0_n=(0,0,1) v0_uv=(0,0) v0_w=(1,0,0,0) v0_j=(0,0,0,0)
[INFO] [MeshDiag] call=1 depth_test=0 blend=0 vp=(2048,0,1024,1024) fbo=30 active_ps=330004
[INFO] [DIAG-SkinDraw] depth=1 ortho=1 shadow_cull=1 instanced=0 inst_count=1 cull=0 cull_mode=1028 front_face=2305 depth_test=0 depth_write=1 depth_func=513 bones=2 palettes=1 b0=1 b0_t=(0,0.0133333,0) bone_offset=0 shading=0 lit=1 recv_shadow=1 shadow_strength=0.35 light_dir=(-0.316241,-0.903545,-0.289134) ambient=0.18 intensity=1.2 tex=0 normal_tex=0 mr_tex=0 ds=1 mat=(0.35,0.75,1) metal=0 rough=0.45 ao=1 vtx=6 idx=12 v0_color=(0.35,0.75,1,1) v0_n=(0,0,1) v0_uv=(0,0) v0_w=(1,0,0,0) v0_j=(0,0,0,0)
[INFO] [MeshDiag] call=2 depth_test=0 blend=0 vp=(3072,0,512,512) fbo=30 active_ps=330004
[INFO] [DIAG-SkinDraw] depth=1 ortho=1 shadow_cull=1 instanced=0 inst_count=1 cull=0 cull_mode=1028 front_face=2305 depth_test=0 depth_write=1 depth_func=513 bones=2 palettes=1 b0=1 b0_t=(0,0.0133333,0) bone_offset=0 shading=0 lit=1 recv_shadow=1 shadow_strength=0.35 light_dir=(-0.316241,-0.903545,-0.289134) ambient=0.18 intensity=1.2 tex=0 normal_tex=0 mr_tex=0 ds=1 mat=(0.35,0.75,1) metal=0 rough=0.45 ao=1 vtx=6 idx=12 v0_color=(0.35,0.75,1,1) v0_n=(0,0,1) v0_uv=(0,0) v0_w=(1,0,0,0) v0_j=(0,0,0,0)
[INFO] [MeshDiag] call=3 depth_test=1 blend=0 vp=(0,0,1280,701) fbo=2 active_ps=330002
[INFO] [DIAG-SkinDraw] depth=0 ortho=0 shadow_cull=0 instanced=0 inst_count=1 cull=0 cull_mode=1028 front_face=2305 depth_test=1 depth_write=1 depth_func=515 bones=2 palettes=1 b0=1 b0_t=(0,0.0133333,0) bone_offset=0 shading=0 lit=1 recv_shadow=1 shadow_strength=0.35 light_dir=(-0.316241,-0.903545,-0.289134) ambient=0.18 intensity=1.2 tex=0 normal_tex=0 mr_tex=0 ds=1 mat=(0.35,0.75,1) metal=0 rough=0.45 ao=1 vtx=6 idx=12 v0_color=(0.35,0.75,1,1) v0_n=(0,0,1) v0_uv=(0,0) v0_w=(1,0,0,0) v0_j=(0,0,0,0)
[INFO] Runtime stats: entities=13, sprites=0, meshes=50, draw_calls=50, material_switches=0, shadow_passes=2, max_batch_sprites=0, render_passes=12, physics_bodies=0, particle_emitters=0, active_particles=0, avg_update_ms=3.6833, avg_fixed_ms=0.02658, avg_render_ms=7520.85, instanced_meshes=0, gpu_driven_requested=1, gpu_driven_supported=1, gpu_driven_prepared=0, gpu_driven_active=0, gpu_indirect_draws=0, gpu_instances=0, pending_upload_callbacks=0, pending_upload_callbacks_hwm=0, upload_budget=16
[INFO] [DIAG-MeshSubmit] entity=4 path=animation/minimal_rig/two_bone.dmesh shared=1 vtx=6 idx=12 stride=20 shading=0 lit=1 recv_shadow=1 shadow_strength=0.35 light_dir=(-0.316241,-0.903545,-0.289134) ambient=0.18 intensity=1.2 tex=0 normal_tex=0 mr_tex=0 color=(0.35,0.75,1,1) mat=(0.35,0.75,1) metal=0 rough=0.45 ao=1 ds=1 v0_color=(0.35,0.75,1,1) v0_n=(0,0,1) v0_uv=(0,0) v0_w=(1,0,0,0) v0_j=(0,0,0,0) bones=2 palettes=1 b0=1 bone_t_min=(0,-1.47085,-0.061019) bone_t_max=(0,0.0266667,0) bounds_min=(-1.525,-0.05,0) bounds_max=(-0.975,1.7625,0)
[INFO] [MeshDiag] call=4 depth_test=1 blend=0 vp=(0,0,1280,701) fbo=4 active_ps=330003
[INFO] [DIAG-SkinDraw] depth=1 ortho=0 shadow_cull=0 instanced=0 inst_count=1 cull=0 cull_mode=1028 front_face=2305 depth_test=1 depth_write=1 depth_func=515 bones=2 palettes=1 b0=1 b0_t=(0,0.0266667,0) bone_offset=0 shading=0 lit=1 recv_shadow=1 shadow_strength=0.35 light_dir=(-0.316241,-0.903545,-0.289134) ambient=0.18 intensity=1.2 tex=0 normal_tex=0 mr_tex=0 ds=1 mat=(0.35,0.75,1) metal=0 rough=0.45 ao=1 vtx=6 idx=12 v0_color=(0.35,0.75,1,1) v0_n=(0,0,1) v0_uv=(0,0) v0_w=(1,0,0,0) v0_j=(0,0,0,0)
[INFO] [DIAG-SkinDraw] depth=1 ortho=1 shadow_cull=1 instanced=0 inst_count=1 cull=0 cull_mode=1028 front_face=2305 depth_test=1 depth_write=1 depth_func=515 bones=2 palettes=1 b0=1 b0_t=(0,0.0266667,0) bone_offset=0 shading=0 lit=1 recv_shadow=1 shadow_strength=0.35 light_dir=(-0.316241,-0.903545,-0.289134) ambient=0.18 intensity=1.2 tex=0 normal_tex=0 mr_tex=0 ds=1 mat=(0.35,0.75,1) metal=0 rough=0.45 ao=1 vtx=6 idx=12 v0_color=(0.35,0.75,1,1) v0_n=(0,0,1) v0_uv=(0,0) v0_w=(1,0,0,0) v0_j=(0,0,0,0)
[INFO] [MeshDiag] call=5 depth_test=1 blend=0 vp=(2048,0,1024,1024) fbo=30 active_ps=330004
[INFO] [DIAG-SkinDraw] depth=1 ortho=1 shadow_cull=1 instanced=0 inst_count=1 cull=0 cull_mode=1028 front_face=2305 depth_test=1 depth_write=1 depth_func=515 bones=2 palettes=1 b0=1 b0_t=(0,0.0266667,0) bone_offset=0 shading=0 lit=1 recv_shadow=1 shadow_strength=0.35 light_dir=(-0.316241,-0.903545,-0.289134) ambient=0.18 intensity=1.2 tex=0 normal_tex=0 mr_tex=0 ds=1 mat=(0.35,0.75,1) metal=0 rough=0.45 ao=1 vtx=6 idx=12 v0_color=(0.35,0.75,1,1) v0_n=(0,0,1) v0_uv=(0,0) v0_w=(1,0,0,0) v0_j=(0,0,0,0)
[INFO] [DIAG-SkinDraw] depth=1 ortho=1 shadow_cull=1 instanced=0 inst_count=1 cull=0 cull_mode=1028 front_face=2305 depth_test=1 depth_write=1 depth_func=515 bones=2 palettes=1 b0=1 b0_t=(0,0.0266667,0) bone_offset=0 shading=0 lit=1 recv_shadow=1 shadow_strength=0.35 light_dir=(-0.316241,-0.903545,-0.289134) ambient=0.18 intensity=1.2 tex=0 normal_tex=0 mr_tex=0 ds=1 mat=(0.35,0.75,1) metal=0 rough=0.45 ao=1 vtx=6 idx=12 v0_color=(0.35,0.75,1,1) v0_n=(0,0,1) v0_uv=(0,0) v0_w=(1,0,0,0) v0_j=(0,0,0,0)
[INFO] [DIAG-SkinDraw] depth=0 ortho=0 shadow_cull=0 instanced=0 inst_count=1 cull=0 cull_mode=1028 front_face=2305 depth_test=1 depth_write=1 depth_func=515 bones=2 palettes=1 b0=1 b0_t=(0,0.0266667,0) bone_offset=0 shading=0 lit=1 recv_shadow=1 shadow_strength=0.35 light_dir=(-0.316241,-0.903545,-0.289134) ambient=0.18 intensity=1.2 tex=0 normal_tex=0 mr_tex=0 ds=1 mat=(0.35,0.75,1) metal=0 rough=0.45 ao=1 vtx=6 idx=12 v0_color=(0.35,0.75,1,1) v0_n=(0,0,1) v0_uv=(0,0) v0_w=(1,0,0,0) v0_j=(0,0,0,0)
[INFO] Runtime stats: entities=13, sprites=0, meshes=5, draw_calls=5, material_switches=0, shadow_passes=2, max_batch_sprites=0, render_passes=12, physics_bodies=0, particle_emitters=0, active_particles=0, avg_update_ms=0.267, avg_fixed_ms=0.02004, avg_render_ms=14828.4, instanced_meshes=0, gpu_driven_requested=1, gpu_driven_supported=1, gpu_driven_prepared=1, gpu_driven_active=1, gpu_indirect_draws=9, gpu_instances=9, pending_upload_callbacks=0, pending_upload_callbacks_hwm=0, upload_budget=16
[INFO] [DIAG-MeshSubmit] entity=4 path=animation/minimal_rig/two_bone.dmesh shared=1 vtx=6 idx=12 stride=20 shading=0 lit=1 recv_shadow=1 shadow_strength=0.35 light_dir=(-0.316241,-0.903545,-0.289134) ambient=0.18 intensity=1.2 tex=0 normal_tex=0 mr_tex=0 color=(0.35,0.75,1,1) mat=(0.35,0.75,1) metal=0 rough=0.45 ao=1 ds=1 v0_color=(0.35,0.75,1,1) v0_n=(0,0,1) v0_uv=(0,0) v0_w=(1,0,0,0) v0_j=(0,0,0,0) bones=2 palettes=1 b0=1 bone_t_min=(0,-1.45954,0) bone_t_max=(0,0.04,0.0261746) bounds_min=(-1.525,-0.05,0) bounds_max=(-0.975,1.7625,0)
[INFO] [DIAG-SkinDraw] depth=1 ortho=0 shadow_cull=0 instanced=0 inst_count=1 cull=0 cull_mode=1028 front_face=2305 depth_test=1 depth_write=1 depth_func=515 bones=2 palettes=1 b0=1 b0_t=(0,0.04,0) bone_offset=0 shading=0 lit=1 recv_shadow=1 shadow_strength=0.35 light_dir=(-0.316241,-0.903545,-0.289134) ambient=0.18 intensity=1.2 tex=0 normal_tex=0 mr_tex=0 ds=1 mat=(0.35,0.75,1) metal=0 rough=0.45 ao=1 vtx=6 idx=12 v0_color=(0.35,0.75,1,1) v0_n=(0,0,1) v0_uv=(0,0) v0_w=(1,0,0,0) v0_j=(0,0,0,0)
[INFO] [DIAG-SkinDraw] depth=1 ortho=1 shadow_cull=1 instanced=0 inst_count=1 cull=0 cull_mode=1028 front_face=2305 depth_test=1 depth_write=1 depth_func=515 bones=2 palettes=1 b0=1 b0_t=(0,0.04,0) bone_offset=0 shading=0 lit=1 recv_shadow=1 shadow_strength=0.35 light_dir=(-0.316241,-0.903545,-0.289134) ambient=0.18 intensity=1.2 tex=0 normal_tex=0 mr_tex=0 ds=1 mat=(0.35,0.75,1) metal=0 rough=0.45 ao=1 vtx=6 idx=12 v0_color=(0.35,0.75,1,1) v0_n=(0,0,1) v0_uv=(0,0) v0_w=(1,0,0,0) v0_j=(0,0,0,0)
[INFO] [DIAG-SkinDraw] depth=1 ortho=1 shadow_cull=1 instanced=0 inst_count=1 cull=0 cull_mode=1028 front_face=2305 depth_test=1 depth_write=1 depth_func=515 bones=2 palettes=1 b0=1 b0_t=(0,0.04,0) bone_offset=0 shading=0 lit=1 recv_shadow=1 shadow_strength=0.35 light_dir=(-0.316241,-0.903545,-0.289134) ambient=0.18 intensity=1.2 tex=0 normal_tex=0 mr_tex=0 ds=1 mat=(0.35,0.75,1) metal=0 rough=0.45 ao=1 vtx=6 idx=12 v0_color=(0.35,0.75,1,1) v0_n=(0,0,1) v0_uv=(0,0) v0_w=(1,0,0,0) v0_j=(0,0,0,0)
[INFO] [DIAG-SkinDraw] depth=1 ortho=1 shadow_cull=1 instanced=0 inst_count=1 cull=0 cull_mode=1028 front_face=2305 depth_test=1 depth_write=1 depth_func=515 bones=2 palettes=1 b0=1 b0_t=(0,0.04,0) bone_offset=0 shading=0 lit=1 recv_shadow=1 shadow_strength=0.35 light_dir=(-0.316241,-0.903545,-0.289134) ambient=0.18 intensity=1.2 tex=0 normal_tex=0 mr_tex=0 ds=1 mat=(0.35,0.75,1) metal=0 rough=0.45 ao=1 vtx=6 idx=12 v0_color=(0.35,0.75,1,1) v0_n=(0,0,1) v0_uv=(0,0) v0_w=(1,0,0,0) v0_j=(0,0,0,0)
[INFO] [DIAG-SkinDraw] depth=0 ortho=0 shadow_cull=0 instanced=0 inst_count=1 cull=0 cull_mode=1028 front_face=2305 depth_test=1 depth_write=1 depth_func=515 bones=2 palettes=1 b0=1 b0_t=(0,0.04,0) bone_offset=0 shading=0 lit=1 recv_shadow=1 shadow_strength=0.35 light_dir=(-0.316241,-0.903545,-0.289134) ambient=0.18 intensity=1.2 tex=0 normal_tex=0 mr_tex=0 ds=1 mat=(0.35,0.75,1) metal=0 rough=0.45 ao=1 vtx=6 idx=12 v0_color=(0.35,0.75,1,1) v0_n=(0,0,1) v0_uv=(0,0) v0_w=(1,0,0,0) v0_j=(0,0,0,0)
[INFO] Runtime stats: entities=13, sprites=0, meshes=5, draw_calls=5, material_switches=0, shadow_passes=2, max_batch_sprites=0, render_passes=12, physics_bodies=0, particle_emitters=0, active_particles=0, avg_update_ms=0.2531, avg_fixed_ms=0.0195, avg_render_ms=49.7013, instanced_meshes=0, gpu_driven_requested=1, gpu_driven_supported=1, gpu_driven_prepared=1, gpu_driven_active=1, gpu_indirect_draws=9, gpu_instances=9, pending_upload_callbacks=0, pending_upload_callbacks_hwm=0, upload_budget=16
[INFO] [DIAG-MeshSubmit] entity=4 path=animation/minimal_rig/two_bone.dmesh shared=1 vtx=6 idx=12 stride=20 shading=0 lit=1 recv_shadow=1 shadow_strength=0.35 light_dir=(-0.316241,-0.903545,-0.289134) ambient=0.18 intensity=1.2 tex=0 normal_tex=0 mr_tex=0 color=(0.35,0.75,1,1) mat=(0.35,0.75,1) metal=0 rough=0.45 ao=1 ds=1 v0_color=(0.35,0.75,1,1) v0_n=(0,0,1) v0_uv=(0,0) v0_w=(1,0,0,0) v0_j=(0,0,0,0) bones=2 palettes=1 b0=1 bone_t_min=(0,-1.44846,0) bone_t_max=(0,0.0476579,0.0761691) bounds_min=(-1.525,-0.05,0) bounds_max=(-0.975,1.7625,0)
[INFO] [DIAG-SkinDraw] depth=1 ortho=0 shadow_cull=0 instanced=0 inst_count=1 cull=0 cull_mode=1028 front_face=2305 depth_test=1 depth_write=1 depth_func=515 bones=2 palettes=1 b0=1 b0_t=(0,0.0476579,0) bone_offset=0 shading=0 lit=1 recv_shadow=1 shadow_strength=0.35 light_dir=(-0.316241,-0.903545,-0.289134) ambient=0.18 intensity=1.2 tex=0 normal_tex=0 mr_tex=0 ds=1 mat=(0.35,0.75,1) metal=0 rough=0.45 ao=1 vtx=6 idx=12 v0_color=(0.35,0.75,1,1) v0_n=(0,0,1) v0_uv=(0,0) v0_w=(1,0,0,0) v0_j=(0,0,0,0)
[INFO] [DIAG-SkinDraw] depth=1 ortho=1 shadow_cull=1 instanced=0 inst_count=1 cull=0 cull_mode=1028 front_face=2305 depth_test=1 depth_write=1 depth_func=515 bones=2 palettes=1 b0=1 b0_t=(0,0.0476579,0) bone_offset=0 shading=0 lit=1 recv_shadow=1 shadow_strength=0.35 light_dir=(-0.316241,-0.903545,-0.289134) ambient=0.18 intensity=1.2 tex=0 normal_tex=0 mr_tex=0 ds=1 mat=(0.35,0.75,1) metal=0 rough=0.45 ao=1 vtx=6 idx=12 v0_color=(0.35,0.75,1,1) v0_n=(0,0,1) v0_uv=(0,0) v0_w=(1,0,0,0) v0_j=(0,0,0,0)
[INFO] [DIAG-SkinDraw] depth=1 ortho=1 shadow_cull=1 instanced=0 inst_count=1 cull=0 cull_mode=1028 front_face=2305 depth_test=1 depth_write=1 depth_func=515 bones=2 palettes=1 b0=1 b0_t=(0,0.0476579,0) bone_offset=0 shading=0 lit=1 recv_shadow=1 shadow_strength=0.35 light_dir=(-0.316241,-0.903545,-0.289134) ambient=0.18 intensity=1.2 tex=0 normal_tex=0 mr_tex=0 ds=1 mat=(0.35,0.75,1) metal=0 rough=0.45 ao=1 vtx=6 idx=12 v0_color=(0.35,0.75,1,1) v0_n=(0,0,1) v0_uv=(0,0) v0_w=(1,0,0,0) v0_j=(0,0,0,0)
[INFO] [DIAG-SkinDraw] depth=1 ortho=1 shadow_cull=1 instanced=0 inst_count=1 cull=0 cull_mode=1028 front_face=2305 depth_test=1 depth_write=1 depth_func=515 bones=2 palettes=1 b0=1 b0_t=(0,0.0476579,0) bone_offset=0 shading=0 lit=1 recv_shadow=1 shadow_strength=0.35 light_dir=(-0.316241,-0.903545,-0.289134) ambient=0.18 intensity=1.2 tex=0 normal_tex=0 mr_tex=0 ds=1 mat=(0.35,0.75,1) metal=0 rough=0.45 ao=1 vtx=6 idx=12 v0_color=(0.35,0.75,1,1) v0_n=(0,0,1) v0_uv=(0,0) v0_w=(1,0,0,0) v0_j=(0,0,0,0)
[INFO] [DIAG-SkinDraw] depth=0 ortho=0 shadow_cull=0 instanced=0 inst_count=1 cull=0 cull_mode=1028 front_face=2305 depth_test=1 depth_write=1 depth_func=515 bones=2 palettes=1 b0=1 b0_t=(0,0.0476579,0) bone_offset=0 shading=0 lit=1 recv_shadow=1 shadow_strength=0.35 light_dir=(-0.316241,-0.903545,-0.289134) ambient=0.18 intensity=1.2 tex=0 normal_tex=0 mr_tex=0 ds=1 mat=(0.35,0.75,1) metal=0 rough=0.45 ao=1 vtx=6 idx=12 v0_color=(0.35,0.75,1,1) v0_n=(0,0,1) v0_uv=(0,0) v0_w=(1,0,0,0) v0_j=(0,0,0,0)
[INFO] [DIAG-MeshSubmit] entity=4 path=animation/minimal_rig/two_bone.dmesh shared=1 vtx=6 idx=12 stride=20 shading=0 lit=1 recv_shadow=1 shadow_strength=0.35 light_dir=(-0.316241,-0.903545,-0.289134) ambient=0.18 intensity=1.2 tex=0 normal_tex=0 mr_tex=0 color=(0.35,0.75,1,1) mat=(0.35,0.75,1) metal=0 rough=0.45 ao=1 ds=1 v0_color=(0.35,0.75,1,1) v0_n=(0,0,1) v0_uv=(0,0) v0_w=(1,0,0,0) v0_j=(0,0,0,0) bones=2 palettes=1 b0=1 bone_t_min=(0,-1.43626,0) bone_t_max=(0,0.0542497,0.11894) bounds_min=(-1.525,-0.05,0) bounds_max=(-0.975,1.7625,0)
[INFO] [DIAG-SkinDraw] depth=1 ortho=0 shadow_cull=0 instanced=0 inst_count=1 cull=0 cull_mode=1028 front_face=2305 depth_test=1 depth_write=1 depth_func=515 bones=2 palettes=1 b0=1 b0_t=(0,0.0542497,0) bone_offset=0 shading=0 lit=1 recv_shadow=1 shadow_strength=0.35 light_dir=(-0.316241,-0.903545,-0.289134) ambient=0.18 intensity=1.2 tex=0 normal_tex=0 mr_tex=0 ds=1 mat=(0.35,0.75,1) metal=0 rough=0.45 ao=1 vtx=6 idx=12 v0_color=(0.35,0.75,1,1) v0_n=(0,0,1) v0_uv=(0,0) v0_w=(1,0,0,0) v0_j=(0,0,0,0)
[INFO] [DIAG-SkinDraw] depth=1 ortho=1 shadow_cull=1 instanced=0 inst_count=1 cull=0 cull_mode=1028 front_face=2305 depth_test=1 depth_write=1 depth_func=515 bones=2 palettes=1 b0=1 b0_t=(0,0.0542497,0) bone_offset=0 shading=0 lit=1 recv_shadow=1 shadow_strength=0.35 light_dir=(-0.316241,-0.903545,-0.289134) ambient=0.18 intensity=1.2 tex=0 normal_tex=0 mr_tex=0 ds=1 mat=(0.35,0.75,1) metal=0 rough=0.45 ao=1 vtx=6 idx=12 v0_color=(0.35,0.75,1,1) v0_n=(0,0,1) v0_uv=(0,0) v0_w=(1,0,0,0) v0_j=(0,0,0,0)
[INFO] [DIAG-SkinDraw] depth=1 ortho=1 shadow_cull=1 instanced=0 inst_count=1 cull=0 cull_mode=1028 front_face=2305 depth_test=1 depth_write=1 depth_func=515 bones=2 palettes=1 b0=1 b0_t=(0,0.0542497,0) bone_offset=0 shading=0 lit=1 recv_shadow=1 shadow_strength=0.35 light_dir=(-0.316241,-0.903545,-0.289134) ambient=0.18 intensity=1.2 tex=0 normal_tex=0 mr_tex=0 ds=1 mat=(0.35,0.75,1) metal=0 rough=0.45 ao=1 vtx=6 idx=12 v0_color=(0.35,0.75,1,1) v0_n=(0,0,1) v0_uv=(0,0) v0_w=(1,0,0,0) v0_j=(0,0,0,0)
[INFO] [DIAG-SkinDraw] depth=1 ortho=1 shadow_cull=1 instanced=0 inst_count=1 cull=0 cull_mode=1028 front_face=2305 depth_test=1 depth_write=1 depth_func=515 bones=2 palettes=1 b0=1 b0_t=(0,0.0542497,0) bone_offset=0 shading=0 lit=1 recv_shadow=1 shadow_strength=0.35 light_dir=(-0.316241,-0.903545,-0.289134) ambient=0.18 intensity=1.2 tex=0 normal_tex=0 mr_tex=0 ds=1 mat=(0.35,0.75,1) metal=0 rough=0.45 ao=1 vtx=6 idx=12 v0_color=(0.35,0.75,1,1) v0_n=(0,0,1) v0_uv=(0,0) v0_w=(1,0,0,0) v0_j=(0,0,0,0)
[INFO] [DIAG-SkinDraw] depth=0 ortho=0 shadow_cull=0 instanced=0 inst_count=1 cull=0 cull_mode=1028 front_face=2305 depth_test=1 depth_write=1 depth_func=515 bones=2 palettes=1 b0=1 b0_t=(0,0.0542497,0) bone_offset=0 shading=0 lit=1 recv_shadow=1 shadow_strength=0.35 light_dir=(-0.316241,-0.903545,-0.289134) ambient=0.18 intensity=1.2 tex=0 normal_tex=0 mr_tex=0 ds=1 mat=(0.35,0.75,1) metal=0 rough=0.45 ao=1 vtx=6 idx=12 v0_color=(0.35,0.75,1,1) v0_n=(0,0,1) v0_uv=(0,0) v0_w=(1,0,0,0) v0_j=(0,0,0,0)
[INFO] [DIAG-MeshSubmit] entity=4 path=animation/minimal_rig/two_bone.dmesh shared=1 vtx=6 idx=12 stride=20 shading=0 lit=1 recv_shadow=1 shadow_strength=0.35 light_dir=(-0.316241,-0.903545,-0.289134) ambient=0.18 intensity=1.2 tex=0 normal_tex=0 mr_tex=0 color=(0.35,0.75,1,1) mat=(0.35,0.75,1) metal=0 rough=0.45 ao=1 ds=1 v0_color=(0.35,0.75,1,1) v0_n=(0,0,1) v0_uv=(0,0) v0_w=(1,0,0,0) v0_j=(0,0,0,0) bones=2 palettes=1 b0=1 bone_t_min=(0,-1.42141,0) bone_t_max=(0,0.0609228,0.161837) bounds_min=(-1.525,-0.05,0) bounds_max=(-0.975,1.7625,0)
[INFO] [DIAG-SkinDraw] depth=1 ortho=0 shadow_cull=0 instanced=0 inst_count=1 cull=0 cull_mode=1028 front_face=2305 depth_test=1 depth_write=1 depth_func=515 bones=2 palettes=1 b0=1 b0_t=(0,0.0609228,0) bone_offset=0 shading=0 lit=1 recv_shadow=1 shadow_strength=0.35 light_dir=(-0.316241,-0.903545,-0.289134) ambient=0.18 intensity=1.2 tex=0 normal_tex=0 mr_tex=0 ds=1 mat=(0.35,0.75,1) metal=0 rough=0.45 ao=1 vtx=6 idx=12 v0_color=(0.35,0.75,1,1) v0_n=(0,0,1) v0_uv=(0,0) v0_w=(1,0,0,0) v0_j=(0,0,0,0)
[INFO] [DIAG-SkinDraw] depth=1 ortho=1 shadow_cull=1 instanced=0 inst_count=1 cull=0 cull_mode=1028 front_face=2305 depth_test=1 depth_write=1 depth_func=515 bones=2 palettes=1 b0=1 b0_t=(0,0.0609228,0) bone_offset=0 shading=0 lit=1 recv_shadow=1 shadow_strength=0.35 light_dir=(-0.316241,-0.903545,-0.289134) ambient=0.18 intensity=1.2 tex=0 normal_tex=0 mr_tex=0 ds=1 mat=(0.35,0.75,1) metal=0 rough=0.45 ao=1 vtx=6 idx=12 v0_color=(0.35,0.75,1,1) v0_n=(0,0,1) v0_uv=(0,0) v0_w=(1,0,0,0) v0_j=(0,0,0,0)
[INFO] [DIAG-SkinDraw] depth=1 ortho=1 shadow_cull=1 instanced=0 inst_count=1 cull=0 cull_mode=1028 front_face=2305 depth_test=1 depth_write=1 depth_func=515 bones=2 palettes=1 b0=1 b0_t=(0,0.0609228,0) bone_offset=0 shading=0 lit=1 recv_shadow=1 shadow_strength=0.35 light_dir=(-0.316241,-0.903545,-0.289134) ambient=0.18 intensity=1.2 tex=0 normal_tex=0 mr_tex=0 ds=1 mat=(0.35,0.75,1) metal=0 rough=0.45 ao=1 vtx=6 idx=12 v0_color=(0.35,0.75,1,1) v0_n=(0,0,1) v0_uv=(0,0) v0_w=(1,0,0,0) v0_j=(0,0,0,0)
[INFO] [DIAG-SkinDraw] depth=1 ortho=1 shadow_cull=1 instanced=0 inst_count=1 cull=0 cull_mode=1028 front_face=2305 depth_test=1 depth_write=1 depth_func=515 bones=2 palettes=1 b0=1 b0_t=(0,0.0609228,0) bone_offset=0 shading=0 lit=1 recv_shadow=1 shadow_strength=0.35 light_dir=(-0.316241,-0.903545,-0.289134) ambient=0.18 intensity=1.2 tex=0 normal_tex=0 mr_tex=0 ds=1 mat=(0.35,0.75,1) metal=0 rough=0.45 ao=1 vtx=6 idx=12 v0_color=(0.35,0.75,1,1) v0_n=(0,0,1) v0_uv=(0,0) v0_w=(1,0,0,0) v0_j=(0,0,0,0)
[INFO] [DIAG-SkinDraw] depth=0 ortho=0 shadow_cull=0 instanced=0 inst_count=1 cull=0 cull_mode=1028 front_face=2305 depth_test=1 depth_write=1 depth_func=515 bones=2 palettes=1 b0=1 b0_t=(0,0.0609228,0) bone_offset=0 shading=0 lit=1 recv_shadow=1 shadow_strength=0.35 light_dir=(-0.316241,-0.903545,-0.289134) ambient=0.18 intensity=1.2 tex=0 normal_tex=0 mr_tex=0 ds=1 mat=(0.35,0.75,1) metal=0 rough=0.45 ao=1 vtx=6 idx=12 v0_color=(0.35,0.75,1,1) v0_n=(0,0,1) v0_uv=(0,0) v0_w=(1,0,0,0) v0_j=(0,0,0,0)
[INFO] [DIAG-MeshSubmit] entity=4 path=animation/minimal_rig/two_bone.dmesh shared=1 vtx=6 idx=12 stride=20 shading=0 lit=1 recv_shadow=1 shadow_strength=0.35 light_dir=(-0.316241,-0.903545,-0.289134) ambient=0.18 intensity=1.2 tex=0 normal_tex=0 mr_tex=0 color=(0.35,0.75,1,1) mat=(0.35,0.75,1) metal=0 rough=0.45 ao=1 ds=1 v0_color=(0.35,0.75,1,1) v0_n=(0,0,1) v0_uv=(0,0) v0_w=(1,0,0,0) v0_j=(0,0,0,0) bones=2 palettes=1 b0=1 bone_t_min=(0,-1.40412,0) bone_t_max=(0,0.0675797,0.204083) bounds_min=(-1.525,-0.05,0) bounds_max=(-0.975,1.7625,0)
[INFO] [DIAG-SkinDraw] depth=1 ortho=0 shadow_cull=0 instanced=0 inst_count=1 cull=0 cull_mode=1028 front_face=2305 depth_test=1 depth_write=1 depth_func=515 bones=2 palettes=1 b0=1 b0_t=(0,0.0675797,0) bone_offset=0 shading=0 lit=1 recv_shadow=1 shadow_strength=0.35 light_dir=(-0.316241,-0.903545,-0.289134) ambient=0.18 intensity=1.2 tex=0 normal_tex=0 mr_tex=0 ds=1 mat=(0.35,0.75,1) metal=0 rough=0.45 ao=1 vtx=6 idx=12 v0_color=(0.35,0.75,1,1) v0_n=(0,0,1) v0_uv=(0,0) v0_w=(1,0,0,0) v0_j=(0,0,0,0)
[INFO] [DIAG-SkinDraw] depth=1 ortho=1 shadow_cull=1 instanced=0 inst_count=1 cull=0 cull_mode=1028 front_face=2305 depth_test=1 depth_write=1 depth_func=515 bones=2 palettes=1 b0=1 b0_t=(0,0.0675797,0) bone_offset=0 shading=0 lit=1 recv_shadow=1 shadow_strength=0.35 light_dir=(-0.316241,-0.903545,-0.289134) ambient=0.18 intensity=1.2 tex=0 normal_tex=0 mr_tex=0 ds=1 mat=(0.35,0.75,1) metal=0 rough=0.45 ao=1 vtx=6 idx=12 v0_color=(0.35,0.75,1,1) v0_n=(0,0,1) v0_uv=(0,0) v0_w=(1,0,0,0) v0_j=(0,0,0,0)
[INFO] [DIAG-SkinDraw] depth=1 ortho=1 shadow_cull=1 instanced=0 inst_count=1 cull=0 cull_mode=1028 front_face=2305 depth_test=1 depth_write=1 depth_func=515 bones=2 palettes=1 b0=1 b0_t=(0,0.0675797,0) bone_offset=0 shading=0 lit=1 recv_shadow=1 shadow_strength=0.35 light_dir=(-0.316241,-0.903545,-0.289134) ambient=0.18 intensity=1.2 tex=0 normal_tex=0 mr_tex=0 ds=1 mat=(0.35,0.75,1) metal=0 rough=0.45 ao=1 vtx=6 idx=12 v0_color=(0.35,0.75,1,1) v0_n=(0,0,1) v0_uv=(0,0) v0_w=(1,0,0,0) v0_j=(0,0,0,0)
[INFO] [DIAG-SkinDraw] depth=1 ortho=1 shadow_cull=1 instanced=0 inst_count=1 cull=0 cull_mode=1028 front_face=2305 depth_test=1 depth_write=1 depth_func=515 bones=2 palettes=1 b0=1 b0_t=(0,0.0675797,0) bone_offset=0 shading=0 lit=1 recv_shadow=1 shadow_strength=0.35 light_dir=(-0.316241,-0.903545,-0.289134) ambient=0.18 intensity=1.2 tex=0 normal_tex=0 mr_tex=0 ds=1 mat=(0.35,0.75,1) metal=0 rough=0.45 ao=1 vtx=6 idx=12 v0_color=(0.35,0.75,1,1) v0_n=(0,0,1) v0_uv=(0,0) v0_w=(1,0,0,0) v0_j=(0,0,0,0)
[INFO] [DIAG-SkinDraw] depth=0 ortho=0 shadow_cull=0 instanced=0 inst_count=1 cull=0 cull_mode=1028 front_face=2305 depth_test=1 depth_write=1 depth_func=515 bones=2 palettes=1 b0=1 b0_t=(0,0.0675797,0) bone_offset=0 shading=0 lit=1 recv_shadow=1 shadow_strength=0.35 light_dir=(-0.316241,-0.903545,-0.289134) ambient=0.18 intensity=1.2 tex=0 normal_tex=0 mr_tex=0 ds=1 mat=(0.35,0.75,1) metal=0 rough=0.45 ao=1 vtx=6 idx=12 v0_color=(0.35,0.75,1,1) v0_n=(0,0,1) v0_uv=(0,0) v0_w=(1,0,0,0) v0_j=(0,0,0,0)
[INFO] [DIAG-MeshSubmit] entity=4 path=animation/minimal_rig/two_bone.dmesh shared=1 vtx=6 idx=12 stride=20 shading=0 lit=1 recv_shadow=1 shadow_strength=0.35 light_dir=(-0.316241,-0.903545,-0.289134) ambient=0.18 intensity=1.2 tex=0 normal_tex=0 mr_tex=0 color=(0.35,0.75,1,1) mat=(0.35,0.75,1) metal=0 rough=0.45 ao=1 ds=1 v0_color=(0.35,0.75,1,1) v0_n=(0,0,1) v0_uv=(0,0) v0_w=(1,0,0,0) v0_j=(0,0,0,0) bones=2 palettes=1 b0=1 bone_t_min=(0,-1.38419,0) bone_t_max=(0,0.0743018,0.246043) bounds_min=(-1.525,-0.05,0) bounds_max=(-0.975,1.7625,0)
[INFO] [DIAG-SkinDraw] depth=1 ortho=0 shadow_cull=0 instanced=0 inst_count=1 cull=0 cull_mode=1028 front_face=2305 depth_test=1 depth_write=1 depth_func=515 bones=2 palettes=1 b0=1 b0_t=(0,0.0743018,0) bone_offset=0 shading=0 lit=1 recv_shadow=1 shadow_strength=0.35 light_dir=(-0.316241,-0.903545,-0.289134) ambient=0.18 intensity=1.2 tex=0 normal_tex=0 mr_tex=0 ds=1 mat=(0.35,0.75,1) metal=0 rough=0.45 ao=1 vtx=6 idx=12 v0_color=(0.35,0.75,1,1) v0_n=(0,0,1) v0_uv=(0,0) v0_w=(1,0,0,0) v0_j=(0,0,0,0)
[INFO] [DIAG-SkinDraw] depth=1 ortho=1 shadow_cull=1 instanced=0 inst_count=1 cull=0 cull_mode=1028 front_face=2305 depth_test=1 depth_write=1 depth_func=515 bones=2 palettes=1 b0=1 b0_t=(0,0.0743018,0) bone_offset=0 shading=0 lit=1 recv_shadow=1 shadow_strength=0.35 light_dir=(-0.316241,-0.903545,-0.289134) ambient=0.18 intensity=1.2 tex=0 normal_tex=0 mr_tex=0 ds=1 mat=(0.35,0.75,1) metal=0 rough=0.45 ao=1 vtx=6 idx=12 v0_color=(0.35,0.75,1,1) v0_n=(0,0,1) v0_uv=(0,0) v0_w=(1,0,0,0) v0_j=(0,0,0,0)
[INFO] [DIAG-SkinDraw] depth=1 ortho=1 shadow_cull=1 instanced=0 inst_count=1 cull=0 cull_mode=1028 front_face=2305 depth_test=1 depth_write=1 depth_func=515 bones=2 palettes=1 b0=1 b0_t=(0,0.0743018,0) bone_offset=0 shading=0 lit=1 recv_shadow=1 shadow_strength=0.35 light_dir=(-0.316241,-0.903545,-0.289134) ambient=0.18 intensity=1.2 tex=0 normal_tex=0 mr_tex=0 ds=1 mat=(0.35,0.75,1) metal=0 rough=0.45 ao=1 vtx=6 idx=12 v0_color=(0.35,0.75,1,1) v0_n=(0,0,1) v0_uv=(0,0) v0_w=(1,0,0,0) v0_j=(0,0,0,0)
[INFO] [DIAG-SkinDraw] depth=1 ortho=1 shadow_cull=1 instanced=0 inst_count=1 cull=0 cull_mode=1028 front_face=2305 depth_test=1 depth_write=1 depth_func=515 bones=2 palettes=1 b0=1 b0_t=(0,0.0743018,0) bone_offset=0 shading=0 lit=1 recv_shadow=1 shadow_strength=0.35 light_dir=(-0.316241,-0.903545,-0.289134) ambient=0.18 intensity=1.2 tex=0 normal_tex=0 mr_tex=0 ds=1 mat=(0.35,0.75,1) metal=0 rough=0.45 ao=1 vtx=6 idx=12 v0_color=(0.35,0.75,1,1) v0_n=(0,0,1) v0_uv=(0,0) v0_w=(1,0,0,0) v0_j=(0,0,0,0)
[INFO] [DIAG-SkinDraw] depth=0 ortho=0 shadow_cull=0 instanced=0 inst_count=1 cull=0 cull_mode=1028 front_face=2305 depth_test=1 depth_write=1 depth_func=515 bones=2 palettes=1 b0=1 b0_t=(0,0.0743018,0) bone_offset=0 shading=0 lit=1 recv_shadow=1 shadow_strength=0.35 light_dir=(-0.316241,-0.903545,-0.289134) ambient=0.18 intensity=1.2 tex=0 normal_tex=0 mr_tex=0 ds=1 mat=(0.35,0.75,1) metal=0 rough=0.45 ao=1 vtx=6 idx=12 v0_color=(0.35,0.75,1,1) v0_n=(0,0,1) v0_uv=(0,0) v0_w=(1,0,0,0) v0_j=(0,0,0,0)
[INFO] [DIAG-MeshSubmit] entity=4 path=animation/minimal_rig/two_bone.dmesh shared=1 vtx=6 idx=12 stride=20 shading=0 lit=1 recv_shadow=1 shadow_strength=0.35 light_dir=(-0.316241,-0.903545,-0.289134) ambient=0.18 intensity=1.2 tex=0 normal_tex=0 mr_tex=0 color=(0.35,0.75,1,1) mat=(0.35,0.75,1) metal=0 rough=0.45 ao=1 ds=1 v0_color=(0.35,0.75,1,1) v0_n=(0,0,1) v0_uv=(0,0) v0_w=(1,0,0,0) v0_j=(0,0,0,0) bones=2 palettes=1 b0=1 bone_t_min=(0,-1.37545,0) bone_t_max=(0,0.077015,0.262747) bounds_min=(-1.525,-0.05,0) bounds_max=(-0.975,1.7625,0)
[INFO] [DIAG-SkinDraw] depth=1 ortho=0 shadow_cull=0 instanced=0 inst_count=1 cull=0 cull_mode=1028 front_face=2305 depth_test=1 depth_write=1 depth_func=515 bones=2 palettes=1 b0=1 b0_t=(0,0.077015,0) bone_offset=0 shading=0 lit=1 recv_shadow=1 shadow_strength=0.35 light_dir=(-0.316241,-0.903545,-0.289134) ambient=0.18 intensity=1.2 tex=0 normal_tex=0 mr_tex=0 ds=1 mat=(0.35,0.75,1) metal=0 rough=0.45 ao=1 vtx=6 idx=12 v0_color=(0.35,0.75,1,1) v0_n=(0,0,1) v0_uv=(0,0) v0_w=(1,0,0,0) v0_j=(0,0,0,0)
[INFO] [DIAG-SkinDraw] depth=1 ortho=1 shadow_cull=1 instanced=0 inst_count=1 cull=0 cull_mode=1028 front_face=2305 depth_test=1 depth_write=1 depth_func=515 bones=2 palettes=1 b0=1 b0_t=(0,0.077015,0) bone_offset=0 shading=0 lit=1 recv_shadow=1 shadow_strength=0.35 light_dir=(-0.316241,-0.903545,-0.289134) ambient=0.18 intensity=1.2 tex=0 normal_tex=0 mr_tex=0 ds=1 mat=(0.35,0.75,1) metal=0 rough=0.45 ao=1 vtx=6 idx=12 v0_color=(0.35,0.75,1,1) v0_n=(0,0,1) v0_uv=(0,0) v0_w=(1,0,0,0) v0_j=(0,0,0,0)
[INFO] [DIAG-SkinDraw] depth=1 ortho=1 shadow_cull=1 instanced=0 inst_count=1 cull=0 cull_mode=1028 front_face=2305 depth_test=1 depth_write=1 depth_func=515 bones=2 palettes=1 b0=1 b0_t=(0,0.077015,0) bone_offset=0 shading=0 lit=1 recv_shadow=1 shadow_strength=0.35 light_dir=(-0.316241,-0.903545,-0.289134) ambient=0.18 intensity=1.2 tex=0 normal_tex=0 mr_tex=0 ds=1 mat=(0.35,0.75,1) metal=0 rough=0.45 ao=1 vtx=6 idx=12 v0_color=(0.35,0.75,1,1) v0_n=(0,0,1) v0_uv=(0,0) v0_w=(1,0,0,0) v0_j=(0,0,0,0)
[INFO] [DIAG-SkinDraw] depth=1 ortho=1 shadow_cull=1 instanced=0 inst_count=1 cull=0 cull_mode=1028 front_face=2305 depth_test=1 depth_write=1 depth_func=515 bones=2 palettes=1 b0=1 b0_t=(0,0.077015,0) bone_offset=0 shading=0 lit=1 recv_shadow=1 shadow_strength=0.35 light_dir=(-0.316241,-0.903545,-0.289134) ambient=0.18 intensity=1.2 tex=0 normal_tex=0 mr_tex=0 ds=1 mat=(0.35,0.75,1) metal=0 rough=0.45 ao=1 vtx=6 idx=12 v0_color=(0.35,0.75,1,1) v0_n=(0,0,1) v0_uv=(0,0) v0_w=(1,0,0,0) v0_j=(0,0,0,0)
[INFO] [DIAG-SkinDraw] depth=0 ortho=0 shadow_cull=0 instanced=0 inst_count=1 cull=0 cull_mode=1028 front_face=2305 depth_test=1 depth_write=1 depth_func=515 bones=2 palettes=1 b0=1 b0_t=(0,0.077015,0) bone_offset=0 shading=0 lit=1 recv_shadow=1 shadow_strength=0.35 light_dir=(-0.316241,-0.903545,-0.289134) ambient=0.18 intensity=1.2 tex=0 normal_tex=0 mr_tex=0 ds=1 mat=(0.35,0.75,1) metal=0 rough=0.45 ao=1 vtx=6 idx=12 v0_color=(0.35,0.75,1,1) v0_n=(0,0,1) v0_uv=(0,0) v0_w=(1,0,0,0) v0_j=(0,0,0,0)
[INFO] [DIAG-MeshSubmit] entity=4 path=animation/minimal_rig/two_bone.dmesh shared=1 vtx=6 idx=12 stride=20 shading=0 lit=1 recv_shadow=1 shadow_strength=0.35 light_dir=(-0.316241,-0.903545,-0.289134) ambient=0.18 intensity=1.2 tex=0 normal_tex=0 mr_tex=0 color=(0.35,0.75,1,1) mat=(0.35,0.75,1) metal=0 rough=0.45 ao=1 ds=1 v0_color=(0.35,0.75,1,1) v0_n=(0,0,1) v0_uv=(0,0) v0_w=(1,0,0,0) v0_j=(0,0,0,0) bones=2 palettes=1 b0=1 bone_t_min=(0,-1.40293,0) bone_t_max=(0,0.0680062,0.206767) bounds_min=(-1.525,-0.05,0) bounds_max=(-0.975,1.7625,0)
[INFO] [DIAG-SkinDraw] depth=1 ortho=0 shadow_cull=0 instanced=0 inst_count=1 cull=0 cull_mode=1028 front_face=2305 depth_test=1 depth_write=1 depth_func=515 bones=2 palettes=1 b0=1 b0_t=(0,0.0680062,0) bone_offset=0 shading=0 lit=1 recv_shadow=1 shadow_strength=0.35 light_dir=(-0.316241,-0.903545,-0.289134) ambient=0.18 intensity=1.2 tex=0 normal_tex=0 mr_tex=0 ds=1 mat=(0.35,0.75,1) metal=0 rough=0.45 ao=1 vtx=6 idx=12 v0_color=(0.35,0.75,1,1) v0_n=(0,0,1) v0_uv=(0,0) v0_w=(1,0,0,0) v0_j=(0,0,0,0)
[INFO] [DIAG-SkinDraw] depth=1 ortho=1 shadow_cull=1 instanced=0 inst_count=1 cull=0 cull_mode=1028 front_face=2305 depth_test=1 depth_write=1 depth_func=515 bones=2 palettes=1 b0=1 b0_t=(0,0.0680062,0) bone_offset=0 shading=0 lit=1 recv_shadow=1 shadow_strength=0.35 light_dir=(-0.316241,-0.903545,-0.289134) ambient=0.18 intensity=1.2 tex=0 normal_tex=0 mr_tex=0 ds=1 mat=(0.35,0.75,1) metal=0 rough=0.45 ao=1 vtx=6 idx=12 v0_color=(0.35,0.75,1,1) v0_n=(0,0,1) v0_uv=(0,0) v0_w=(1,0,0,0) v0_j=(0,0,0,0)
[INFO] [DIAG-SkinDraw] depth=1 ortho=1 shadow_cull=1 instanced=0 inst_count=1 cull=0 cull_mode=1028 front_face=2305 depth_test=1 depth_write=1 depth_func=515 bones=2 palettes=1 b0=1 b0_t=(0,0.0680062,0) bone_offset=0 shading=0 lit=1 recv_shadow=1 shadow_strength=0.35 light_dir=(-0.316241,-0.903545,-0.289134) ambient=0.18 intensity=1.2 tex=0 normal_tex=0 mr_tex=0 ds=1 mat=(0.35,0.75,1) metal=0 rough=0.45 ao=1 vtx=6 idx=12 v0_color=(0.35,0.75,1,1) v0_n=(0,0,1) v0_uv=(0,0) v0_w=(1,0,0,0) v0_j=(0,0,0,0)
[INFO] [DIAG-SkinDraw] depth=1 ortho=1 shadow_cull=1 instanced=0 inst_count=1 cull=0 cull_mode=1028 front_face=2305 depth_test=1 depth_write=1 depth_func=515 bones=2 palettes=1 b0=1 b0_t=(0,0.0680062,0) bone_offset=0 shading=0 lit=1 recv_shadow=1 shadow_strength=0.35 light_dir=(-0.316241,-0.903545,-0.289134) ambient=0.18 intensity=1.2 tex=0 normal_tex=0 mr_tex=0 ds=1 mat=(0.35,0.75,1) metal=0 rough=0.45 ao=1 vtx=6 idx=12 v0_color=(0.35,0.75,1,1) v0_n=(0,0,1) v0_uv=(0,0) v0_w=(1,0,0,0) v0_j=(0,0,0,0)
[INFO] [DIAG-SkinDraw] depth=0 ortho=0 shadow_cull=0 instanced=0 inst_count=1 cull=0 cull_mode=1028 front_face=2305 depth_test=1 depth_write=1 depth_func=515 bones=2 palettes=1 b0=1 b0_t=(0,0.0680062,0) bone_offset=0 shading=0 lit=1 recv_shadow=1 shadow_strength=0.35 light_dir=(-0.316241,-0.903545,-0.289134) ambient=0.18 intensity=1.2 tex=0 normal_tex=0 mr_tex=0 ds=1 mat=(0.35,0.75,1) metal=0 rough=0.45 ao=1 vtx=6 idx=12 v0_color=(0.35,0.75,1,1) v0_n=(0,0,1) v0_uv=(0,0) v0_w=(1,0,0,0) v0_j=(0,0,0,0)
[INFO] [DIAG-MeshSubmit] entity=4 path=animation/minimal_rig/two_bone.dmesh shared=1 vtx=6 idx=12 stride=20 shading=0 lit=1 recv_shadow=1 shadow_strength=0.35 light_dir=(-0.316241,-0.903545,-0.289134) ambient=0.18 intensity=1.2 tex=0 normal_tex=0 mr_tex=0 color=(0.35,0.75,1,1) mat=(0.35,0.75,1) metal=0 rough=0.45 ao=1 ds=1 v0_color=(0.35,0.75,1,1) v0_n=(0,0,1) v0_uv=(0,0) v0_w=(1,0,0,0) v0_j=(0,0,0,0) bones=2 palettes=1 b0=1 bone_t_min=(0,-1.42572,0) bone_t_max=(0,0.0590951,0.150136) bounds_min=(-1.525,-0.05,0) bounds_max=(-0.975,1.7625,0)
[INFO] [DIAG-SkinDraw] depth=1 ortho=0 shadow_cull=0 instanced=0 inst_count=1 cull=0 cull_mode=1028 front_face=2305 depth_test=1 depth_write=1 depth_func=515 bones=2 palettes=1 b0=1 b0_t=(0,0.0590951,0) bone_offset=0 shading=0 lit=1 recv_shadow=1 shadow_strength=0.35 light_dir=(-0.316241,-0.903545,-0.289134) ambient=0.18 intensity=1.2 tex=0 normal_tex=0 mr_tex=0 ds=1 mat=(0.35,0.75,1) metal=0 rough=0.45 ao=1 vtx=6 idx=12 v0_color=(0.35,0.75,1,1) v0_n=(0,0,1) v0_uv=(0,0) v0_w=(1,0,0,0) v0_j=(0,0,0,0)
[INFO] [DIAG-SkinDraw] depth=1 ortho=1 shadow_cull=1 instanced=0 inst_count=1 cull=0 cull_mode=1028 front_face=2305 depth_test=1 depth_write=1 depth_func=515 bones=2 palettes=1 b0=1 b0_t=(0,0.0590951,0) bone_offset=0 shading=0 lit=1 recv_shadow=1 shadow_strength=0.35 light_dir=(-0.316241,-0.903545,-0.289134) ambient=0.18 intensity=1.2 tex=0 normal_tex=0 mr_tex=0 ds=1 mat=(0.35,0.75,1) metal=0 rough=0.45 ao=1 vtx=6 idx=12 v0_color=(0.35,0.75,1,1) v0_n=(0,0,1) v0_uv=(0,0) v0_w=(1,0,0,0) v0_j=(0,0,0,0)
[INFO] [DIAG-SkinDraw] depth=1 ortho=1 shadow_cull=1 instanced=0 inst_count=1 cull=0 cull_mode=1028 front_face=2305 depth_test=1 depth_write=1 depth_func=515 bones=2 palettes=1 b0=1 b0_t=(0,0.0590951,0) bone_offset=0 shading=0 lit=1 recv_shadow=1 shadow_strength=0.35 light_dir=(-0.316241,-0.903545,-0.289134) ambient=0.18 intensity=1.2 tex=0 normal_tex=0 mr_tex=0 ds=1 mat=(0.35,0.75,1) metal=0 rough=0.45 ao=1 vtx=6 idx=12 v0_color=(0.35,0.75,1,1) v0_n=(0,0,1) v0_uv=(0,0) v0_w=(1,0,0,0) v0_j=(0,0,0,0)
[INFO] [DIAG-SkinDraw] depth=1 ortho=1 shadow_cull=1 instanced=0 inst_count=1 cull=0 cull_mode=1028 front_face=2305 depth_test=1 depth_write=1 depth_func=515 bones=2 palettes=1 b0=1 b0_t=(0,0.0590951,0) bone_offset=0 shading=0 lit=1 recv_shadow=1 shadow_strength=0.35 light_dir=(-0.316241,-0.903545,-0.289134) ambient=0.18 intensity=1.2 tex=0 normal_tex=0 mr_tex=0 ds=1 mat=(0.35,0.75,1) metal=0 rough=0.45 ao=1 vtx=6 idx=12 v0_color=(0.35,0.75,1,1) v0_n=(0,0,1) v0_uv=(0,0) v0_w=(1,0,0,0) v0_j=(0,0,0,0)
[INFO] [DIAG-SkinDraw] depth=0 ortho=0 shadow_cull=0 instanced=0 inst_count=1 cull=0 cull_mode=1028 front_face=2305 depth_test=1 depth_write=1 depth_func=515 bones=2 palettes=1 b0=1 b0_t=(0,0.0590951,0) bone_offset=0 shading=0 lit=1 recv_shadow=1 shadow_strength=0.35 light_dir=(-0.316241,-0.903545,-0.289134) ambient=0.18 intensity=1.2 tex=0 normal_tex=0 mr_tex=0 ds=1 mat=(0.35,0.75,1) metal=0 rough=0.45 ao=1 vtx=6 idx=12 v0_color=(0.35,0.75,1,1) v0_n=(0,0,1) v0_uv=(0,0) v0_w=(1,0,0,0) v0_j=(0,0,0,0)
[INFO] [DIAG-MeshSubmit] entity=4 path=animation/minimal_rig/two_bone.dmesh shared=1 vtx=6 idx=12 stride=20 shading=0 lit=1 recv_shadow=1 shadow_strength=0.35 light_dir=(-0.316241,-0.903545,-0.289134) ambient=0.18 intensity=1.2 tex=0 normal_tex=0 mr_tex=0 color=(0.35,0.75,1,1) mat=(0.35,0.75,1) metal=0 rough=0.45 ao=1 ds=1 v0_color=(0.35,0.75,1,1) v0_n=(0,0,1) v0_uv=(0,0) v0_w=(1,0,0,0) v0_j=(0,0,0,0) bones=2 palettes=1 b0=1 bone_t_min=(0,-1.44386,0) bone_t_max=(0,0.050306,0.0933895) bounds_min=(-1.525,-0.05,0) bounds_max=(-0.975,1.7625,0)
[INFO] [DIAG-SkinDraw] depth=1 ortho=0 shadow_cull=0 instanced=0 inst_count=1 cull=0 cull_mode=1028 front_face=2305 depth_test=1 depth_write=1 depth_func=515 bones=2 palettes=1 b0=1 b0_t=(0,0.050306,0) bone_offset=0 shading=0 lit=1 recv_shadow=1 shadow_strength=0.35 light_dir=(-0.316241,-0.903545,-0.289134) ambient=0.18 intensity=1.2 tex=0 normal_tex=0 mr_tex=0 ds=1 mat=(0.35,0.75,1) metal=0 rough=0.45 ao=1 vtx=6 idx=12 v0_color=(0.35,0.75,1,1) v0_n=(0,0,1) v0_uv=(0,0) v0_w=(1,0,0,0) v0_j=(0,0,0,0)
[INFO] [DIAG-SkinDraw] depth=1 ortho=1 shadow_cull=1 instanced=0 inst_count=1 cull=0 cull_mode=1028 front_face=2305 depth_test=1 depth_write=1 depth_func=515 bones=2 palettes=1 b0=1 b0_t=(0,0.050306,0) bone_offset=0 shading=0 lit=1 recv_shadow=1 shadow_strength=0.35 light_dir=(-0.316241,-0.903545,-0.289134) ambient=0.18 intensity=1.2 tex=0 normal_tex=0 mr_tex=0 ds=1 mat=(0.35,0.75,1) metal=0 rough=0.45 ao=1 vtx=6 idx=12 v0_color=(0.35,0.75,1,1) v0_n=(0,0,1) v0_uv=(0,0) v0_w=(1,0,0,0) v0_j=(0,0,0,0)
[INFO] [DIAG-SkinDraw] depth=1 ortho=1 shadow_cull=1 instanced=0 inst_count=1 cull=0 cull_mode=1028 front_face=2305 depth_test=1 depth_write=1 depth_func=515 bones=2 palettes=1 b0=1 b0_t=(0,0.050306,0) bone_offset=0 shading=0 lit=1 recv_shadow=1 shadow_strength=0.35 light_dir=(-0.316241,-0.903545,-0.289134) ambient=0.18 intensity=1.2 tex=0 normal_tex=0 mr_tex=0 ds=1 mat=(0.35,0.75,1) metal=0 rough=0.45 ao=1 vtx=6 idx=12 v0_color=(0.35,0.75,1,1) v0_n=(0,0,1) v0_uv=(0,0) v0_w=(1,0,0,0) v0_j=(0,0,0,0)
[INFO] [DIAG-SkinDraw] depth=1 ortho=1 shadow_cull=1 instanced=0 inst_count=1 cull=0 cull_mode=1028 front_face=2305 depth_test=1 depth_write=1 depth_func=515 bones=2 palettes=1 b0=1 b0_t=(0,0.050306,0) bone_offset=0 shading=0 lit=1 recv_shadow=1 shadow_strength=0.35 light_dir=(-0.316241,-0.903545,-0.289134) ambient=0.18 intensity=1.2 tex=0 normal_tex=0 mr_tex=0 ds=1 mat=(0.35,0.75,1) metal=0 rough=0.45 ao=1 vtx=6 idx=12 v0_color=(0.35,0.75,1,1) v0_n=(0,0,1) v0_uv=(0,0) v0_w=(1,0,0,0) v0_j=(0,0,0,0)
[INFO] [DIAG-SkinDraw] depth=0 ortho=0 shadow_cull=0 instanced=0 inst_count=1 cull=0 cull_mode=1028 front_face=2305 depth_test=1 depth_write=1 depth_func=515 bones=2 palettes=1 b0=1 b0_t=(0,0.050306,0) bone_offset=0 shading=0 lit=1 recv_shadow=1 shadow_strength=0.35 light_dir=(-0.316241,-0.903545,-0.289134) ambient=0.18 intensity=1.2 tex=0 normal_tex=0 mr_tex=0 ds=1 mat=(0.35,0.75,1) metal=0 rough=0.45 ao=1 vtx=6 idx=12 v0_color=(0.35,0.75,1,1) v0_n=(0,0,1) v0_uv=(0,0) v0_w=(1,0,0,0) v0_j=(0,0,0,0)
[INFO] [DIAG-MeshSubmit] entity=4 path=animation/minimal_rig/two_bone.dmesh shared=1 vtx=6 idx=12 stride=20 shading=0 lit=1 recv_shadow=1 shadow_strength=0.35 light_dir=(-0.316241,-0.903545,-0.289134) ambient=0.18 intensity=1.2 tex=0 normal_tex=0 mr_tex=0 color=(0.35,0.75,1,1) mat=(0.35,0.75,1) metal=0 rough=0.45 ao=1 ds=1 v0_color=(0.35,0.75,1,1) v0_n=(0,0,1) v0_uv=(0,0) v0_w=(1,0,0,0) v0_j=(0,0,0,0) bones=2 palettes=1 b0=1 bone_t_min=(0,-1.45477,0) bone_t_max=(0,0.043584,0.0496008) bounds_min=(-1.525,-0.05,0) bounds_max=(-0.975,1.7625,0)
[INFO] [DIAG-MeshSubmit] entity=4 path=animation/minimal_rig/two_bone.dmesh shared=1 vtx=6 idx=12 stride=20 shading=0 lit=1 recv_shadow=1 shadow_strength=0.35 light_dir=(-0.316241,-0.903545,-0.289134) ambient=0.18 intensity=1.2 tex=0 normal_tex=0 mr_tex=0 color=(0.35,0.75,1,1) mat=(0.35,0.75,1) metal=0 rough=0.45 ao=1 ds=1 v0_color=(0.35,0.75,1,1) v0_n=(0,0,1) v0_uv=(0,0) v0_w=(1,0,0,0) v0_j=(0,0,0,0) bones=2 palettes=1 b0=1 bone_t_min=(0,-1.46304,0) bone_t_max=(0,0.0369352,0.00612098) bounds_min=(-1.525,-0.05,0) bounds_max=(-0.975,1.7625,0)
[INFO] [DIAG-MeshSubmit] entity=4 path=animation/minimal_rig/two_bone.dmesh shared=1 vtx=6 idx=12 stride=20 shading=0 lit=1 recv_shadow=1 shadow_strength=0.35 light_dir=(-0.316241,-0.903545,-0.289134) ambient=0.18 intensity=1.2 tex=0 normal_tex=0 mr_tex=0 color=(0.35,0.75,1,1) mat=(0.35,0.75,1) metal=0 rough=0.45 ao=1 ds=1 v0_color=(0.35,0.75,1,1) v0_n=(0,0,1) v0_uv=(0,0) v0_w=(1,0,0,0) v0_j=(0,0,0,0) bones=2 palettes=1 b0=1 bone_t_min=(0,-1.46878,-0.0373795) bone_t_max=(0,0.0302865,0) bounds_min=(-1.525,-0.05,0) bounds_max=(-0.975,1.7625,0)
[3D][Animation] runtime: animator_state_api real_animation_resource get_animator_3d_state=true state=idle normalized_time=0.81 clip_time=0.97 speed=1.00 loop=true transitioning=false final_bones=2 has_skeleton=true mesh_state=idle mesh_final_bones=2 mesh_has_skeleton=true mesh_norm=0.81 mesh_clip=0.97
[INFO] [DIAG-MeshSubmit] entity=4 path=animation/minimal_rig/two_bone.dmesh shared=1 vtx=6 idx=12 stride=20 shading=0 lit=1 recv_shadow=1 shadow_strength=0.35 light_dir=(-0.316241,-0.903545,-0.289134) ambient=0.18 intensity=1.2 tex=0 normal_tex=0 mr_tex=0 color=(0.35,0.75,1,1) mat=(0.35,0.75,1) metal=0 rough=0.45 ao=1 ds=1 v0_color=(0.35,0.75,1,1) v0_n=(0,0,1) v0_uv=(0,0) v0_w=(1,0,0,0) v0_j=(0,0,0,0) bones=2 palettes=1 b0=1 bone_t_min=(0,-1.47201,-0.080913) bone_t_max=(0,0.0236133,0) bounds_min=(-1.525,-0.05,0) bounds_max=(-0.975,1.7625,0)
[INFO] [DIAG-MeshSubmit] entity=4 path=animation/minimal_rig/two_bone.dmesh shared=1 vtx=6 idx=12 stride=20 shading=0 lit=1 recv_shadow=1 shadow_strength=0.35 light_dir=(-0.316241,-0.903545,-0.289134) ambient=0.18 intensity=1.2 tex=0 normal_tex=0 mr_tex=0 color=(0.35,0.75,1,1) mat=(0.35,0.75,1) metal=0 rough=0.45 ao=1 ds=1 v0_color=(0.35,0.75,1,1) v0_n=(0,0,1) v0_uv=(0,0) v0_w=(1,0,0,0) v0_j=(0,0,0,0) bones=2 palettes=1 b0=1 bone_t_min=(0,-1.47276,-0.110495) bone_t_max=(0,0.019056,0) bounds_min=(-1.525,-0.05,0) bounds_max=(-0.975,1.7625,0)
[INFO] [DIAG-MeshSubmit] entity=4 path=animation/minimal_rig/two_bone.dmesh shared=1 vtx=6 idx=12 stride=20 shading=0 lit=1 recv_shadow=1 shadow_strength=0.35 light_dir=(-0.316241,-0.903545,-0.289134) ambient=0.18 intensity=1.2 tex=0 normal_tex=0 mr_tex=0 color=(0.35,0.75,1,1) mat=(0.35,0.75,1) metal=0 rough=0.45 ao=1 ds=1 v0_color=(0.35,0.75,1,1) v0_n=(0,0,1) v0_uv=(0,0) v0_w=(1,0,0,0) v0_j=(0,0,0,0) bones=2 palettes=1 b0=1 bone_t_min=(0,-1.47176,-0.153221) bone_t_max=(0,0.0124235,0) bounds_min=(-1.525,-0.05,0) bounds_max=(-0.975,1.7625,0)
[INFO] [DIAG-MeshSubmit] entity=4 path=animation/minimal_rig/two_bone.dmesh shared=1 vtx=6 idx=12 stride=20 shading=0 lit=1 recv_shadow=1 shadow_strength=0.35 light_dir=(-0.316241,-0.903545,-0.289134) ambient=0.18 intensity=1.2 tex=0 normal_tex=0 mr_tex=0 color=(0.35,0.75,1,1) mat=(0.35,0.75,1) metal=0 rough=0.45 ao=1 ds=1 v0_color=(0.35,0.75,1,1) v0_n=(0,0,1) v0_uv=(0,0) v0_w=(1,0,0,0) v0_j=(0,0,0,0) bones=2 palettes=1 b0=1 bone_t_min=(0,-1.46825,-0.195846) bone_t_max=(0,0.00572592,0) bounds_min=(-1.525,-0.05,0) bounds_max=(-0.975,1.7625,0)
[INFO] [DIAG-MeshSubmit] entity=4 path=animation/minimal_rig/two_bone.dmesh shared=1 vtx=6 idx=12 stride=20 shading=0 lit=1 recv_shadow=1 shadow_strength=0.35 light_dir=(-0.316241,-0.903545,-0.289134) ambient=0.18 intensity=1.2 tex=0 normal_tex=0 mr_tex=0 color=(0.35,0.75,1,1) mat=(0.35,0.75,1) metal=0 rough=0.45 ao=1 ds=1 v0_color=(0.35,0.75,1,1) v0_n=(0,0,1) v0_uv=(0,0) v0_w=(1,0,0,0) v0_j=(0,0,0,0) bones=2 palettes=1 b0=1 bone_t_min=(0,-1.46329,-0.231763) bone_t_max=(0,0,0) bounds_min=(-1.525,-0.05,0) bounds_max=(-0.975,1.7625,0)
[INFO] [DIAG-MeshSubmit] entity=4 path=animation/minimal_rig/two_bone.dmesh shared=1 vtx=6 idx=12 stride=20 shading=0 lit=1 recv_shadow=1 shadow_strength=0.35 light_dir=(-0.316241,-0.903545,-0.289134) ambient=0.18 intensity=1.2 tex=0 normal_tex=0 mr_tex=0 color=(0.35,0.75,1,1) mat=(0.35,0.75,1) metal=0 rough=0.45 ao=1 ds=1 v0_color=(0.35,0.75,1,1) v0_n=(0,0,1) v0_uv=(0,0) v0_w=(1,0,0,0) v0_j=(0,0,0,0) bones=2 palettes=1 b0=1 bone_t_min=(0,-1.46945,-0.184367) bone_t_max=(0,0.00753905,0) bounds_min=(-1.525,-0.05,0) bounds_max=(-0.975,1.7625,0)
[INFO] [DIAG-MeshSubmit] entity=4 path=animation/minimal_rig/two_bone.dmesh shared=1 vtx=6 idx=12 stride=20 shading=0 lit=1 recv_shadow=1 shadow_strength=0.35 light_dir=(-0.316241,-0.903545,-0.289134) ambient=0.18 intensity=1.2 tex=0 normal_tex=0 mr_tex=0 color=(0.35,0.75,1,1) mat=(0.35,0.75,1) metal=0 rough=0.45 ao=1 ds=1 v0_color=(0.35,0.75,1,1) v0_n=(0,0,1) v0_uv=(0,0) v0_w=(1,0,0,0) v0_j=(0,0,0,0) bones=2 palettes=1 b0=1 bone_t_min=(0,-1.47228,-0.141534) bone_t_max=(0,0.0142448,0) bounds_min=(-1.525,-0.05,0) bounds_max=(-0.975,1.7625,0)
[INFO] Runtime stats: entities=13, sprites=0, meshes=5, draw_calls=5, material_switches=0, shadow_passes=2, max_batch_sprites=0, render_passes=12, physics_bodies=0, particle_emitters=0, active_particles=0, avg_update_ms=0.217037, avg_fixed_ms=0.020382, avg_render_ms=40.6594, instanced_meshes=0, gpu_driven_requested=1, gpu_driven_supported=1, gpu_driven_prepared=1, gpu_driven_active=1, gpu_indirect_draws=9, gpu_instances=9, pending_upload_callbacks=0, pending_upload_callbacks_hwm=0, upload_budget=16
[INFO] [DIAG-MeshSubmit] entity=4 path=animation/minimal_rig/two_bone.dmesh shared=1 vtx=6 idx=12 stride=20 shading=0 lit=1 recv_shadow=1 shadow_strength=0.35 light_dir=(-0.316241,-0.903545,-0.289134) ambient=0.18 intensity=1.2 tex=0 normal_tex=0 mr_tex=0 color=(0.35,0.75,1,1) mat=(0.35,0.75,1) metal=0 rough=0.45 ao=1 ds=1 v0_color=(0.35,0.75,1,1) v0_n=(0,0,1) v0_uv=(0,0) v0_w=(1,0,0,0) v0_j=(0,0,0,0) bones=2 palettes=1 b0=1 bone_t_min=(0,-1.47259,-0.0983742) bone_t_max=(0,0.0209261,0) bounds_min=(-1.525,-0.05,0) bounds_max=(-0.975,1.7625,0)
[INFO] [DIAG-MeshSubmit] entity=4 path=animation/minimal_rig/two_bone.dmesh shared=1 vtx=6 idx=12 stride=20 shading=0 lit=1 recv_shadow=1 shadow_strength=0.35 light_dir=(-0.316241,-0.903545,-0.289134) ambient=0.18 intensity=1.2 tex=0 normal_tex=0 mr_tex=0 color=(0.35,0.75,1,1) mat=(0.35,0.75,1) metal=0 rough=0.45 ao=1 ds=1 v0_color=(0.35,0.75,1,1) v0_n=(0,0,1) v0_uv=(0,0) v0_w=(1,0,0,0) v0_j=(0,0,0,0) bones=2 palettes=1 b0=1 bone_t_min=(0,-1.47039,-0.0549334) bone_t_max=(0,0.0275993,0) bounds_min=(-1.525,-0.05,0) bounds_max=(-0.975,1.7625,0)
[INFO] [DIAG-MeshSubmit] entity=4 path=animation/minimal_rig/two_bone.dmesh shared=1 vtx=6 idx=12 stride=20 shading=0 lit=1 recv_shadow=1 shadow_strength=0.35 light_dir=(-0.316241,-0.903545,-0.289134) ambient=0.18 intensity=1.2 tex=0 normal_tex=0 mr_tex=0 color=(0.35,0.75,1,1) mat=(0.35,0.75,1) metal=0 rough=0.45 ao=1 ds=1 v0_color=(0.35,0.75,1,1) v0_n=(0,0,1) v0_uv=(0,0) v0_w=(1,0,0,0) v0_j=(0,0,0,0) bones=2 palettes=1 b0=1 bone_t_min=(0,-1.46572,-0.011839) bone_t_max=(0,0.0341911,0) bounds_min=(-1.525,-0.05,0) bounds_max=(-0.975,1.7625,0)
[INFO] [DIAG-MeshSubmit] entity=4 path=animation/minimal_rig/two_bone.dmesh shared=1 vtx=6 idx=12 stride=20 shading=0 lit=1 recv_shadow=1 shadow_strength=0.35 light_dir=(-0.316241,-0.903545,-0.289134) ambient=0.18 intensity=1.2 tex=0 normal_tex=0 mr_tex=0 color=(0.35,0.75,1,1) mat=(0.35,0.75,1) metal=0 rough=0.45 ao=1 ds=1 v0_color=(0.35,0.75,1,1) v0_n=(0,0,1) v0_uv=(0,0) v0_w=(1,0,0,0) v0_j=(0,0,0,0) bones=2 palettes=1 b0=1 bone_t_min=(0,-1.45842,0) bone_t_max=(0,0.0408968,0.0320397) bounds_min=(-1.525,-0.05,0) bounds_max=(-0.975,1.7625,0)
[INFO] [DIAG-MeshSubmit] entity=4 path=animation/minimal_rig/two_bone.dmesh shared=1 vtx=6 idx=12 stride=20 shading=0 lit=1 recv_shadow=1 shadow_strength=0.35 light_dir=(-0.316241,-0.903545,-0.289134) ambient=0.18 intensity=1.2 tex=0 normal_tex=0 mr_tex=0 color=(0.35,0.75,1,1) mat=(0.35,0.75,1) metal=0 rough=0.45 ao=1 ds=1 v0_color=(0.35,0.75,1,1) v0_n=(0,0,1) v0_uv=(0,0) v0_w=(1,0,0,0) v0_j=(0,0,0,0) bones=2 palettes=1 b0=1 bone_t_min=(0,-1.44861,0) bone_t_max=(0,0.04757,0.0755967) bounds_min=(-1.525,-0.05,0) bounds_max=(-0.975,1.7625,0)
[INFO] [DIAG-MeshSubmit] entity=4 path=animation/minimal_rig/two_bone.dmesh shared=1 vtx=6 idx=12 stride=20 shading=0 lit=1 recv_shadow=1 shadow_strength=0.35 light_dir=(-0.316241,-0.903545,-0.289134) ambient=0.18 intensity=1.2 tex=0 normal_tex=0 mr_tex=0 color=(0.35,0.75,1,1) mat=(0.35,0.75,1) metal=0 rough=0.45 ao=1 ds=1 v0_color=(0.35,0.75,1,1) v0_n=(0,0,1) v0_uv=(0,0) v0_w=(1,0,0,0) v0_j=(0,0,0,0) bones=2 palettes=1 b0=1 bone_t_min=(0,-1.43617,0) bone_t_max=(0,0.054292,0.119213) bounds_min=(-1.525,-0.05,0) bounds_max=(-0.975,1.7625,0)
[INFO] [DIAG-MeshSubmit] entity=4 path=animation/minimal_rig/two_bone.dmesh shared=1 vtx=6 idx=12 stride=20 shading=0 lit=1 recv_shadow=1 shadow_strength=0.35 light_dir=(-0.316241,-0.903545,-0.289134) ambient=0.18 intensity=1.2 tex=0 normal_tex=0 mr_tex=0 color=(0.35,0.75,1,1) mat=(0.35,0.75,1) metal=0 rough=0.45 ao=1 ds=1 v0_color=(0.35,0.75,1,1) v0_n=(0,0,1) v0_uv=(0,0) v0_w=(1,0,0,0) v0_j=(0,0,0,0) bones=2 palettes=1 b0=1 bone_t_min=(0,-1.42148,0) bone_t_max=(0,0.0608919,0.161639) bounds_min=(-1.525,-0.05,0) bounds_max=(-0.975,1.7625,0)
[INFO] [DIAG-MeshSubmit] entity=4 path=animation/minimal_rig/two_bone.dmesh shared=1 vtx=6 idx=12 stride=20 shading=0 lit=1 recv_shadow=1 shadow_strength=0.35 light_dir=(-0.316241,-0.903545,-0.289134) ambient=0.18 intensity=1.2 tex=0 normal_tex=0 mr_tex=0 color=(0.35,0.75,1,1) mat=(0.35,0.75,1) metal=0 rough=0.45 ao=1 ds=1 v0_color=(0.35,0.75,1,1) v0_n=(0,0,1) v0_uv=(0,0) v0_w=(1,0,0,0) v0_j=(0,0,0,0) bones=2 palettes=1 b0=1 bone_t_min=(0,-1.40409,0) bone_t_max=(0,0.0675895,0.204144) bounds_min=(-1.525,-0.05,0) bounds_max=(-0.975,1.7625,0)
[INFO] [DIAG-MeshSubmit] entity=4 path=animation/minimal_rig/two_bone.dmesh shared=1 vtx=6 idx=12 stride=20 shading=0 lit=1 recv_shadow=1 shadow_strength=0.35 light_dir=(-0.316241,-0.903545,-0.289134) ambient=0.18 intensity=1.2 tex=0 normal_tex=0 mr_tex=0 color=(0.35,0.75,1,1) mat=(0.35,0.75,1) metal=0 rough=0.45 ao=1 ds=1 v0_color=(0.35,0.75,1,1) v0_n=(0,0,1) v0_uv=(0,0) v0_w=(1,0,0,0) v0_j=(0,0,0,0) bones=2 palettes=1 b0=1 bone_t_min=(0,-1.38442,0) bone_t_max=(0,0.0742301,0.2456) bounds_min=(-1.525,-0.05,0) bounds_max=(-0.975,1.7625,0)
[INFO] [DIAG-MeshSubmit] entity=4 path=animation/minimal_rig/two_bone.dmesh shared=1 vtx=6 idx=12 stride=20 shading=0 lit=1 recv_shadow=1 shadow_strength=0.35 light_dir=(-0.316241,-0.903545,-0.289134) ambient=0.18 intensity=1.2 tex=0 normal_tex=0 mr_tex=0 color=(0.35,0.75,1,1) mat=(0.35,0.75,1) metal=0 rough=0.45 ao=1 ds=1 v0_color=(0.35,0.75,1,1) v0_n=(0,0,1) v0_uv=(0,0) v0_w=(1,0,0,0) v0_j=(0,0,0,0) bones=2 palettes=1 b0=1 bone_t_min=(0,-1.36851,0) bone_t_max=(0,0.0790886,0.275415) bounds_min=(-1.525,-0.05,0) bounds_max=(-0.975,1.7625,0)
[INFO] [DIAG-MeshSubmit] entity=4 path=animation/minimal_rig/two_bone.dmesh shared=1 vtx=6 idx=12 stride=20 shading=0 lit=1 recv_shadow=1 shadow_strength=0.35 light_dir=(-0.316241,-0.903545,-0.289134) ambient=0.18 intensity=1.2 tex=0 normal_tex=0 mr_tex=0 color=(0.35,0.75,1,1) mat=(0.35,0.75,1) metal=0 rough=0.45 ao=1 ds=1 v0_color=(0.35,0.75,1,1) v0_n=(0,0,1) v0_uv=(0,0) v0_w=(1,0,0,0) v0_j=(0,0,0,0) bones=2 palettes=1 b0=1 bone_t_min=(0,-1.39023,0) bone_t_max=(0,0.0723503,0.233942) bounds_min=(-1.525,-0.05,0) bounds_max=(-0.975,1.7625,0)
[INFO] [DIAG-MeshSubmit] entity=4 path=animation/minimal_rig/two_bone.dmesh shared=1 vtx=6 idx=12 stride=20 shading=0 lit=1 recv_shadow=1 shadow_strength=0.35 light_dir=(-0.316241,-0.903545,-0.289134) ambient=0.18 intensity=1.2 tex=0 normal_tex=0 mr_tex=0 color=(0.35,0.75,1,1) mat=(0.35,0.75,1) metal=0 rough=0.45 ao=1 ds=1 v0_color=(0.35,0.75,1,1) v0_n=(0,0,1) v0_uv=(0,0) v0_w=(1,0,0,0) v0_j=(0,0,0,0) bones=2 palettes=1 b0=1 bone_t_min=(0,-1.40916,0) bone_t_max=(0,0.0657341,0.192433) bounds_min=(-1.525,-0.05,0) bounds_max=(-0.975,1.7625,0)
[INFO] [DIAG-MeshSubmit] entity=4 path=animation/minimal_rig/two_bone.dmesh shared=1 vtx=6 idx=12 stride=20 shading=0 lit=1 recv_shadow=1 shadow_strength=0.35 light_dir=(-0.316241,-0.903545,-0.289134) ambient=0.18 intensity=1.2 tex=0 normal_tex=0 mr_tex=0 color=(0.35,0.75,1,1) mat=(0.35,0.75,1) metal=0 rough=0.45 ao=1 ds=1 v0_color=(0.35,0.75,1,1) v0_n=(0,0,1) v0_uv=(0,0) v0_w=(1,0,0,0) v0_j=(0,0,0,0) bones=2 palettes=1 b0=1 bone_t_min=(0,-1.42573,0) bone_t_max=(0,0.0590934,0.150125) bounds_min=(-1.525,-0.05,0) bounds_max=(-0.975,1.7625,0)
[INFO] [DIAG-MeshSubmit] entity=4 path=animation/minimal_rig/two_bone.dmesh shared=1 vtx=6 idx=12 stride=20 shading=0 lit=1 recv_shadow=1 shadow_strength=0.35 light_dir=(-0.316241,-0.903545,-0.289134) ambient=0.18 intensity=1.2 tex=0 normal_tex=0 mr_tex=0 color=(0.35,0.75,1,1) mat=(0.35,0.75,1) metal=0 rough=0.45 ao=1 ds=1 v0_color=(0.35,0.75,1,1) v0_n=(0,0,1) v0_uv=(0,0) v0_w=(1,0,0,0) v0_j=(0,0,0,0) bones=2 palettes=1 b0=1 bone_t_min=(0,-1.44,0) bone_t_max=(0,0.0523633,0.106734) bounds_min=(-1.525,-0.05,0) bounds_max=(-0.975,1.7625,0)
[INFO] [DIAG-MeshSubmit] entity=4 path=animation/minimal_rig/two_bone.dmesh shared=1 vtx=6 idx=12 stride=20 shading=0 lit=1 recv_shadow=1 shadow_strength=0.35 light_dir=(-0.316241,-0.903545,-0.289134) ambient=0.18 intensity=1.2 tex=0 normal_tex=0 mr_tex=0 color=(0.35,0.75,1,1) mat=(0.35,0.75,1) metal=0 rough=0.45 ao=1 ds=1 v0_color=(0.35,0.75,1,1) v0_n=(0,0,1) v0_uv=(0,0) v0_w=(1,0,0,0) v0_j=(0,0,0,0) bones=2 palettes=1 b0=1 bone_t_min=(0,-1.45154,0) bone_t_max=(0,0.0457471,0.0637176) bounds_min=(-1.525,-0.05,0) bounds_max=(-0.975,1.7625,0)
[INFO] [DIAG-MeshSubmit] entity=4 path=animation/minimal_rig/two_bone.dmesh shared=1 vtx=6 idx=12 stride=20 shading=0 lit=1 recv_shadow=1 shadow_strength=0.35 light_dir=(-0.316241,-0.903545,-0.289134) ambient=0.18 intensity=1.2 tex=0 normal_tex=0 mr_tex=0 color=(0.35,0.75,1,1) mat=(0.35,0.75,1) metal=0 rough=0.45 ao=1 ds=1 v0_color=(0.35,0.75,1,1) v0_n=(0,0,1) v0_uv=(0,0) v0_w=(1,0,0,0) v0_j=(0,0,0,0) bones=2 palettes=1 b0=1 bone_t_min=(0,-1.46053,0) bone_t_max=(0,0.0391797,0.0208085) bounds_min=(-1.525,-0.05,0) bounds_max=(-0.975,1.7625,0)
[INFO] [DIAG-MeshSubmit] entity=4 path=animation/minimal_rig/two_bone.dmesh shared=1 vtx=6 idx=12 stride=20 shading=0 lit=1 recv_shadow=1 shadow_strength=0.35 light_dir=(-0.316241,-0.903545,-0.289134) ambient=0.18 intensity=1.2 tex=0 normal_tex=0 mr_tex=0 color=(0.35,0.75,1,1) mat=(0.35,0.75,1) metal=0 rough=0.45 ao=1 ds=1 v0_color=(0.35,0.75,1,1) v0_n=(0,0,1) v0_uv=(0,0) v0_w=(1,0,0,0) v0_j=(0,0,0,0) bones=2 palettes=1 b0=1 bone_t_min=(0,-1.46714,-0.0228079) bone_t_max=(0,0.0325147,0) bounds_min=(-1.525,-0.05,0) bounds_max=(-0.975,1.7625,0)
[INFO] [DIAG-MeshSubmit] entity=4 path=animation/minimal_rig/two_bone.dmesh shared=1 vtx=6 idx=12 stride=20 shading=0 lit=1 recv_shadow=1 shadow_strength=0.35 light_dir=(-0.316241,-0.903545,-0.289134) ambient=0.18 intensity=1.2 tex=0 normal_tex=0 mr_tex=0 color=(0.35,0.75,1,1) mat=(0.35,0.75,1) metal=0 rough=0.45 ao=1 ds=1 v0_color=(0.35,0.75,1,1) v0_n=(0,0,1) v0_uv=(0,0) v0_w=(1,0,0,0) v0_j=(0,0,0,0) bones=2 palettes=1 b0=1 bone_t_min=(0,-1.47123,-0.0666125) bone_t_max=(0,0.0258089,0) bounds_min=(-1.525,-0.05,0) bounds_max=(-0.975,1.7625,0)
[INFO] Runtime stats: entities=13, sprites=0, meshes=5, draw_calls=5, material_switches=0, shadow_passes=2, max_batch_sprites=0, render_passes=12, physics_bodies=0, particle_emitters=0, active_particles=0, avg_update_ms=0.182648, avg_fixed_ms=0.0196765, avg_render_ms=35.6082, instanced_meshes=0, gpu_driven_requested=1, gpu_driven_supported=1, gpu_driven_prepared=1, gpu_driven_active=1, gpu_indirect_draws=9, gpu_instances=9, pending_upload_callbacks=0, pending_upload_callbacks_hwm=0, upload_budget=16
DSE_SCREENSHOT_WRITTEN path=C:\Users\Administrator\demo_runs\opengl\shots\3d_animation_basic.png target=scene size=1280x701
[3D][Animation] animator_state_api real_animation_resource get_animator_3d_state=true state=walk normalized_time=0.42 clip_time=0.00 speed=1.15 loop=true transitioning=false final_bones=2 has_skeleton=true danim_path=animation/minimal_rig/two_bone_idle_walk.danim dskel_path=animation/minimal_rig/two_bone.dskel
[3D][Animation] runtime: animator_state_api real_animation_resource get_animator_3d_state=true state=walk normalized_time=0.42 clip_time=0.00 speed=1.15 loop=true transitioning=false final_bones=2 has_skeleton=true mesh_state=walk mesh_final_bones=2 mesh_has_skeleton=true mesh_norm=0.42 mesh_clip=0.00
[INFO] Runtime stats: entities=13, sprites=0, meshes=5, draw_calls=5, material_switches=0, shadow_passes=2, max_batch_sprites=0, render_passes=12, physics_bodies=0, particle_emitters=0, active_particles=0, avg_update_ms=0.258915, avg_fixed_ms=0.020248, avg_render_ms=32.5649, instanced_meshes=0, gpu_driven_requested=1, gpu_driven_supported=1, gpu_driven_prepared=1, gpu_driven_active=1, gpu_indirect_draws=9, gpu_instances=9, pending_upload_callbacks=0, pending_upload_callbacks_hwm=0, upload_budget=16
DSE_MAX_FRAMES reached: 70
[INFO] [StreamingManager] Shutdown
[INFO] [LuaRuntime] Shutdown begin state=00000177987AFD88 script_instances=0 lua_memory_usage=161522 awake_called=1
[INFO] [LuaRuntime] lua_close state=00000177987AFD88
[INFO] [LuaRuntime] lua_close complete
[INFO] [LuaRuntime] Shutdown end
[INFO] [HairSystem] Shutdown, released all hair resources
[INFO] Physics3DSystem Shutdown (Jolt)
[INFO] RHI resource ledger: textures=52/52, framebuffers=41/41, shader_programs=1/1, vaos=3/3, buffers=24/24, render_targets=41/41, pipeline_states=8/8
[INFO] FileWatcher: stopped
[INFO] debug logger shutdown
