Starting DSEngine Runtime...
[INFO] debug logger init success
Business mode: lua
[INFO] RHI Factory: 创建 OpenGL 后端
[INFO] FramePipeline RHI 后端: OpenGL
[INFO] [InitTiming] RHI device init: 4ms
[INFO] DSE_RENDER_DEVICE backend=OpenGL adapter="llvmpipe (LLVM 22.1.6, 256 bits)" software=1
[INFO] Render pipeline profile: using built-in ForwardPlusDefault
[INFO] RenderPipelineProfile ForwardPlusDefault settings{gpu_driven=true, shadows=true, shadow_quality=default, postprocess_quality=default}
  0: pre_z [enabled]
  1: hiz_build [skipped(no_hiz)]
  2: hiz_cull [skipped(no_hiz)]
  3: csm_shadow [enabled]
  4: spot_shadow [enabled]
  5: point_shadow [enabled]
  6: gpu_cull [skipped(no_gpu_driven)]
  7: rsm [enabled]
  8: ddgi_update [enabled]
  9: gbuffer [enabled]
  10: deferred_lighting [enabled]
  11: forward_scene [enabled]
  12: atmosphere_sky [enabled]
  13: wboit [enabled]
  14: water [enabled]
  15: bloom [enabled]
  16: ssao [enabled]
  17: contact_shadow [enabled]
  18: auto_exposure [enabled]
  19: motion_vector [enabled]
  20: ssr [enabled]
  21: outline [enabled]
  22: light_shaft [enabled]
  23: volumetric_fog [enabled]
  24: decal [enabled]
  25: ui [enabled]
  26: composite [enabled]
  27: dof [enabled]
  28: motion_blur [enabled]
  29: fxaa [enabled]
  30: taa [enabled]
  31: present [enabled]
[INFO] Runtime data root: C:\Users\Administrator\repos\DSEngine\bin\data
[INFO] FileWatcher: started monitoring C:\Users\Administrator\repos\DSEngine\bin\data
[INFO] [GL] Eye shader created: 6
[INFO] [GLShaderManager] Warmed up 39 post-process shaders
[INFO] [GLGpuTimer] Initialized (double-buffered timestamp queries)
[INFO] Hi-Z texture created: handle=500000 gl_tex=32 1280x701 mips=11
[INFO] Hi-Z Occlusion Culling initialized: texture=500000 vis_ssbo=15 aabb_ssbo=16 capacity=65536 shaders=(119,121,123)
[INFO] GPU Driven Rendering: supported=1, cull_shader=125
[INFO] [InitTiming] render resources: 1017ms
[INFO] FramePipeline init: systems init begin
[INFO] [Physics2D] Init world_valid=1
[INFO] FramePipeline init: systems init complete
[INFO] FramePipeline init: Gameplay3D module enabled=1
[INFO] Physics3DSystem Initialized (Backend: Jolt Physics v5.5.0, max_bodies=4096, threads=2)
[INFO] FramePipeline init: Physics3DSystem initialized and registered
[INFO] FramePipeline init: NavMeshSystem initialized and registered
[INFO] [GrassSystem] GPU wind compute shader created: 127
[INFO] [GrassSystem] Initialized. blade_verts=10, billboard_verts=8, gpu_compute=1
[INFO] [TreeSystem] Initialized
[INFO] [HairSystem] Initialized, gpu_compute=1
[INFO] FramePipeline init: Gameplay3D module OnInit OK (static)
[INFO] [InitTiming] systems init: 28ms
[INFO] FramePipeline init: business bootstrap begin
[INFO] [LuaRuntime] Shutdown begin state=0000000000000000 script_instances=0 lua_memory_usage=0 awake_called=0
[INFO] [LuaRuntime] Shutdown end
[INFO] [LuaRuntime] lua_newstate begin allocator=00007FF70403DED0 seed=0
[INFO] Lua bootstrap: startup script resolved to C:\Users\Administrator\repos\DSEngine\samples\lua\main.lua
[INFO] Lua bootstrap: package path setup begin
[INFO] Lua bootstrap: register API begin
[INFO] Lua bootstrap: loading startup script begin
[main] 加载 demo: 3d_character_third_person
[main] name: third-person character showcase
[INFO] Lua bootstrap: startup script load OK
[INFO] Lua bootstrap: Awake begin
[INFO] Data root updated from lua: data\
[3D][Character] setup: character_steering_api add_steering=true get_steering_state=true enabled=true seek=false flee=false arrive=false third-person follow camera + cube character rig fallback. States: run/attack.
[3D][Character] character_animation_resource character_animator_state_api resource_paths_configured=true mesh_path=animation/minimal_rig/two_bone.dmesh material_path=animation/minimal_rig/two_bone.dmat danim_path=animation/minimal_rig/two_bone_idle_walk.danim dskel_path=animation/minimal_rig/two_bone.dskel get_animator_3d_state=true state=run normalized_time=0.00 clip_time=0.00 speed=1.00 loop=true transitioning=false final_bones=0 has_skeleton=true
[3D][Character] character_skinned_mesh_resource get_animator_3d_state=true state=run normalized_time=0.00 clip_time=0.00 speed=1.00 loop=true transitioning=false final_bones=0 has_skeleton=true
[INFO] Lua bootstrap: Awake OK
[INFO] Lua startup script loaded: C:\Users\Administrator\repos\DSEngine\samples\lua\main.lua
[INFO] Lua business mode bootstrap: OK
[INFO] [InitTiming] business bootstrap: 8ms
[INFO] [InitTiming] BuildRenderGraph: 0ms
[INFO] [InitTiming] light buffer + cluster grid: 0ms
[INFO] [LightProbeSystem] Initialized, face_res=64, RT=320039
[INFO] [InitTiming] LightProbeSystem: 0ms
[INFO] [ReflectionProbeSystem] BRDF LUT loaded from cache
[INFO] [ReflectionProbeSystem] BRDF LUT generated: 128x128, handle=51 (cached)
[INFO] [ReflectionProbeSystem] Initialized, bake_res=128
[INFO] [InitTiming] ReflectionProbeSystem: 1ms
[INFO] [StreamingManager] Initialized (budget=8/frame, max_concurrent=32)
[INFO] [InitTiming] StreamingManager: 0ms
[INFO] [GPUSkinning] Initialized (shader=137, initial_capacity=4096v/1024b)
[INFO] FramePipeline init: GPUSkinningSystem initialized (compute skinning available)
[INFO] [InitTiming] GPUSkinning: 7ms
[INFO] EngineInstance init: startup scene regression checks skipped by env
[3D][Character] steering_target set_steering_target=true behavior=seek target=(2.25,0.09)
[3D][Character] state=run speed=0.00 pos=(0.00,0.00) steering_state_api=true
[INFO] [3D][VSE15.22] animator_system_first_update entity=6 dskel_path=animation/minimal_rig/two_bone.dskel bone_count=2 final_bones=2 note=animator_system_confirms_bone_count
[INFO] [3D][VSE15.22] animator_system_first_update entity=5 dskel_path=animation/minimal_rig/two_bone.dskel bone_count=2 final_bones=2 note=animator_system_confirms_bone_count
[INFO] [DIAG-MeshVtx] path=animation/minimal_rig/two_bone.dmesh stride=20 vtx=6 idx=12 skinned=1 item_color=(0.35,0.75,1,1) dmesh_vc0=(0,0,0,0)
[INFO] [DIAG-MeshSubmit] entity=6 path=animation/minimal_rig/two_bone.dmesh shared=1 vtx=6 idx=12 stride=20 shading=0 lit=1 recv_shadow=1 shadow_strength=0.35 light_dir=(-0.377339,-0.898425,-0.224606) ambient=0.2 intensity=1.2 tex=0 normal_tex=0 mr_tex=0 color=(0.35,0.75,1,1) mat=(0.35,0.75,1) metal=0 rough=0.45 ao=1 ds=1 v0_color=(0.35,0.75,1,1) v0_n=(0,0,1) v0_uv=(0,0) v0_w=(1,0,0,0) v0_j=(0,0,0,0) bones=2 palettes=1 b0=1 bone_t_min=(0,-1.47204,-0.147388) bone_t_max=(0,0.0133333,0) bounds_min=(-0.863902,0.05,-0.632618) bounds_max=(-0.836098,1.7175,-0.127382)
[INFO] [MeshDiag] call=0 depth_test=0 blend=0 vp=(0,0,1280,701) fbo=4 active_ps=330003
[INFO] [DIAG-SkinDraw] depth=1 ortho=0 shadow_cull=0 instanced=0 inst_count=1 cull=0 cull_mode=1029 front_face=2305 depth_test=0 depth_write=1 depth_func=513 bones=2 palettes=1 b0=1 b0_t=(0,0.0133333,0) bone_offset=0 shading=0 lit=1 recv_shadow=1 shadow_strength=0.35 light_dir=(-0.377339,-0.898425,-0.224606) ambient=0.2 intensity=1.2 tex=0 normal_tex=0 mr_tex=0 ds=1 mat=(0.35,0.75,1) metal=0 rough=0.45 ao=1 vtx=6 idx=12 v0_color=(0.35,0.75,1,1) v0_n=(0,0,1) v0_uv=(0,0) v0_w=(1,0,0,0) v0_j=(0,0,0,0)
[INFO] [DIAG-SkinDraw] depth=1 ortho=1 shadow_cull=1 instanced=0 inst_count=1 cull=0 cull_mode=1028 front_face=2305 depth_test=0 depth_write=1 depth_func=513 bones=2 palettes=1 b0=1 b0_t=(0,0.0133333,0) bone_offset=0 shading=0 lit=1 recv_shadow=1 shadow_strength=0.35 light_dir=(-0.377339,-0.898425,-0.224606) ambient=0.2 intensity=1.2 tex=0 normal_tex=0 mr_tex=0 ds=1 mat=(0.35,0.75,1) metal=0 rough=0.45 ao=1 vtx=6 idx=12 v0_color=(0.35,0.75,1,1) v0_n=(0,0,1) v0_uv=(0,0) v0_w=(1,0,0,0) v0_j=(0,0,0,0)
[INFO] [MeshDiag] call=1 depth_test=0 blend=0 vp=(2048,0,1024,1024) fbo=30 active_ps=330004
[INFO] [DIAG-SkinDraw] depth=1 ortho=1 shadow_cull=1 instanced=0 inst_count=1 cull=0 cull_mode=1028 front_face=2305 depth_test=0 depth_write=1 depth_func=513 bones=2 palettes=1 b0=1 b0_t=(0,0.0133333,0) bone_offset=0 shading=0 lit=1 recv_shadow=1 shadow_strength=0.35 light_dir=(-0.377339,-0.898425,-0.224606) ambient=0.2 intensity=1.2 tex=0 normal_tex=0 mr_tex=0 ds=1 mat=(0.35,0.75,1) metal=0 rough=0.45 ao=1 vtx=6 idx=12 v0_color=(0.35,0.75,1,1) v0_n=(0,0,1) v0_uv=(0,0) v0_w=(1,0,0,0) v0_j=(0,0,0,0)
[INFO] [MeshDiag] call=2 depth_test=0 blend=0 vp=(3072,0,512,512) fbo=30 active_ps=330004
[INFO] [DIAG-SkinDraw] depth=1 ortho=1 shadow_cull=1 instanced=0 inst_count=1 cull=0 cull_mode=1028 front_face=2305 depth_test=0 depth_write=1 depth_func=513 bones=2 palettes=1 b0=1 b0_t=(0,0.0133333,0) bone_offset=0 shading=0 lit=1 recv_shadow=1 shadow_strength=0.35 light_dir=(-0.377339,-0.898425,-0.224606) ambient=0.2 intensity=1.2 tex=0 normal_tex=0 mr_tex=0 ds=1 mat=(0.35,0.75,1) metal=0 rough=0.45 ao=1 vtx=6 idx=12 v0_color=(0.35,0.75,1,1) v0_n=(0,0,1) v0_uv=(0,0) v0_w=(1,0,0,0) v0_j=(0,0,0,0)
[INFO] [MeshDiag] call=3 depth_test=1 blend=0 vp=(0,0,1280,701) fbo=2 active_ps=330002
[INFO] [DIAG-SkinDraw] depth=0 ortho=0 shadow_cull=0 instanced=0 inst_count=1 cull=0 cull_mode=1028 front_face=2305 depth_test=1 depth_write=1 depth_func=515 bones=2 palettes=1 b0=1 b0_t=(0,0.0133333,0) bone_offset=0 shading=0 lit=1 recv_shadow=1 shadow_strength=0.35 light_dir=(-0.377339,-0.898425,-0.224606) ambient=0.2 intensity=1.2 tex=0 normal_tex=0 mr_tex=0 ds=1 mat=(0.35,0.75,1) metal=0 rough=0.45 ao=1 vtx=6 idx=12 v0_color=(0.35,0.75,1,1) v0_n=(0,0,1) v0_uv=(0,0) v0_w=(1,0,0,0) v0_j=(0,0,0,0)
[INFO] Runtime stats: entities=15, sprites=0, meshes=60, draw_calls=60, material_switches=0, shadow_passes=2, max_batch_sprites=0, render_passes=12, physics_bodies=0, particle_emitters=0, active_particles=0, avg_update_ms=1.7788, avg_fixed_ms=0.02144, avg_render_ms=7137.33, instanced_meshes=0, gpu_driven_requested=1, gpu_driven_supported=1, gpu_driven_prepared=0, gpu_driven_active=0, gpu_indirect_draws=0, gpu_instances=0, pending_upload_callbacks=0, pending_upload_callbacks_hwm=0, upload_budget=16
[3D][Character] runtime: character_steering_api get_steering_state=true steering_enabled=true seek=true arrive=false velocity=(0.28,0.00,0.01) speed=0.28 speed_nonzero=true max_velocity=2.80 max_force=10.00 mass=1.00 target=(2.24,0.18)
[INFO] [DIAG-MeshSubmit] entity=6 path=animation/minimal_rig/two_bone.dmesh shared=1 vtx=6 idx=12 stride=20 shading=0 lit=1 recv_shadow=1 shadow_strength=0.35 light_dir=(-0.377339,-0.898425,-0.224606) ambient=0.2 intensity=1.2 tex=0 normal_tex=0 mr_tex=0 color=(0.35,0.75,1,1) mat=(0.35,0.75,1) metal=0 rough=0.45 ao=1 ds=1 v0_color=(0.35,0.75,1,1) v0_n=(0,0,1) v0_uv=(0,0) v0_w=(1,0,0,0) v0_j=(0,0,0,0) bones=2 palettes=1 b0=1 bone_t_min=(0,-1.47204,-0.147388) bone_t_max=(0,0.0133333,0) bounds_min=(-0.863902,0.05,-0.632618) bounds_max=(-0.836098,1.7175,-0.127382)
[INFO] [MeshDiag] call=4 depth_test=1 blend=0 vp=(0,0,1280,701) fbo=4 active_ps=330003
[INFO] [DIAG-SkinDraw] depth=1 ortho=0 shadow_cull=0 instanced=0 inst_count=1 cull=0 cull_mode=1028 front_face=2305 depth_test=1 depth_write=1 depth_func=515 bones=2 palettes=1 b0=1 b0_t=(0,0.0133333,0) bone_offset=0 shading=0 lit=1 recv_shadow=1 shadow_strength=0.35 light_dir=(-0.377339,-0.898425,-0.224606) ambient=0.2 intensity=1.2 tex=0 normal_tex=0 mr_tex=0 ds=1 mat=(0.35,0.75,1) metal=0 rough=0.45 ao=1 vtx=6 idx=12 v0_color=(0.35,0.75,1,1) v0_n=(0,0,1) v0_uv=(0,0) v0_w=(1,0,0,0) v0_j=(0,0,0,0)
[INFO] [DIAG-SkinDraw] depth=1 ortho=1 shadow_cull=1 instanced=0 inst_count=1 cull=0 cull_mode=1028 front_face=2305 depth_test=1 depth_write=1 depth_func=515 bones=2 palettes=1 b0=1 b0_t=(0,0.0133333,0) bone_offset=0 shading=0 lit=1 recv_shadow=1 shadow_strength=0.35 light_dir=(-0.377339,-0.898425,-0.224606) ambient=0.2 intensity=1.2 tex=0 normal_tex=0 mr_tex=0 ds=1 mat=(0.35,0.75,1) metal=0 rough=0.45 ao=1 vtx=6 idx=12 v0_color=(0.35,0.75,1,1) v0_n=(0,0,1) v0_uv=(0,0) v0_w=(1,0,0,0) v0_j=(0,0,0,0)
[INFO] [MeshDiag] call=5 depth_test=1 blend=0 vp=(2048,0,1024,1024) fbo=30 active_ps=330004
[INFO] [DIAG-SkinDraw] depth=1 ortho=1 shadow_cull=1 instanced=0 inst_count=1 cull=0 cull_mode=1028 front_face=2305 depth_test=1 depth_write=1 depth_func=515 bones=2 palettes=1 b0=1 b0_t=(0,0.0133333,0) bone_offset=0 shading=0 lit=1 recv_shadow=1 shadow_strength=0.35 light_dir=(-0.377339,-0.898425,-0.224606) ambient=0.2 intensity=1.2 tex=0 normal_tex=0 mr_tex=0 ds=1 mat=(0.35,0.75,1) metal=0 rough=0.45 ao=1 vtx=6 idx=12 v0_color=(0.35,0.75,1,1) v0_n=(0,0,1) v0_uv=(0,0) v0_w=(1,0,0,0) v0_j=(0,0,0,0)
[INFO] [DIAG-SkinDraw] depth=1 ortho=1 shadow_cull=1 instanced=0 inst_count=1 cull=0 cull_mode=1028 front_face=2305 depth_test=1 depth_write=1 depth_func=515 bones=2 palettes=1 b0=1 b0_t=(0,0.0133333,0) bone_offset=0 shading=0 lit=1 recv_shadow=1 shadow_strength=0.35 light_dir=(-0.377339,-0.898425,-0.224606) ambient=0.2 intensity=1.2 tex=0 normal_tex=0 mr_tex=0 ds=1 mat=(0.35,0.75,1) metal=0 rough=0.45 ao=1 vtx=6 idx=12 v0_color=(0.35,0.75,1,1) v0_n=(0,0,1) v0_uv=(0,0) v0_w=(1,0,0,0) v0_j=(0,0,0,0)
[INFO] [DIAG-SkinDraw] depth=0 ortho=0 shadow_cull=0 instanced=0 inst_count=1 cull=0 cull_mode=1028 front_face=2305 depth_test=1 depth_write=1 depth_func=515 bones=2 palettes=1 b0=1 b0_t=(0,0.0133333,0) bone_offset=0 shading=0 lit=1 recv_shadow=1 shadow_strength=0.35 light_dir=(-0.377339,-0.898425,-0.224606) ambient=0.2 intensity=1.2 tex=0 normal_tex=0 mr_tex=0 ds=1 mat=(0.35,0.75,1) metal=0 rough=0.45 ao=1 vtx=6 idx=12 v0_color=(0.35,0.75,1,1) v0_n=(0,0,1) v0_uv=(0,0) v0_w=(1,0,0,0) v0_j=(0,0,0,0)
[INFO] Runtime stats: entities=15, sprites=0, meshes=5, draw_calls=5, material_switches=0, shadow_passes=2, max_batch_sprites=0, render_passes=12, physics_bodies=0, particle_emitters=0, active_particles=0, avg_update_ms=4.4007, avg_fixed_ms=0.01954, avg_render_ms=12973.4, instanced_meshes=0, gpu_driven_requested=1, gpu_driven_supported=1, gpu_driven_prepared=1, gpu_driven_active=1, gpu_indirect_draws=11, gpu_instances=11, pending_upload_callbacks=0, pending_upload_callbacks_hwm=0, upload_budget=16
[INFO] [DIAG-MeshSubmit] entity=6 path=animation/minimal_rig/two_bone.dmesh shared=1 vtx=6 idx=12 stride=20 shading=0 lit=1 recv_shadow=1 shadow_strength=0.35 light_dir=(-0.377339,-0.898425,-0.224606) ambient=0.2 intensity=1.2 tex=0 normal_tex=0 mr_tex=0 color=(0.35,0.75,1,1) mat=(0.35,0.75,1) metal=0 rough=0.45 ao=1 ds=1 v0_color=(0.35,0.75,1,1) v0_n=(0,0,1) v0_uv=(0,0) v0_w=(1,0,0,0) v0_j=(0,0,0,0) bones=2 palettes=1 b0=1 bone_t_min=(0,-1.47204,-0.147388) bone_t_max=(0,0.0133333,0) bounds_min=(-0.863902,0.05,-0.632618) bounds_max=(-0.836098,1.7175,-0.127382)
[INFO] [DIAG-SkinDraw] depth=1 ortho=0 shadow_cull=0 instanced=0 inst_count=1 cull=0 cull_mode=1028 front_face=2305 depth_test=1 depth_write=1 depth_func=515 bones=2 palettes=1 b0=1 b0_t=(0,0.0133333,0) bone_offset=0 shading=0 lit=1 recv_shadow=1 shadow_strength=0.35 light_dir=(-0.377339,-0.898425,-0.224606) ambient=0.2 intensity=1.2 tex=0 normal_tex=0 mr_tex=0 ds=1 mat=(0.35,0.75,1) metal=0 rough=0.45 ao=1 vtx=6 idx=12 v0_color=(0.35,0.75,1,1) v0_n=(0,0,1) v0_uv=(0,0) v0_w=(1,0,0,0) v0_j=(0,0,0,0)
[INFO] [DIAG-SkinDraw] depth=1 ortho=1 shadow_cull=1 instanced=0 inst_count=1 cull=0 cull_mode=1028 front_face=2305 depth_test=1 depth_write=1 depth_func=515 bones=2 palettes=1 b0=1 b0_t=(0,0.0133333,0) bone_offset=0 shading=0 lit=1 recv_shadow=1 shadow_strength=0.35 light_dir=(-0.377339,-0.898425,-0.224606) ambient=0.2 intensity=1.2 tex=0 normal_tex=0 mr_tex=0 ds=1 mat=(0.35,0.75,1) metal=0 rough=0.45 ao=1 vtx=6 idx=12 v0_color=(0.35,0.75,1,1) v0_n=(0,0,1) v0_uv=(0,0) v0_w=(1,0,0,0) v0_j=(0,0,0,0)
[INFO] [DIAG-SkinDraw] depth=1 ortho=1 shadow_cull=1 instanced=0 inst_count=1 cull=0 cull_mode=1028 front_face=2305 depth_test=1 depth_write=1 depth_func=515 bones=2 palettes=1 b0=1 b0_t=(0,0.0133333,0) bone_offset=0 shading=0 lit=1 recv_shadow=1 shadow_strength=0.35 light_dir=(-0.377339,-0.898425,-0.224606) ambient=0.2 intensity=1.2 tex=0 normal_tex=0 mr_tex=0 ds=1 mat=(0.35,0.75,1) metal=0 rough=0.45 ao=1 vtx=6 idx=12 v0_color=(0.35,0.75,1,1) v0_n=(0,0,1) v0_uv=(0,0) v0_w=(1,0,0,0) v0_j=(0,0,0,0)
[INFO] [DIAG-SkinDraw] depth=1 ortho=1 shadow_cull=1 instanced=0 inst_count=1 cull=0 cull_mode=1028 front_face=2305 depth_test=1 depth_write=1 depth_func=515 bones=2 palettes=1 b0=1 b0_t=(0,0.0133333,0) bone_offset=0 shading=0 lit=1 recv_shadow=1 shadow_strength=0.35 light_dir=(-0.377339,-0.898425,-0.224606) ambient=0.2 intensity=1.2 tex=0 normal_tex=0 mr_tex=0 ds=1 mat=(0.35,0.75,1) metal=0 rough=0.45 ao=1 vtx=6 idx=12 v0_color=(0.35,0.75,1,1) v0_n=(0,0,1) v0_uv=(0,0) v0_w=(1,0,0,0) v0_j=(0,0,0,0)
[INFO] [DIAG-SkinDraw] depth=0 ortho=0 shadow_cull=0 instanced=0 inst_count=1 cull=0 cull_mode=1028 front_face=2305 depth_test=1 depth_write=1 depth_func=515 bones=2 palettes=1 b0=1 b0_t=(0,0.0133333,0) bone_offset=0 shading=0 lit=1 recv_shadow=1 shadow_strength=0.35 light_dir=(-0.377339,-0.898425,-0.224606) ambient=0.2 intensity=1.2 tex=0 normal_tex=0 mr_tex=0 ds=1 mat=(0.35,0.75,1) metal=0 rough=0.45 ao=1 vtx=6 idx=12 v0_color=(0.35,0.75,1,1) v0_n=(0,0,1) v0_uv=(0,0) v0_w=(1,0,0,0) v0_j=(0,0,0,0)
[INFO] Runtime stats: entities=15, sprites=0, meshes=5, draw_calls=5, material_switches=0, shadow_passes=2, max_batch_sprites=0, render_passes=12, physics_bodies=0, particle_emitters=0, active_particles=0, avg_update_ms=0.2672, avg_fixed_ms=0.01908, avg_render_ms=46.4266, instanced_meshes=0, gpu_driven_requested=1, gpu_driven_supported=1, gpu_driven_prepared=1, gpu_driven_active=1, gpu_indirect_draws=11, gpu_instances=11, pending_upload_callbacks=0, pending_upload_callbacks_hwm=0, upload_budget=16
[INFO] [DIAG-MeshSubmit] entity=6 path=animation/minimal_rig/two_bone.dmesh shared=1 vtx=6 idx=12 stride=20 shading=0 lit=1 recv_shadow=1 shadow_strength=0.35 light_dir=(-0.377339,-0.898425,-0.224606) ambient=0.2 intensity=1.2 tex=0 normal_tex=0 mr_tex=0 color=(0.35,0.75,1,1) mat=(0.35,0.75,1) metal=0 rough=0.45 ao=1 ds=1 v0_color=(0.35,0.75,1,1) v0_n=(0,0,1) v0_uv=(0,0) v0_w=(1,0,0,0) v0_j=(0,0,0,0) bones=2 palettes=1 b0=1 bone_t_min=(0,-1.4689,-0.189804) bone_t_max=(0,0.00668131,0) bounds_min=(-0.863902,0.05,-0.632618) bounds_max=(-0.836098,1.7175,-0.127382)
[INFO] [DIAG-SkinDraw] depth=1 ortho=0 shadow_cull=0 instanced=0 inst_count=1 cull=0 cull_mode=1028 front_face=2305 depth_test=1 depth_write=1 depth_func=515 bones=2 palettes=1 b0=1 b0_t=(0,0.00668131,0) bone_offset=0 shading=0 lit=1 recv_shadow=1 shadow_strength=0.35 light_dir=(-0.377339,-0.898425,-0.224606) ambient=0.2 intensity=1.2 tex=0 normal_tex=0 mr_tex=0 ds=1 mat=(0.35,0.75,1) metal=0 rough=0.45 ao=1 vtx=6 idx=12 v0_color=(0.35,0.75,1,1) v0_n=(0,0,1) v0_uv=(0,0) v0_w=(1,0,0,0) v0_j=(0,0,0,0)
[INFO] [DIAG-SkinDraw] depth=1 ortho=1 shadow_cull=1 instanced=0 inst_count=1 cull=0 cull_mode=1028 front_face=2305 depth_test=1 depth_write=1 depth_func=515 bones=2 palettes=1 b0=1 b0_t=(0,0.00668131,0) bone_offset=0 shading=0 lit=1 recv_shadow=1 shadow_strength=0.35 light_dir=(-0.377339,-0.898425,-0.224606) ambient=0.2 intensity=1.2 tex=0 normal_tex=0 mr_tex=0 ds=1 mat=(0.35,0.75,1) metal=0 rough=0.45 ao=1 vtx=6 idx=12 v0_color=(0.35,0.75,1,1) v0_n=(0,0,1) v0_uv=(0,0) v0_w=(1,0,0,0) v0_j=(0,0,0,0)
[INFO] [DIAG-SkinDraw] depth=1 ortho=1 shadow_cull=1 instanced=0 inst_count=1 cull=0 cull_mode=1028 front_face=2305 depth_test=1 depth_write=1 depth_func=515 bones=2 palettes=1 b0=1 b0_t=(0,0.00668131,0) bone_offset=0 shading=0 lit=1 recv_shadow=1 shadow_strength=0.35 light_dir=(-0.377339,-0.898425,-0.224606) ambient=0.2 intensity=1.2 tex=0 normal_tex=0 mr_tex=0 ds=1 mat=(0.35,0.75,1) metal=0 rough=0.45 ao=1 vtx=6 idx=12 v0_color=(0.35,0.75,1,1) v0_n=(0,0,1) v0_uv=(0,0) v0_w=(1,0,0,0) v0_j=(0,0,0,0)
[INFO] [DIAG-SkinDraw] depth=1 ortho=1 shadow_cull=1 instanced=0 inst_count=1 cull=0 cull_mode=1028 front_face=2305 depth_test=1 depth_write=1 depth_func=515 bones=2 palettes=1 b0=1 b0_t=(0,0.00668131,0) bone_offset=0 shading=0 lit=1 recv_shadow=1 shadow_strength=0.35 light_dir=(-0.377339,-0.898425,-0.224606) ambient=0.2 intensity=1.2 tex=0 normal_tex=0 mr_tex=0 ds=1 mat=(0.35,0.75,1) metal=0 rough=0.45 ao=1 vtx=6 idx=12 v0_color=(0.35,0.75,1,1) v0_n=(0,0,1) v0_uv=(0,0) v0_w=(1,0,0,0) v0_j=(0,0,0,0)
[INFO] [DIAG-SkinDraw] depth=0 ortho=0 shadow_cull=0 instanced=0 inst_count=1 cull=0 cull_mode=1028 front_face=2305 depth_test=1 depth_write=1 depth_func=515 bones=2 palettes=1 b0=1 b0_t=(0,0.00668131,0) bone_offset=0 shading=0 lit=1 recv_shadow=1 shadow_strength=0.35 light_dir=(-0.377339,-0.898425,-0.224606) ambient=0.2 intensity=1.2 tex=0 normal_tex=0 mr_tex=0 ds=1 mat=(0.35,0.75,1) metal=0 rough=0.45 ao=1 vtx=6 idx=12 v0_color=(0.35,0.75,1,1) v0_n=(0,0,1) v0_uv=(0,0) v0_w=(1,0,0,0) v0_j=(0,0,0,0)
[INFO] [DIAG-MeshSubmit] entity=6 path=animation/minimal_rig/two_bone.dmesh shared=1 vtx=6 idx=12 stride=20 shading=0 lit=1 recv_shadow=1 shadow_strength=0.35 light_dir=(-0.377339,-0.898425,-0.224606) ambient=0.2 intensity=1.2 tex=0 normal_tex=0 mr_tex=0 color=(0.35,0.75,1,1) mat=(0.35,0.75,1) metal=0 rough=0.45 ao=1 ds=1 v0_color=(0.35,0.75,1,1) v0_n=(0,0,1) v0_uv=(0,0) v0_w=(1,0,0,0) v0_j=(0,0,0,0) bones=2 palettes=1 b0=1 bone_t_min=(0,-1.46888,-0.190061) bone_t_max=(0,0.00664062,0) bounds_min=(-0.863902,0.05,-0.632618) bounds_max=(-0.836098,1.7175,-0.127382)
[INFO] [DIAG-SkinDraw] depth=1 ortho=0 shadow_cull=0 instanced=0 inst_count=1 cull=0 cull_mode=1028 front_face=2305 depth_test=1 depth_write=1 depth_func=515 bones=2 palettes=1 b0=1 b0_t=(0,0.00664062,0) bone_offset=0 shading=0 lit=1 recv_shadow=1 shadow_strength=0.35 light_dir=(-0.377339,-0.898425,-0.224606) ambient=0.2 intensity=1.2 tex=0 normal_tex=0 mr_tex=0 ds=1 mat=(0.35,0.75,1) metal=0 rough=0.45 ao=1 vtx=6 idx=12 v0_color=(0.35,0.75,1,1) v0_n=(0,0,1) v0_uv=(0,0) v0_w=(1,0,0,0) v0_j=(0,0,0,0)
[INFO] [DIAG-SkinDraw] depth=1 ortho=1 shadow_cull=1 instanced=0 inst_count=1 cull=0 cull_mode=1028 front_face=2305 depth_test=1 depth_write=1 depth_func=515 bones=2 palettes=1 b0=1 b0_t=(0,0.00664062,0) bone_offset=0 shading=0 lit=1 recv_shadow=1 shadow_strength=0.35 light_dir=(-0.377339,-0.898425,-0.224606) ambient=0.2 intensity=1.2 tex=0 normal_tex=0 mr_tex=0 ds=1 mat=(0.35,0.75,1) metal=0 rough=0.45 ao=1 vtx=6 idx=12 v0_color=(0.35,0.75,1,1) v0_n=(0,0,1) v0_uv=(0,0) v0_w=(1,0,0,0) v0_j=(0,0,0,0)
[INFO] [DIAG-SkinDraw] depth=1 ortho=1 shadow_cull=1 instanced=0 inst_count=1 cull=0 cull_mode=1028 front_face=2305 depth_test=1 depth_write=1 depth_func=515 bones=2 palettes=1 b0=1 b0_t=(0,0.00664062,0) bone_offset=0 shading=0 lit=1 recv_shadow=1 shadow_strength=0.35 light_dir=(-0.377339,-0.898425,-0.224606) ambient=0.2 intensity=1.2 tex=0 normal_tex=0 mr_tex=0 ds=1 mat=(0.35,0.75,1) metal=0 rough=0.45 ao=1 vtx=6 idx=12 v0_color=(0.35,0.75,1,1) v0_n=(0,0,1) v0_uv=(0,0) v0_w=(1,0,0,0) v0_j=(0,0,0,0)
[INFO] [DIAG-SkinDraw] depth=1 ortho=1 shadow_cull=1 instanced=0 inst_count=1 cull=0 cull_mode=1028 front_face=2305 depth_test=1 depth_write=1 depth_func=515 bones=2 palettes=1 b0=1 b0_t=(0,0.00664062,0) bone_offset=0 shading=0 lit=1 recv_shadow=1 shadow_strength=0.35 light_dir=(-0.377339,-0.898425,-0.224606) ambient=0.2 intensity=1.2 tex=0 normal_tex=0 mr_tex=0 ds=1 mat=(0.35,0.75,1) metal=0 rough=0.45 ao=1 vtx=6 idx=12 v0_color=(0.35,0.75,1,1) v0_n=(0,0,1) v0_uv=(0,0) v0_w=(1,0,0,0) v0_j=(0,0,0,0)
[INFO] [DIAG-SkinDraw] depth=0 ortho=0 shadow_cull=0 instanced=0 inst_count=1 cull=0 cull_mode=1028 front_face=2305 depth_test=1 depth_write=1 depth_func=515 bones=2 palettes=1 b0=1 b0_t=(0,0.00664062,0) bone_offset=0 shading=0 lit=1 recv_shadow=1 shadow_strength=0.35 light_dir=(-0.377339,-0.898425,-0.224606) ambient=0.2 intensity=1.2 tex=0 normal_tex=0 mr_tex=0 ds=1 mat=(0.35,0.75,1) metal=0 rough=0.45 ao=1 vtx=6 idx=12 v0_color=(0.35,0.75,1,1) v0_n=(0,0,1) v0_uv=(0,0) v0_w=(1,0,0,0) v0_j=(0,0,0,0)
[INFO] [DIAG-MeshSubmit] entity=6 path=animation/minimal_rig/two_bone.dmesh shared=1 vtx=6 idx=12 stride=20 shading=0 lit=1 recv_shadow=1 shadow_strength=0.35 light_dir=(-0.377339,-0.898425,-0.224606) ambient=0.2 intensity=1.2 tex=0 normal_tex=0 mr_tex=0 color=(0.35,0.75,1,1) mat=(0.35,0.75,1) metal=0 rough=0.45 ao=1 ds=1 v0_color=(0.35,0.75,1,1) v0_n=(0,0,1) v0_uv=(0,0) v0_w=(1,0,0,0) v0_j=(0,0,0,0) bones=2 palettes=1 b0=1 bone_t_min=(0,-1.46889,-0.189958) bone_t_max=(0,0.0066569,0) bounds_min=(-0.863902,0.05,-0.632618) bounds_max=(-0.836098,1.7175,-0.127382)
[INFO] [DIAG-SkinDraw] depth=1 ortho=0 shadow_cull=0 instanced=0 inst_count=1 cull=0 cull_mode=1028 front_face=2305 depth_test=1 depth_write=1 depth_func=515 bones=2 palettes=1 b0=1 b0_t=(0,0.0066569,0) bone_offset=0 shading=0 lit=1 recv_shadow=1 shadow_strength=0.35 light_dir=(-0.377339,-0.898425,-0.224606) ambient=0.2 intensity=1.2 tex=0 normal_tex=0 mr_tex=0 ds=1 mat=(0.35,0.75,1) metal=0 rough=0.45 ao=1 vtx=6 idx=12 v0_color=(0.35,0.75,1,1) v0_n=(0,0,1) v0_uv=(0,0) v0_w=(1,0,0,0) v0_j=(0,0,0,0)
[INFO] [DIAG-SkinDraw] depth=1 ortho=1 shadow_cull=1 instanced=0 inst_count=1 cull=0 cull_mode=1028 front_face=2305 depth_test=1 depth_write=1 depth_func=515 bones=2 palettes=1 b0=1 b0_t=(0,0.0066569,0) bone_offset=0 shading=0 lit=1 recv_shadow=1 shadow_strength=0.35 light_dir=(-0.377339,-0.898425,-0.224606) ambient=0.2 intensity=1.2 tex=0 normal_tex=0 mr_tex=0 ds=1 mat=(0.35,0.75,1) metal=0 rough=0.45 ao=1 vtx=6 idx=12 v0_color=(0.35,0.75,1,1) v0_n=(0,0,1) v0_uv=(0,0) v0_w=(1,0,0,0) v0_j=(0,0,0,0)
[INFO] [DIAG-SkinDraw] depth=1 ortho=1 shadow_cull=1 instanced=0 inst_count=1 cull=0 cull_mode=1028 front_face=2305 depth_test=1 depth_write=1 depth_func=515 bones=2 palettes=1 b0=1 b0_t=(0,0.0066569,0) bone_offset=0 shading=0 lit=1 recv_shadow=1 shadow_strength=0.35 light_dir=(-0.377339,-0.898425,-0.224606) ambient=0.2 intensity=1.2 tex=0 normal_tex=0 mr_tex=0 ds=1 mat=(0.35,0.75,1) metal=0 rough=0.45 ao=1 vtx=6 idx=12 v0_color=(0.35,0.75,1,1) v0_n=(0,0,1) v0_uv=(0,0) v0_w=(1,0,0,0) v0_j=(0,0,0,0)
[INFO] [DIAG-SkinDraw] depth=1 ortho=1 shadow_cull=1 instanced=0 inst_count=1 cull=0 cull_mode=1028 front_face=2305 depth_test=1 depth_write=1 depth_func=515 bones=2 palettes=1 b0=1 b0_t=(0,0.0066569,0) bone_offset=0 shading=0 lit=1 recv_shadow=1 shadow_strength=0.35 light_dir=(-0.377339,-0.898425,-0.224606) ambient=0.2 intensity=1.2 tex=0 normal_tex=0 mr_tex=0 ds=1 mat=(0.35,0.75,1) metal=0 rough=0.45 ao=1 vtx=6 idx=12 v0_color=(0.35,0.75,1,1) v0_n=(0,0,1) v0_uv=(0,0) v0_w=(1,0,0,0) v0_j=(0,0,0,0)
[INFO] [DIAG-SkinDraw] depth=0 ortho=0 shadow_cull=0 instanced=0 inst_count=1 cull=0 cull_mode=1028 front_face=2305 depth_test=1 depth_write=1 depth_func=515 bones=2 palettes=1 b0=1 b0_t=(0,0.0066569,0) bone_offset=0 shading=0 lit=1 recv_shadow=1 shadow_strength=0.35 light_dir=(-0.377339,-0.898425,-0.224606) ambient=0.2 intensity=1.2 tex=0 normal_tex=0 mr_tex=0 ds=1 mat=(0.35,0.75,1) metal=0 rough=0.45 ao=1 vtx=6 idx=12 v0_color=(0.35,0.75,1,1) v0_n=(0,0,1) v0_uv=(0,0) v0_w=(1,0,0,0) v0_j=(0,0,0,0)
[INFO] [DIAG-MeshSubmit] entity=6 path=animation/minimal_rig/two_bone.dmesh shared=1 vtx=6 idx=12 stride=20 shading=0 lit=1 recv_shadow=1 shadow_strength=0.35 light_dir=(-0.377339,-0.898425,-0.224606) ambient=0.2 intensity=1.2 tex=0 normal_tex=0 mr_tex=0 color=(0.35,0.75,1,1) mat=(0.35,0.75,1) metal=0 rough=0.45 ao=1 ds=1 v0_color=(0.35,0.75,1,1) v0_n=(0,0,1) v0_uv=(0,0) v0_w=(1,0,0,0) v0_j=(0,0,0,0) bones=2 palettes=1 b0=1 bone_t_min=(0,-1.46881,-0.190731) bone_t_max=(0,0.00653483,0) bounds_min=(-0.863902,0.05,-0.632618) bounds_max=(-0.836098,1.7175,-0.127382)
[INFO] [DIAG-SkinDraw] depth=1 ortho=0 shadow_cull=0 instanced=0 inst_count=1 cull=0 cull_mode=1028 front_face=2305 depth_test=1 depth_write=1 depth_func=515 bones=2 palettes=1 b0=1 b0_t=(0,0.00653483,0) bone_offset=0 shading=0 lit=1 recv_shadow=1 shadow_strength=0.35 light_dir=(-0.377339,-0.898425,-0.224606) ambient=0.2 intensity=1.2 tex=0 normal_tex=0 mr_tex=0 ds=1 mat=(0.35,0.75,1) metal=0 rough=0.45 ao=1 vtx=6 idx=12 v0_color=(0.35,0.75,1,1) v0_n=(0,0,1) v0_uv=(0,0) v0_w=(1,0,0,0) v0_j=(0,0,0,0)
[INFO] [DIAG-SkinDraw] depth=1 ortho=1 shadow_cull=1 instanced=0 inst_count=1 cull=0 cull_mode=1028 front_face=2305 depth_test=1 depth_write=1 depth_func=515 bones=2 palettes=1 b0=1 b0_t=(0,0.00653483,0) bone_offset=0 shading=0 lit=1 recv_shadow=1 shadow_strength=0.35 light_dir=(-0.377339,-0.898425,-0.224606) ambient=0.2 intensity=1.2 tex=0 normal_tex=0 mr_tex=0 ds=1 mat=(0.35,0.75,1) metal=0 rough=0.45 ao=1 vtx=6 idx=12 v0_color=(0.35,0.75,1,1) v0_n=(0,0,1) v0_uv=(0,0) v0_w=(1,0,0,0) v0_j=(0,0,0,0)
[INFO] [DIAG-SkinDraw] depth=1 ortho=1 shadow_cull=1 instanced=0 inst_count=1 cull=0 cull_mode=1028 front_face=2305 depth_test=1 depth_write=1 depth_func=515 bones=2 palettes=1 b0=1 b0_t=(0,0.00653483,0) bone_offset=0 shading=0 lit=1 recv_shadow=1 shadow_strength=0.35 light_dir=(-0.377339,-0.898425,-0.224606) ambient=0.2 intensity=1.2 tex=0 normal_tex=0 mr_tex=0 ds=1 mat=(0.35,0.75,1) metal=0 rough=0.45 ao=1 vtx=6 idx=12 v0_color=(0.35,0.75,1,1) v0_n=(0,0,1) v0_uv=(0,0) v0_w=(1,0,0,0) v0_j=(0,0,0,0)
[INFO] [DIAG-SkinDraw] depth=1 ortho=1 shadow_cull=1 instanced=0 inst_count=1 cull=0 cull_mode=1028 front_face=2305 depth_test=1 depth_write=1 depth_func=515 bones=2 palettes=1 b0=1 b0_t=(0,0.00653483,0) bone_offset=0 shading=0 lit=1 recv_shadow=1 shadow_strength=0.35 light_dir=(-0.377339,-0.898425,-0.224606) ambient=0.2 intensity=1.2 tex=0 normal_tex=0 mr_tex=0 ds=1 mat=(0.35,0.75,1) metal=0 rough=0.45 ao=1 vtx=6 idx=12 v0_color=(0.35,0.75,1,1) v0_n=(0,0,1) v0_uv=(0,0) v0_w=(1,0,0,0) v0_j=(0,0,0,0)
[INFO] [DIAG-SkinDraw] depth=0 ortho=0 shadow_cull=0 instanced=0 inst_count=1 cull=0 cull_mode=1028 front_face=2305 depth_test=1 depth_write=1 depth_func=515 bones=2 palettes=1 b0=1 b0_t=(0,0.00653483,0) bone_offset=0 shading=0 lit=1 recv_shadow=1 shadow_strength=0.35 light_dir=(-0.377339,-0.898425,-0.224606) ambient=0.2 intensity=1.2 tex=0 normal_tex=0 mr_tex=0 ds=1 mat=(0.35,0.75,1) metal=0 rough=0.45 ao=1 vtx=6 idx=12 v0_color=(0.35,0.75,1,1) v0_n=(0,0,1) v0_uv=(0,0) v0_w=(1,0,0,0) v0_j=(0,0,0,0)
[INFO] [DIAG-MeshSubmit] entity=6 path=animation/minimal_rig/two_bone.dmesh shared=1 vtx=6 idx=12 stride=20 shading=0 lit=1 recv_shadow=1 shadow_strength=0.35 light_dir=(-0.377339,-0.898425,-0.224606) ambient=0.2 intensity=1.2 tex=0 normal_tex=0 mr_tex=0 color=(0.35,0.75,1,1) mat=(0.35,0.75,1) metal=0 rough=0.45 ao=1 ds=1 v0_color=(0.35,0.75,1,1) v0_n=(0,0,1) v0_uv=(0,0) v0_w=(1,0,0,0) v0_j=(0,0,0,0) bones=2 palettes=1 b0=1 bone_t_min=(0,-1.46893,-0.189546) bone_t_max=(0,0.00672201,0) bounds_min=(-0.863902,0.05,-0.632618) bounds_max=(-0.836098,1.7175,-0.127382)
[INFO] [DIAG-SkinDraw] depth=1 ortho=0 shadow_cull=0 instanced=0 inst_count=1 cull=0 cull_mode=1028 front_face=2305 depth_test=1 depth_write=1 depth_func=515 bones=2 palettes=1 b0=1 b0_t=(0,0.00672201,0) bone_offset=0 shading=0 lit=1 recv_shadow=1 shadow_strength=0.35 light_dir=(-0.377339,-0.898425,-0.224606) ambient=0.2 intensity=1.2 tex=0 normal_tex=0 mr_tex=0 ds=1 mat=(0.35,0.75,1) metal=0 rough=0.45 ao=1 vtx=6 idx=12 v0_color=(0.35,0.75,1,1) v0_n=(0,0,1) v0_uv=(0,0) v0_w=(1,0,0,0) v0_j=(0,0,0,0)
[INFO] [DIAG-SkinDraw] depth=1 ortho=1 shadow_cull=1 instanced=0 inst_count=1 cull=0 cull_mode=1028 front_face=2305 depth_test=1 depth_write=1 depth_func=515 bones=2 palettes=1 b0=1 b0_t=(0,0.00672201,0) bone_offset=0 shading=0 lit=1 recv_shadow=1 shadow_strength=0.35 light_dir=(-0.377339,-0.898425,-0.224606) ambient=0.2 intensity=1.2 tex=0 normal_tex=0 mr_tex=0 ds=1 mat=(0.35,0.75,1) metal=0 rough=0.45 ao=1 vtx=6 idx=12 v0_color=(0.35,0.75,1,1) v0_n=(0,0,1) v0_uv=(0,0) v0_w=(1,0,0,0) v0_j=(0,0,0,0)
[INFO] [DIAG-SkinDraw] depth=1 ortho=1 shadow_cull=1 instanced=0 inst_count=1 cull=0 cull_mode=1028 front_face=2305 depth_test=1 depth_write=1 depth_func=515 bones=2 palettes=1 b0=1 b0_t=(0,0.00672201,0) bone_offset=0 shading=0 lit=1 recv_shadow=1 shadow_strength=0.35 light_dir=(-0.377339,-0.898425,-0.224606) ambient=0.2 intensity=1.2 tex=0 normal_tex=0 mr_tex=0 ds=1 mat=(0.35,0.75,1) metal=0 rough=0.45 ao=1 vtx=6 idx=12 v0_color=(0.35,0.75,1,1) v0_n=(0,0,1) v0_uv=(0,0) v0_w=(1,0,0,0) v0_j=(0,0,0,0)
[INFO] [DIAG-SkinDraw] depth=1 ortho=1 shadow_cull=1 instanced=0 inst_count=1 cull=0 cull_mode=1028 front_face=2305 depth_test=1 depth_write=1 depth_func=515 bones=2 palettes=1 b0=1 b0_t=(0,0.00672201,0) bone_offset=0 shading=0 lit=1 recv_shadow=1 shadow_strength=0.35 light_dir=(-0.377339,-0.898425,-0.224606) ambient=0.2 intensity=1.2 tex=0 normal_tex=0 mr_tex=0 ds=1 mat=(0.35,0.75,1) metal=0 rough=0.45 ao=1 vtx=6 idx=12 v0_color=(0.35,0.75,1,1) v0_n=(0,0,1) v0_uv=(0,0) v0_w=(1,0,0,0) v0_j=(0,0,0,0)
[INFO] [DIAG-SkinDraw] depth=0 ortho=0 shadow_cull=0 instanced=0 inst_count=1 cull=0 cull_mode=1028 front_face=2305 depth_test=1 depth_write=1 depth_func=515 bones=2 palettes=1 b0=1 b0_t=(0,0.00672201,0) bone_offset=0 shading=0 lit=1 recv_shadow=1 shadow_strength=0.35 light_dir=(-0.377339,-0.898425,-0.224606) ambient=0.2 intensity=1.2 tex=0 normal_tex=0 mr_tex=0 ds=1 mat=(0.35,0.75,1) metal=0 rough=0.45 ao=1 vtx=6 idx=12 v0_color=(0.35,0.75,1,1) v0_n=(0,0,1) v0_uv=(0,0) v0_w=(1,0,0,0) v0_j=(0,0,0,0)
[INFO] [DIAG-MeshSubmit] entity=6 path=animation/minimal_rig/two_bone.dmesh shared=1 vtx=6 idx=12 stride=20 shading=0 lit=1 recv_shadow=1 shadow_strength=0.35 light_dir=(-0.377339,-0.898425,-0.224606) ambient=0.2 intensity=1.2 tex=0 normal_tex=0 mr_tex=0 color=(0.35,0.75,1,1) mat=(0.35,0.75,1) metal=0 rough=0.45 ao=1 ds=1 v0_color=(0.35,0.75,1,1) v0_n=(0,0,1) v0_uv=(0,0) v0_w=(1,0,0,0) v0_j=(0,0,0,0) bones=2 palettes=1 b0=1 bone_t_min=(0,-1.47025,-0.175391) bone_t_max=(0,0.00895182,0) bounds_min=(-0.863902,0.05,-0.632618) bounds_max=(-0.836098,1.7175,-0.127382)
[INFO] [DIAG-SkinDraw] depth=1 ortho=0 shadow_cull=0 instanced=0 inst_count=1 cull=0 cull_mode=1028 front_face=2305 depth_test=1 depth_write=1 depth_func=515 bones=2 palettes=1 b0=1 b0_t=(0,0.00895182,0) bone_offset=0 shading=0 lit=1 recv_shadow=1 shadow_strength=0.35 light_dir=(-0.377339,-0.898425,-0.224606) ambient=0.2 intensity=1.2 tex=0 normal_tex=0 mr_tex=0 ds=1 mat=(0.35,0.75,1) metal=0 rough=0.45 ao=1 vtx=6 idx=12 v0_color=(0.35,0.75,1,1) v0_n=(0,0,1) v0_uv=(0,0) v0_w=(1,0,0,0) v0_j=(0,0,0,0)
[INFO] [DIAG-SkinDraw] depth=1 ortho=1 shadow_cull=1 instanced=0 inst_count=1 cull=0 cull_mode=1028 front_face=2305 depth_test=1 depth_write=1 depth_func=515 bones=2 palettes=1 b0=1 b0_t=(0,0.00895182,0) bone_offset=0 shading=0 lit=1 recv_shadow=1 shadow_strength=0.35 light_dir=(-0.377339,-0.898425,-0.224606) ambient=0.2 intensity=1.2 tex=0 normal_tex=0 mr_tex=0 ds=1 mat=(0.35,0.75,1) metal=0 rough=0.45 ao=1 vtx=6 idx=12 v0_color=(0.35,0.75,1,1) v0_n=(0,0,1) v0_uv=(0,0) v0_w=(1,0,0,0) v0_j=(0,0,0,0)
[INFO] [DIAG-SkinDraw] depth=1 ortho=1 shadow_cull=1 instanced=0 inst_count=1 cull=0 cull_mode=1028 front_face=2305 depth_test=1 depth_write=1 depth_func=515 bones=2 palettes=1 b0=1 b0_t=(0,0.00895182,0) bone_offset=0 shading=0 lit=1 recv_shadow=1 shadow_strength=0.35 light_dir=(-0.377339,-0.898425,-0.224606) ambient=0.2 intensity=1.2 tex=0 normal_tex=0 mr_tex=0 ds=1 mat=(0.35,0.75,1) metal=0 rough=0.45 ao=1 vtx=6 idx=12 v0_color=(0.35,0.75,1,1) v0_n=(0,0,1) v0_uv=(0,0) v0_w=(1,0,0,0) v0_j=(0,0,0,0)
[INFO] [DIAG-SkinDraw] depth=1 ortho=1 shadow_cull=1 instanced=0 inst_count=1 cull=0 cull_mode=1028 front_face=2305 depth_test=1 depth_write=1 depth_func=515 bones=2 palettes=1 b0=1 b0_t=(0,0.00895182,0) bone_offset=0 shading=0 lit=1 recv_shadow=1 shadow_strength=0.35 light_dir=(-0.377339,-0.898425,-0.224606) ambient=0.2 intensity=1.2 tex=0 normal_tex=0 mr_tex=0 ds=1 mat=(0.35,0.75,1) metal=0 rough=0.45 ao=1 vtx=6 idx=12 v0_color=(0.35,0.75,1,1) v0_n=(0,0,1) v0_uv=(0,0) v0_w=(1,0,0,0) v0_j=(0,0,0,0)
[INFO] [DIAG-SkinDraw] depth=0 ortho=0 shadow_cull=0 instanced=0 inst_count=1 cull=0 cull_mode=1028 front_face=2305 depth_test=1 depth_write=1 depth_func=515 bones=2 palettes=1 b0=1 b0_t=(0,0.00895182,0) bone_offset=0 shading=0 lit=1 recv_shadow=1 shadow_strength=0.35 light_dir=(-0.377339,-0.898425,-0.224606) ambient=0.2 intensity=1.2 tex=0 normal_tex=0 mr_tex=0 ds=1 mat=(0.35,0.75,1) metal=0 rough=0.45 ao=1 vtx=6 idx=12 v0_color=(0.35,0.75,1,1) v0_n=(0,0,1) v0_uv=(0,0) v0_w=(1,0,0,0) v0_j=(0,0,0,0)
[INFO] [DIAG-MeshSubmit] entity=6 path=animation/minimal_rig/two_bone.dmesh shared=1 vtx=6 idx=12 stride=20 shading=0 lit=1 recv_shadow=1 shadow_strength=0.35 light_dir=(-0.377339,-0.898425,-0.224606) ambient=0.2 intensity=1.2 tex=0 normal_tex=0 mr_tex=0 color=(0.35,0.75,1,1) mat=(0.35,0.75,1) metal=0 rough=0.45 ao=1 ds=1 v0_color=(0.35,0.75,1,1) v0_n=(0,0,1) v0_uv=(0,0) v0_w=(1,0,0,0) v0_j=(0,0,0,0) bones=2 palettes=1 b0=1 bone_t_min=(0,-1.46888,-0.19001) bone_t_max=(0,0.00664876,0) bounds_min=(-0.863902,0.05,-0.632618) bounds_max=(-0.836098,1.7175,-0.127382)
[INFO] [DIAG-SkinDraw] depth=1 ortho=0 shadow_cull=0 instanced=0 inst_count=1 cull=0 cull_mode=1028 front_face=2305 depth_test=1 depth_write=1 depth_func=515 bones=2 palettes=1 b0=1 b0_t=(0,0.00664876,0) bone_offset=0 shading=0 lit=1 recv_shadow=1 shadow_strength=0.35 light_dir=(-0.377339,-0.898425,-0.224606) ambient=0.2 intensity=1.2 tex=0 normal_tex=0 mr_tex=0 ds=1 mat=(0.35,0.75,1) metal=0 rough=0.45 ao=1 vtx=6 idx=12 v0_color=(0.35,0.75,1,1) v0_n=(0,0,1) v0_uv=(0,0) v0_w=(1,0,0,0) v0_j=(0,0,0,0)
[INFO] [DIAG-SkinDraw] depth=1 ortho=1 shadow_cull=1 instanced=0 inst_count=1 cull=0 cull_mode=1028 front_face=2305 depth_test=1 depth_write=1 depth_func=515 bones=2 palettes=1 b0=1 b0_t=(0,0.00664876,0) bone_offset=0 shading=0 lit=1 recv_shadow=1 shadow_strength=0.35 light_dir=(-0.377339,-0.898425,-0.224606) ambient=0.2 intensity=1.2 tex=0 normal_tex=0 mr_tex=0 ds=1 mat=(0.35,0.75,1) metal=0 rough=0.45 ao=1 vtx=6 idx=12 v0_color=(0.35,0.75,1,1) v0_n=(0,0,1) v0_uv=(0,0) v0_w=(1,0,0,0) v0_j=(0,0,0,0)
[INFO] [DIAG-SkinDraw] depth=1 ortho=1 shadow_cull=1 instanced=0 inst_count=1 cull=0 cull_mode=1028 front_face=2305 depth_test=1 depth_write=1 depth_func=515 bones=2 palettes=1 b0=1 b0_t=(0,0.00664876,0) bone_offset=0 shading=0 lit=1 recv_shadow=1 shadow_strength=0.35 light_dir=(-0.377339,-0.898425,-0.224606) ambient=0.2 intensity=1.2 tex=0 normal_tex=0 mr_tex=0 ds=1 mat=(0.35,0.75,1) metal=0 rough=0.45 ao=1 vtx=6 idx=12 v0_color=(0.35,0.75,1,1) v0_n=(0,0,1) v0_uv=(0,0) v0_w=(1,0,0,0) v0_j=(0,0,0,0)
[INFO] [DIAG-SkinDraw] depth=1 ortho=1 shadow_cull=1 instanced=0 inst_count=1 cull=0 cull_mode=1028 front_face=2305 depth_test=1 depth_write=1 depth_func=515 bones=2 palettes=1 b0=1 b0_t=(0,0.00664876,0) bone_offset=0 shading=0 lit=1 recv_shadow=1 shadow_strength=0.35 light_dir=(-0.377339,-0.898425,-0.224606) ambient=0.2 intensity=1.2 tex=0 normal_tex=0 mr_tex=0 ds=1 mat=(0.35,0.75,1) metal=0 rough=0.45 ao=1 vtx=6 idx=12 v0_color=(0.35,0.75,1,1) v0_n=(0,0,1) v0_uv=(0,0) v0_w=(1,0,0,0) v0_j=(0,0,0,0)
[INFO] [DIAG-SkinDraw] depth=0 ortho=0 shadow_cull=0 instanced=0 inst_count=1 cull=0 cull_mode=1028 front_face=2305 depth_test=1 depth_write=1 depth_func=515 bones=2 palettes=1 b0=1 b0_t=(0,0.00664876,0) bone_offset=0 shading=0 lit=1 recv_shadow=1 shadow_strength=0.35 light_dir=(-0.377339,-0.898425,-0.224606) ambient=0.2 intensity=1.2 tex=0 normal_tex=0 mr_tex=0 ds=1 mat=(0.35,0.75,1) metal=0 rough=0.45 ao=1 vtx=6 idx=12 v0_color=(0.35,0.75,1,1) v0_n=(0,0,1) v0_uv=(0,0) v0_w=(1,0,0,0) v0_j=(0,0,0,0)
[INFO] [DIAG-MeshSubmit] entity=6 path=animation/minimal_rig/two_bone.dmesh shared=1 vtx=6 idx=12 stride=20 shading=0 lit=1 recv_shadow=1 shadow_strength=0.35 light_dir=(-0.377339,-0.898425,-0.224606) ambient=0.2 intensity=1.2 tex=0 normal_tex=0 mr_tex=0 color=(0.35,0.75,1,1) mat=(0.35,0.75,1) metal=0 rough=0.45 ao=1 ds=1 v0_color=(0.35,0.75,1,1) v0_n=(0,0,1) v0_uv=(0,0) v0_w=(1,0,0,0) v0_j=(0,0,0,0) bones=2 palettes=1 b0=1 bone_t_min=(0,-1.47025,-0.175391) bone_t_max=(0,0.00895182,0) bounds_min=(-0.863902,0.05,-0.632618) bounds_max=(-0.836098,1.7175,-0.127382)
[INFO] [DIAG-SkinDraw] depth=1 ortho=0 shadow_cull=0 instanced=0 inst_count=1 cull=0 cull_mode=1028 front_face=2305 depth_test=1 depth_write=1 depth_func=515 bones=2 palettes=1 b0=1 b0_t=(0,0.00895182,0) bone_offset=0 shading=0 lit=1 recv_shadow=1 shadow_strength=0.35 light_dir=(-0.377339,-0.898425,-0.224606) ambient=0.2 intensity=1.2 tex=0 normal_tex=0 mr_tex=0 ds=1 mat=(0.35,0.75,1) metal=0 rough=0.45 ao=1 vtx=6 idx=12 v0_color=(0.35,0.75,1,1) v0_n=(0,0,1) v0_uv=(0,0) v0_w=(1,0,0,0) v0_j=(0,0,0,0)
[INFO] [DIAG-SkinDraw] depth=1 ortho=1 shadow_cull=1 instanced=0 inst_count=1 cull=0 cull_mode=1028 front_face=2305 depth_test=1 depth_write=1 depth_func=515 bones=2 palettes=1 b0=1 b0_t=(0,0.00895182,0) bone_offset=0 shading=0 lit=1 recv_shadow=1 shadow_strength=0.35 light_dir=(-0.377339,-0.898425,-0.224606) ambient=0.2 intensity=1.2 tex=0 normal_tex=0 mr_tex=0 ds=1 mat=(0.35,0.75,1) metal=0 rough=0.45 ao=1 vtx=6 idx=12 v0_color=(0.35,0.75,1,1) v0_n=(0,0,1) v0_uv=(0,0) v0_w=(1,0,0,0) v0_j=(0,0,0,0)
[INFO] [DIAG-SkinDraw] depth=1 ortho=1 shadow_cull=1 instanced=0 inst_count=1 cull=0 cull_mode=1028 front_face=2305 depth_test=1 depth_write=1 depth_func=515 bones=2 palettes=1 b0=1 b0_t=(0,0.00895182,0) bone_offset=0 shading=0 lit=1 recv_shadow=1 shadow_strength=0.35 light_dir=(-0.377339,-0.898425,-0.224606) ambient=0.2 intensity=1.2 tex=0 normal_tex=0 mr_tex=0 ds=1 mat=(0.35,0.75,1) metal=0 rough=0.45 ao=1 vtx=6 idx=12 v0_color=(0.35,0.75,1,1) v0_n=(0,0,1) v0_uv=(0,0) v0_w=(1,0,0,0) v0_j=(0,0,0,0)
[INFO] [DIAG-SkinDraw] depth=1 ortho=1 shadow_cull=1 instanced=0 inst_count=1 cull=0 cull_mode=1028 front_face=2305 depth_test=1 depth_write=1 depth_func=515 bones=2 palettes=1 b0=1 b0_t=(0,0.00895182,0) bone_offset=0 shading=0 lit=1 recv_shadow=1 shadow_strength=0.35 light_dir=(-0.377339,-0.898425,-0.224606) ambient=0.2 intensity=1.2 tex=0 normal_tex=0 mr_tex=0 ds=1 mat=(0.35,0.75,1) metal=0 rough=0.45 ao=1 vtx=6 idx=12 v0_color=(0.35,0.75,1,1) v0_n=(0,0,1) v0_uv=(0,0) v0_w=(1,0,0,0) v0_j=(0,0,0,0)
[INFO] [DIAG-SkinDraw] depth=0 ortho=0 shadow_cull=0 instanced=0 inst_count=1 cull=0 cull_mode=1028 front_face=2305 depth_test=1 depth_write=1 depth_func=515 bones=2 palettes=1 b0=1 b0_t=(0,0.00895182,0) bone_offset=0 shading=0 lit=1 recv_shadow=1 shadow_strength=0.35 light_dir=(-0.377339,-0.898425,-0.224606) ambient=0.2 intensity=1.2 tex=0 normal_tex=0 mr_tex=0 ds=1 mat=(0.35,0.75,1) metal=0 rough=0.45 ao=1 vtx=6 idx=12 v0_color=(0.35,0.75,1,1) v0_n=(0,0,1) v0_uv=(0,0) v0_w=(1,0,0,0) v0_j=(0,0,0,0)
[INFO] [DIAG-MeshSubmit] entity=6 path=animation/minimal_rig/two_bone.dmesh shared=1 vtx=6 idx=12 stride=20 shading=0 lit=1 recv_shadow=1 shadow_strength=0.35 light_dir=(-0.377339,-0.898425,-0.224606) ambient=0.2 intensity=1.2 tex=0 normal_tex=0 mr_tex=0 color=(0.35,0.75,1,1) mat=(0.35,0.75,1) metal=0 rough=0.45 ao=1 ds=1 v0_color=(0.35,0.75,1,1) v0_n=(0,0,1) v0_uv=(0,0) v0_w=(1,0,0,0) v0_j=(0,0,0,0) bones=2 palettes=1 b0=1 bone_t_min=(0,-1.47017,-0.176374) bone_t_max=(0,0.0087972,0) bounds_min=(-0.863902,0.05,-0.632618) bounds_max=(-0.836098,1.7175,-0.127382)
[INFO] [DIAG-SkinDraw] depth=1 ortho=0 shadow_cull=0 instanced=0 inst_count=1 cull=0 cull_mode=1028 front_face=2305 depth_test=1 depth_write=1 depth_func=515 bones=2 palettes=1 b0=1 b0_t=(0,0.0087972,0) bone_offset=0 shading=0 lit=1 recv_shadow=1 shadow_strength=0.35 light_dir=(-0.377339,-0.898425,-0.224606) ambient=0.2 intensity=1.2 tex=0 normal_tex=0 mr_tex=0 ds=1 mat=(0.35,0.75,1) metal=0 rough=0.45 ao=1 vtx=6 idx=12 v0_color=(0.35,0.75,1,1) v0_n=(0,0,1) v0_uv=(0,0) v0_w=(1,0,0,0) v0_j=(0,0,0,0)
[INFO] [DIAG-SkinDraw] depth=1 ortho=1 shadow_cull=1 instanced=0 inst_count=1 cull=0 cull_mode=1028 front_face=2305 depth_test=1 depth_write=1 depth_func=515 bones=2 palettes=1 b0=1 b0_t=(0,0.0087972,0) bone_offset=0 shading=0 lit=1 recv_shadow=1 shadow_strength=0.35 light_dir=(-0.377339,-0.898425,-0.224606) ambient=0.2 intensity=1.2 tex=0 normal_tex=0 mr_tex=0 ds=1 mat=(0.35,0.75,1) metal=0 rough=0.45 ao=1 vtx=6 idx=12 v0_color=(0.35,0.75,1,1) v0_n=(0,0,1) v0_uv=(0,0) v0_w=(1,0,0,0) v0_j=(0,0,0,0)
[INFO] [DIAG-SkinDraw] depth=1 ortho=1 shadow_cull=1 instanced=0 inst_count=1 cull=0 cull_mode=1028 front_face=2305 depth_test=1 depth_write=1 depth_func=515 bones=2 palettes=1 b0=1 b0_t=(0,0.0087972,0) bone_offset=0 shading=0 lit=1 recv_shadow=1 shadow_strength=0.35 light_dir=(-0.377339,-0.898425,-0.224606) ambient=0.2 intensity=1.2 tex=0 normal_tex=0 mr_tex=0 ds=1 mat=(0.35,0.75,1) metal=0 rough=0.45 ao=1 vtx=6 idx=12 v0_color=(0.35,0.75,1,1) v0_n=(0,0,1) v0_uv=(0,0) v0_w=(1,0,0,0) v0_j=(0,0,0,0)
[INFO] [DIAG-SkinDraw] depth=1 ortho=1 shadow_cull=1 instanced=0 inst_count=1 cull=0 cull_mode=1028 front_face=2305 depth_test=1 depth_write=1 depth_func=515 bones=2 palettes=1 b0=1 b0_t=(0,0.0087972,0) bone_offset=0 shading=0 lit=1 recv_shadow=1 shadow_strength=0.35 light_dir=(-0.377339,-0.898425,-0.224606) ambient=0.2 intensity=1.2 tex=0 normal_tex=0 mr_tex=0 ds=1 mat=(0.35,0.75,1) metal=0 rough=0.45 ao=1 vtx=6 idx=12 v0_color=(0.35,0.75,1,1) v0_n=(0,0,1) v0_uv=(0,0) v0_w=(1,0,0,0) v0_j=(0,0,0,0)
[INFO] [DIAG-SkinDraw] depth=0 ortho=0 shadow_cull=0 instanced=0 inst_count=1 cull=0 cull_mode=1028 front_face=2305 depth_test=1 depth_write=1 depth_func=515 bones=2 palettes=1 b0=1 b0_t=(0,0.0087972,0) bone_offset=0 shading=0 lit=1 recv_shadow=1 shadow_strength=0.35 light_dir=(-0.377339,-0.898425,-0.224606) ambient=0.2 intensity=1.2 tex=0 normal_tex=0 mr_tex=0 ds=1 mat=(0.35,0.75,1) metal=0 rough=0.45 ao=1 vtx=6 idx=12 v0_color=(0.35,0.75,1,1) v0_n=(0,0,1) v0_uv=(0,0) v0_w=(1,0,0,0) v0_j=(0,0,0,0)
[INFO] [DIAG-MeshSubmit] entity=6 path=animation/minimal_rig/two_bone.dmesh shared=1 vtx=6 idx=12 stride=20 shading=0 lit=1 recv_shadow=1 shadow_strength=0.35 light_dir=(-0.377339,-0.898425,-0.224606) ambient=0.2 intensity=1.2 tex=0 normal_tex=0 mr_tex=0 color=(0.35,0.75,1,1) mat=(0.35,0.75,1) metal=0 rough=0.45 ao=1 ds=1 v0_color=(0.35,0.75,1,1) v0_n=(0,0,1) v0_uv=(0,0) v0_w=(1,0,0,0) v0_j=(0,0,0,0) bones=2 palettes=1 b0=1 bone_t_min=(0,-1.46889,-0.189907) bone_t_max=(0,0.00666504,0) bounds_min=(-0.863902,0.05,-0.632618) bounds_max=(-0.836098,1.7175,-0.127382)
[INFO] [DIAG-MeshSubmit] entity=6 path=animation/minimal_rig/two_bone.dmesh shared=1 vtx=6 idx=12 stride=20 shading=0 lit=1 recv_shadow=1 shadow_strength=0.35 light_dir=(-0.377339,-0.898425,-0.224606) ambient=0.2 intensity=1.2 tex=0 normal_tex=0 mr_tex=0 color=(0.35,0.75,1,1) mat=(0.35,0.75,1) metal=0 rough=0.45 ao=1 ds=1 v0_color=(0.35,0.75,1,1) v0_n=(0,0,1) v0_uv=(0,0) v0_w=(1,0,0,0) v0_j=(0,0,0,0) bones=2 palettes=1 b0=1 bone_t_min=(0,-1.46889,-0.189958) bone_t_max=(0,0.0066569,0) bounds_min=(-0.863902,0.05,-0.632618) bounds_max=(-0.836098,1.7175,-0.127382)
[INFO] [DIAG-MeshSubmit] entity=6 path=animation/minimal_rig/two_bone.dmesh shared=1 vtx=6 idx=12 stride=20 shading=0 lit=1 recv_shadow=1 shadow_strength=0.35 light_dir=(-0.377339,-0.898425,-0.224606) ambient=0.2 intensity=1.2 tex=0 normal_tex=0 mr_tex=0 color=(0.35,0.75,1,1) mat=(0.35,0.75,1) metal=0 rough=0.45 ao=1 ds=1 v0_color=(0.35,0.75,1,1) v0_n=(0,0,1) v0_uv=(0,0) v0_w=(1,0,0,0) v0_j=(0,0,0,0) bones=2 palettes=1 b0=1 bone_t_min=(0,-1.4689,-0.189804) bone_t_max=(0,0.00668131,0) bounds_min=(-0.863902,0.05,-0.632618) bounds_max=(-0.836098,1.7175,-0.127382)
[INFO] [DIAG-MeshSubmit] entity=6 path=animation/minimal_rig/two_bone.dmesh shared=1 vtx=6 idx=12 stride=20 shading=0 lit=1 recv_shadow=1 shadow_strength=0.35 light_dir=(-0.377339,-0.898425,-0.224606) ambient=0.2 intensity=1.2 tex=0 normal_tex=0 mr_tex=0 color=(0.35,0.75,1,1) mat=(0.35,0.75,1) metal=0 rough=0.45 ao=1 ds=1 v0_color=(0.35,0.75,1,1) v0_n=(0,0,1) v0_uv=(0,0) v0_w=(1,0,0,0) v0_j=(0,0,0,0) bones=2 palettes=1 b0=1 bone_t_min=(0,-1.46889,-0.189907) bone_t_max=(0,0.00666504,0) bounds_min=(-0.863902,0.05,-0.632618) bounds_max=(-0.836098,1.7175,-0.127382)
[3D][Character] runtime_animation: character_animation_resource character_animator_state_api get_animator_3d_state=true state=run normalized_time=0.04 clip_time=0.00 speed=1.00 loop=true transitioning=false final_bones=2 has_skeleton=true mesh_state=run mesh_final_bones=2 mesh_has_skeleton=true mesh_norm=0.04 mesh_clip=0.00
[INFO] [DIAG-MeshSubmit] entity=6 path=animation/minimal_rig/two_bone.dmesh shared=1 vtx=6 idx=12 stride=20 shading=0 lit=1 recv_shadow=1 shadow_strength=0.35 light_dir=(-0.377339,-0.898425,-0.224606) ambient=0.2 intensity=1.2 tex=0 normal_tex=0 mr_tex=0 color=(0.35,0.75,1,1) mat=(0.35,0.75,1) metal=0 rough=0.45 ao=1 ds=1 v0_color=(0.35,0.75,1,1) v0_n=(0,0,1) v0_uv=(0,0) v0_w=(1,0,0,0) v0_j=(0,0,0,0) bones=2 palettes=1 b0=1 bone_t_min=(0,-1.46891,-0.189701) bone_t_max=(0,0.00669759,0) bounds_min=(-0.863902,0.05,-0.632618) bounds_max=(-0.836098,1.7175,-0.127382)
[INFO] [DIAG-MeshSubmit] entity=6 path=animation/minimal_rig/two_bone.dmesh shared=1 vtx=6 idx=12 stride=20 shading=0 lit=1 recv_shadow=1 shadow_strength=0.35 light_dir=(-0.377339,-0.898425,-0.224606) ambient=0.2 intensity=1.2 tex=0 normal_tex=0 mr_tex=0 color=(0.35,0.75,1,1) mat=(0.35,0.75,1) metal=0 rough=0.45 ao=1 ds=1 v0_color=(0.35,0.75,1,1) v0_n=(0,0,1) v0_uv=(0,0) v0_w=(1,0,0,0) v0_j=(0,0,0,0) bones=2 palettes=1 b0=1 bone_t_min=(0,-1.46888,-0.19001) bone_t_max=(0,0.00664876,0) bounds_min=(-0.863902,0.05,-0.632618) bounds_max=(-0.836098,1.7175,-0.127382)
[INFO] [DIAG-MeshSubmit] entity=6 path=animation/minimal_rig/two_bone.dmesh shared=1 vtx=6 idx=12 stride=20 shading=0 lit=1 recv_shadow=1 shadow_strength=0.35 light_dir=(-0.377339,-0.898425,-0.224606) ambient=0.2 intensity=1.2 tex=0 normal_tex=0 mr_tex=0 color=(0.35,0.75,1,1) mat=(0.35,0.75,1) metal=0 rough=0.45 ao=1 ds=1 v0_color=(0.35,0.75,1,1) v0_n=(0,0,1) v0_uv=(0,0) v0_w=(1,0,0,0) v0_j=(0,0,0,0) bones=2 palettes=1 b0=1 bone_t_min=(0,-1.46888,-0.19001) bone_t_max=(0,0.00664876,0) bounds_min=(-0.863902,0.05,-0.632618) bounds_max=(-0.836098,1.7175,-0.127382)
[INFO] [DIAG-MeshSubmit] entity=6 path=animation/minimal_rig/two_bone.dmesh shared=1 vtx=6 idx=12 stride=20 shading=0 lit=1 recv_shadow=1 shadow_strength=0.35 light_dir=(-0.377339,-0.898425,-0.224606) ambient=0.2 intensity=1.2 tex=0 normal_tex=0 mr_tex=0 color=(0.35,0.75,1,1) mat=(0.35,0.75,1) metal=0 rough=0.45 ao=1 ds=1 v0_color=(0.35,0.75,1,1) v0_n=(0,0,1) v0_uv=(0,0) v0_w=(1,0,0,0) v0_j=(0,0,0,0) bones=2 palettes=1 b0=1 bone_t_min=(0,-1.46893,-0.189546) bone_t_max=(0,0.00672201,0) bounds_min=(-0.863902,0.05,-0.632618) bounds_max=(-0.836098,1.7175,-0.127382)
[INFO] [DIAG-MeshSubmit] entity=6 path=animation/minimal_rig/two_bone.dmesh shared=1 vtx=6 idx=12 stride=20 shading=0 lit=1 recv_shadow=1 shadow_strength=0.35 light_dir=(-0.377339,-0.898425,-0.224606) ambient=0.2 intensity=1.2 tex=0 normal_tex=0 mr_tex=0 color=(0.35,0.75,1,1) mat=(0.35,0.75,1) metal=0 rough=0.45 ao=1 ds=1 v0_color=(0.35,0.75,1,1) v0_n=(0,0,1) v0_uv=(0,0) v0_w=(1,0,0,0) v0_j=(0,0,0,0) bones=2 palettes=1 b0=1 bone_t_min=(0,-1.46889,-0.189907) bone_t_max=(0,0.00666504,0) bounds_min=(-0.863902,0.05,-0.632618) bounds_max=(-0.836098,1.7175,-0.127382)
[INFO] [DIAG-MeshSubmit] entity=6 path=animation/minimal_rig/two_bone.dmesh shared=1 vtx=6 idx=12 stride=20 shading=0 lit=1 recv_shadow=1 shadow_strength=0.35 light_dir=(-0.377339,-0.898425,-0.224606) ambient=0.2 intensity=1.2 tex=0 normal_tex=0 mr_tex=0 color=(0.35,0.75,1,1) mat=(0.35,0.75,1) metal=0 rough=0.45 ao=1 ds=1 v0_color=(0.35,0.75,1,1) v0_n=(0,0,1) v0_uv=(0,0) v0_w=(1,0,0,0) v0_j=(0,0,0,0) bones=2 palettes=1 b0=1 bone_t_min=(0,-1.46887,-0.190164) bone_t_max=(0,0.00662435,0) bounds_min=(-0.863902,0.05,-0.632618) bounds_max=(-0.836098,1.7175,-0.127382)
[INFO] [DIAG-MeshSubmit] entity=6 path=animation/minimal_rig/two_bone.dmesh shared=1 vtx=6 idx=12 stride=20 shading=0 lit=1 recv_shadow=1 shadow_strength=0.35 light_dir=(-0.377339,-0.898425,-0.224606) ambient=0.2 intensity=1.2 tex=0 normal_tex=0 mr_tex=0 color=(0.35,0.75,1,1) mat=(0.35,0.75,1) metal=0 rough=0.45 ao=1 ds=1 v0_color=(0.35,0.75,1,1) v0_n=(0,0,1) v0_uv=(0,0) v0_w=(1,0,0,0) v0_j=(0,0,0,0) bones=2 palettes=1 b0=1 bone_t_min=(0,-1.46737,-0.203322) bone_t_max=(0,0.00454102,0) bounds_min=(-0.863902,0.05,-0.632618) bounds_max=(-0.836098,1.7175,-0.127382)
[INFO] Runtime stats: entities=15, sprites=0, meshes=5, draw_calls=5, material_switches=0, shadow_passes=2, max_batch_sprites=0, render_passes=12, physics_bodies=0, particle_emitters=0, active_particles=0, avg_update_ms=0.333125, avg_fixed_ms=0.0207588, avg_render_ms=40.1213, instanced_meshes=0, gpu_driven_requested=1, gpu_driven_supported=1, gpu_driven_prepared=1, gpu_driven_active=1, gpu_indirect_draws=11, gpu_instances=11, pending_upload_callbacks=0, pending_upload_callbacks_hwm=0, upload_budget=16
[INFO] [DIAG-MeshSubmit] entity=6 path=animation/minimal_rig/two_bone.dmesh shared=1 vtx=6 idx=12 stride=20 shading=0 lit=1 recv_shadow=1 shadow_strength=0.35 light_dir=(-0.377339,-0.898425,-0.224606) ambient=0.2 intensity=1.2 tex=0 normal_tex=0 mr_tex=0 color=(0.35,0.75,1,1) mat=(0.35,0.75,1) metal=0 rough=0.45 ao=1 ds=1 v0_color=(0.35,0.75,1,1) v0_n=(0,0,1) v0_uv=(0,0) v0_w=(1,0,0,0) v0_j=(0,0,0,0) bones=2 palettes=1 b0=1 bone_t_min=(0,-1.46891,-0.189752) bone_t_max=(0,0.00668945,0) bounds_min=(-0.863902,0.05,-0.632618) bounds_max=(-0.836098,1.7175,-0.127382)
[INFO] [DIAG-MeshSubmit] entity=6 path=animation/minimal_rig/two_bone.dmesh shared=1 vtx=6 idx=12 stride=20 shading=0 lit=1 recv_shadow=1 shadow_strength=0.35 light_dir=(-0.377339,-0.898425,-0.224606) ambient=0.2 intensity=1.2 tex=0 normal_tex=0 mr_tex=0 color=(0.35,0.75,1,1) mat=(0.35,0.75,1) metal=0 rough=0.45 ao=1 ds=1 v0_color=(0.35,0.75,1,1) v0_n=(0,0,1) v0_uv=(0,0) v0_w=(1,0,0,0) v0_j=(0,0,0,0) bones=2 palettes=1 b0=1 bone_t_min=(0,-1.46886,-0.190267) bone_t_max=(0,0.00660807,0) bounds_min=(-0.863902,0.05,-0.632618) bounds_max=(-0.836098,1.7175,-0.127382)
[INFO] [DIAG-MeshSubmit] entity=6 path=animation/minimal_rig/two_bone.dmesh shared=1 vtx=6 idx=12 stride=20 shading=0 lit=1 recv_shadow=1 shadow_strength=0.35 light_dir=(-0.377339,-0.898425,-0.224606) ambient=0.2 intensity=1.2 tex=0 normal_tex=0 mr_tex=0 color=(0.35,0.75,1,1) mat=(0.35,0.75,1) metal=0 rough=0.45 ao=1 ds=1 v0_color=(0.35,0.75,1,1) v0_n=(0,0,1) v0_uv=(0,0) v0_w=(1,0,0,0) v0_j=(0,0,0,0) bones=2 palettes=1 b0=1 bone_t_min=(0,-1.46889,-0.189907) bone_t_max=(0,0.00666504,0) bounds_min=(-0.863902,0.05,-0.632618) bounds_max=(-0.836098,1.7175,-0.127382)
[INFO] [DIAG-MeshSubmit] entity=6 path=animation/minimal_rig/two_bone.dmesh shared=1 vtx=6 idx=12 stride=20 shading=0 lit=1 recv_shadow=1 shadow_strength=0.35 light_dir=(-0.377339,-0.898425,-0.224606) ambient=0.2 intensity=1.2 tex=0 normal_tex=0 mr_tex=0 color=(0.35,0.75,1,1) mat=(0.35,0.75,1) metal=0 rough=0.45 ao=1 ds=1 v0_color=(0.35,0.75,1,1) v0_n=(0,0,1) v0_uv=(0,0) v0_w=(1,0,0,0) v0_j=(0,0,0,0) bones=2 palettes=1 b0=1 bone_t_min=(0,-1.46891,-0.189752) bone_t_max=(0,0.00668945,0) bounds_min=(-0.863902,0.05,-0.632618) bounds_max=(-0.836098,1.7175,-0.127382)
[INFO] [DIAG-MeshSubmit] entity=6 path=animation/minimal_rig/two_bone.dmesh shared=1 vtx=6 idx=12 stride=20 shading=0 lit=1 recv_shadow=1 shadow_strength=0.35 light_dir=(-0.377339,-0.898425,-0.224606) ambient=0.2 intensity=1.2 tex=0 normal_tex=0 mr_tex=0 color=(0.35,0.75,1,1) mat=(0.35,0.75,1) metal=0 rough=0.45 ao=1 ds=1 v0_color=(0.35,0.75,1,1) v0_n=(0,0,1) v0_uv=(0,0) v0_w=(1,0,0,0) v0_j=(0,0,0,0) bones=2 palettes=1 b0=1 bone_t_min=(0,-1.4689,-0.189855) bone_t_max=(0,0.00667318,0) bounds_min=(-0.863902,0.05,-0.632618) bounds_max=(-0.836098,1.7175,-0.127382)
[INFO] [DIAG-MeshSubmit] entity=6 path=animation/minimal_rig/two_bone.dmesh shared=1 vtx=6 idx=12 stride=20 shading=0 lit=1 recv_shadow=1 shadow_strength=0.35 light_dir=(-0.377339,-0.898425,-0.224606) ambient=0.2 intensity=1.2 tex=0 normal_tex=0 mr_tex=0 color=(0.35,0.75,1,1) mat=(0.35,0.75,1) metal=0 rough=0.45 ao=1 ds=1 v0_color=(0.35,0.75,1,1) v0_n=(0,0,1) v0_uv=(0,0) v0_w=(1,0,0,0) v0_j=(0,0,0,0) bones=2 palettes=1 b0=1 bone_t_min=(0,-1.46891,-0.189701) bone_t_max=(0,0.00669759,0) bounds_min=(-0.863902,0.05,-0.632618) bounds_max=(-0.836098,1.7175,-0.127382)
[INFO] [DIAG-MeshSubmit] entity=6 path=animation/minimal_rig/two_bone.dmesh shared=1 vtx=6 idx=12 stride=20 shading=0 lit=1 recv_shadow=1 shadow_strength=0.35 light_dir=(-0.377339,-0.898425,-0.224606) ambient=0.2 intensity=1.2 tex=0 normal_tex=0 mr_tex=0 color=(0.35,0.75,1,1) mat=(0.35,0.75,1) metal=0 rough=0.45 ao=1 ds=1 v0_color=(0.35,0.75,1,1) v0_n=(0,0,1) v0_uv=(0,0) v0_w=(1,0,0,0) v0_j=(0,0,0,0) bones=2 palettes=1 b0=1 bone_t_min=(0,-1.46887,-0.190164) bone_t_max=(0,0.00662435,0) bounds_min=(-0.863902,0.05,-0.632618) bounds_max=(-0.836098,1.7175,-0.127382)
[INFO] [DIAG-MeshSubmit] entity=6 path=animation/minimal_rig/two_bone.dmesh shared=1 vtx=6 idx=12 stride=20 shading=0 lit=1 recv_shadow=1 shadow_strength=0.35 light_dir=(-0.377339,-0.898425,-0.224606) ambient=0.2 intensity=1.2 tex=0 normal_tex=0 mr_tex=0 color=(0.35,0.75,1,1) mat=(0.35,0.75,1) metal=0 rough=0.45 ao=1 ds=1 v0_color=(0.35,0.75,1,1) v0_n=(0,0,1) v0_uv=(0,0) v0_w=(1,0,0,0) v0_j=(0,0,0,0) bones=2 palettes=1 b0=1 bone_t_min=(0,-1.4689,-0.189855) bone_t_max=(0,0.00667318,0) bounds_min=(-0.863902,0.05,-0.632618) bounds_max=(-0.836098,1.7175,-0.127382)
[INFO] [DIAG-MeshSubmit] entity=6 path=animation/minimal_rig/two_bone.dmesh shared=1 vtx=6 idx=12 stride=20 shading=0 lit=1 recv_shadow=1 shadow_strength=0.35 light_dir=(-0.377339,-0.898425,-0.224606) ambient=0.2 intensity=1.2 tex=0 normal_tex=0 mr_tex=0 color=(0.35,0.75,1,1) mat=(0.35,0.75,1) metal=0 rough=0.45 ao=1 ds=1 v0_color=(0.35,0.75,1,1) v0_n=(0,0,1) v0_uv=(0,0) v0_w=(1,0,0,0) v0_j=(0,0,0,0) bones=2 palettes=1 b0=1 bone_t_min=(0,-1.4689,-0.189804) bone_t_max=(0,0.00668131,0) bounds_min=(-0.863902,0.05,-0.632618) bounds_max=(-0.836098,1.7175,-0.127382)
[INFO] [DIAG-MeshSubmit] entity=6 path=animation/minimal_rig/two_bone.dmesh shared=1 vtx=6 idx=12 stride=20 shading=0 lit=1 recv_shadow=1 shadow_strength=0.35 light_dir=(-0.377339,-0.898425,-0.224606) ambient=0.2 intensity=1.2 tex=0 normal_tex=0 mr_tex=0 color=(0.35,0.75,1,1) mat=(0.35,0.75,1) metal=0 rough=0.45 ao=1 ds=1 v0_color=(0.35,0.75,1,1) v0_n=(0,0,1) v0_uv=(0,0) v0_w=(1,0,0,0) v0_j=(0,0,0,0) bones=2 palettes=1 b0=1 bone_t_min=(0,-1.46888,-0.190061) bone_t_max=(0,0.00664062,0) bounds_min=(-0.863902,0.05,-0.632618) bounds_max=(-0.836098,1.7175,-0.127382)
[INFO] [DIAG-MeshSubmit] entity=6 path=animation/minimal_rig/two_bone.dmesh shared=1 vtx=6 idx=12 stride=20 shading=0 lit=1 recv_shadow=1 shadow_strength=0.35 light_dir=(-0.377339,-0.898425,-0.224606) ambient=0.2 intensity=1.2 tex=0 normal_tex=0 mr_tex=0 color=(0.35,0.75,1,1) mat=(0.35,0.75,1) metal=0 rough=0.45 ao=1 ds=1 v0_color=(0.35,0.75,1,1) v0_n=(0,0,1) v0_uv=(0,0) v0_w=(1,0,0,0) v0_j=(0,0,0,0) bones=2 palettes=1 b0=1 bone_t_min=(0,-1.4689,-0.189855) bone_t_max=(0,0.00667318,0) bounds_min=(-0.863902,0.05,-0.632618) bounds_max=(-0.836098,1.7175,-0.127382)
[INFO] [DIAG-MeshSubmit] entity=6 path=animation/minimal_rig/two_bone.dmesh shared=1 vtx=6 idx=12 stride=20 shading=0 lit=1 recv_shadow=1 shadow_strength=0.35 light_dir=(-0.377339,-0.898425,-0.224606) ambient=0.2 intensity=1.2 tex=0 normal_tex=0 mr_tex=0 color=(0.35,0.75,1,1) mat=(0.35,0.75,1) metal=0 rough=0.45 ao=1 ds=1 v0_color=(0.35,0.75,1,1) v0_n=(0,0,1) v0_uv=(0,0) v0_w=(1,0,0,0) v0_j=(0,0,0,0) bones=2 palettes=1 b0=1 bone_t_min=(0,-1.46889,-0.189907) bone_t_max=(0,0.00666504,0) bounds_min=(-0.863902,0.05,-0.632618) bounds_max=(-0.836098,1.7175,-0.127382)
[INFO] [DIAG-MeshSubmit] entity=6 path=animation/minimal_rig/two_bone.dmesh shared=1 vtx=6 idx=12 stride=20 shading=0 lit=1 recv_shadow=1 shadow_strength=0.35 light_dir=(-0.377339,-0.898425,-0.224606) ambient=0.2 intensity=1.2 tex=0 normal_tex=0 mr_tex=0 color=(0.35,0.75,1,1) mat=(0.35,0.75,1) metal=0 rough=0.45 ao=1 ds=1 v0_color=(0.35,0.75,1,1) v0_n=(0,0,1) v0_uv=(0,0) v0_w=(1,0,0,0) v0_j=(0,0,0,0) bones=2 palettes=1 b0=1 bone_t_min=(0,-1.46891,-0.189752) bone_t_max=(0,0.00668945,0) bounds_min=(-0.863902,0.05,-0.632618) bounds_max=(-0.836098,1.7175,-0.127382)
[INFO] [DIAG-MeshSubmit] entity=6 path=animation/minimal_rig/two_bone.dmesh shared=1 vtx=6 idx=12 stride=20 shading=0 lit=1 recv_shadow=1 shadow_strength=0.35 light_dir=(-0.377339,-0.898425,-0.224606) ambient=0.2 intensity=1.2 tex=0 normal_tex=0 mr_tex=0 color=(0.35,0.75,1,1) mat=(0.35,0.75,1) metal=0 rough=0.45 ao=1 ds=1 v0_color=(0.35,0.75,1,1) v0_n=(0,0,1) v0_uv=(0,0) v0_w=(1,0,0,0) v0_j=(0,0,0,0) bones=2 palettes=1 b0=1 bone_t_min=(0,-1.46888,-0.190061) bone_t_max=(0,0.00664062,0) bounds_min=(-0.863902,0.05,-0.632618) bounds_max=(-0.836098,1.7175,-0.127382)
[INFO] [DIAG-MeshSubmit] entity=6 path=animation/minimal_rig/two_bone.dmesh shared=1 vtx=6 idx=12 stride=20 shading=0 lit=1 recv_shadow=1 shadow_strength=0.35 light_dir=(-0.377339,-0.898425,-0.224606) ambient=0.2 intensity=1.2 tex=0 normal_tex=0 mr_tex=0 color=(0.35,0.75,1,1) mat=(0.35,0.75,1) metal=0 rough=0.45 ao=1 ds=1 v0_color=(0.35,0.75,1,1) v0_n=(0,0,1) v0_uv=(0,0) v0_w=(1,0,0,0) v0_j=(0,0,0,0) bones=2 palettes=1 b0=1 bone_t_min=(0,-1.46888,-0.190061) bone_t_max=(0,0.00664062,0) bounds_min=(-0.863902,0.05,-0.632618) bounds_max=(-0.836098,1.7175,-0.127382)
[INFO] [DIAG-MeshSubmit] entity=6 path=animation/minimal_rig/two_bone.dmesh shared=1 vtx=6 idx=12 stride=20 shading=0 lit=1 recv_shadow=1 shadow_strength=0.35 light_dir=(-0.377339,-0.898425,-0.224606) ambient=0.2 intensity=1.2 tex=0 normal_tex=0 mr_tex=0 color=(0.35,0.75,1,1) mat=(0.35,0.75,1) metal=0 rough=0.45 ao=1 ds=1 v0_color=(0.35,0.75,1,1) v0_n=(0,0,1) v0_uv=(0,0) v0_w=(1,0,0,0) v0_j=(0,0,0,0) bones=2 palettes=1 b0=1 bone_t_min=(0,-1.46892,-0.189649) bone_t_max=(0,0.00670573,0) bounds_min=(-0.863902,0.05,-0.632618) bounds_max=(-0.836098,1.7175,-0.127382)
[INFO] [DIAG-MeshSubmit] entity=6 path=animation/minimal_rig/two_bone.dmesh shared=1 vtx=6 idx=12 stride=20 shading=0 lit=1 recv_shadow=1 shadow_strength=0.35 light_dir=(-0.377339,-0.898425,-0.224606) ambient=0.2 intensity=1.2 tex=0 normal_tex=0 mr_tex=0 color=(0.35,0.75,1,1) mat=(0.35,0.75,1) metal=0 rough=0.45 ao=1 ds=1 v0_color=(0.35,0.75,1,1) v0_n=(0,0,1) v0_uv=(0,0) v0_w=(1,0,0,0) v0_j=(0,0,0,0) bones=2 palettes=1 b0=1 bone_t_min=(0,-1.4689,-0.189804) bone_t_max=(0,0.00668131,0) bounds_min=(-0.863902,0.05,-0.632618) bounds_max=(-0.836098,1.7175,-0.127382)
[INFO] Runtime stats: entities=15, sprites=0, meshes=5, draw_calls=5, material_switches=0, shadow_passes=2, max_batch_sprites=0, render_passes=12, physics_bodies=0, particle_emitters=0, active_particles=0, avg_update_ms=0.19213, avg_fixed_ms=0.019784, avg_render_ms=36.5564, instanced_meshes=0, gpu_driven_requested=1, gpu_driven_supported=1, gpu_driven_prepared=1, gpu_driven_active=1, gpu_indirect_draws=11, gpu_instances=11, pending_upload_callbacks=0, pending_upload_callbacks_hwm=0, upload_budget=16
DSE_SCREENSHOT_WRITTEN path=C:\Users\Administrator\demo_runs\opengl\shots\3d_character_third_person.png target=scene size=1280x701
[INFO] Runtime stats: entities=15, sprites=0, meshes=5, draw_calls=5, material_switches=0, shadow_passes=2, max_batch_sprites=0, render_passes=12, physics_bodies=0, particle_emitters=0, active_particles=0, avg_update_ms=0.2053, avg_fixed_ms=0.0210308, avg_render_ms=32.7058, instanced_meshes=0, gpu_driven_requested=1, gpu_driven_supported=1, gpu_driven_prepared=1, gpu_driven_active=1, gpu_indirect_draws=11, gpu_instances=11, pending_upload_callbacks=0, pending_upload_callbacks_hwm=0, upload_budget=16
DSE_MAX_FRAMES reached: 70
[INFO] [StreamingManager] Shutdown
[INFO] [LuaRuntime] Shutdown begin state=000002AB4ECF87C8 script_instances=0 lua_memory_usage=144728 awake_called=1
[INFO] [LuaRuntime] lua_close state=000002AB4ECF87C8
[INFO] [LuaRuntime] lua_close complete
[INFO] [LuaRuntime] Shutdown end
[INFO] [HairSystem] Shutdown, released all hair resources
[INFO] Physics3DSystem Shutdown (Jolt)
[INFO] RHI resource ledger: textures=52/52, framebuffers=41/41, shader_programs=1/1, vaos=3/3, buffers=24/24, render_targets=41/41, pipeline_states=8/8
[INFO] FileWatcher: stopped
[INFO] debug logger shutdown
