Starting DSEngine Runtime...
[INFO] debug logger init success
Business mode: lua
[INFO] RHI Factory: 创建 OpenGL 后端
[INFO] FramePipeline RHI 后端: OpenGL
[INFO] [InitTiming] RHI device init: 5ms
[INFO] DSE_RENDER_DEVICE backend=OpenGL adapter="llvmpipe (LLVM 22.1.6, 256 bits)" software=1
[INFO] Render pipeline profile: using built-in ForwardPlusDefault
[INFO] RenderPipelineProfile ForwardPlusDefault settings{gpu_driven=true, shadows=true, shadow_quality=default, postprocess_quality=default}
  0: pre_z [enabled]
  1: hiz_build [skipped(no_hiz)]
  2: hiz_cull [skipped(no_hiz)]
  3: csm_shadow [enabled]
  4: spot_shadow [enabled]
  5: point_shadow [enabled]
  6: gpu_cull [skipped(no_gpu_driven)]
  7: rsm [enabled]
  8: ddgi_update [enabled]
  9: gbuffer [enabled]
  10: deferred_lighting [enabled]
  11: forward_scene [enabled]
  12: atmosphere_sky [enabled]
  13: wboit [enabled]
  14: water [enabled]
  15: bloom [enabled]
  16: ssao [enabled]
  17: contact_shadow [enabled]
  18: auto_exposure [enabled]
  19: motion_vector [enabled]
  20: ssr [enabled]
  21: outline [enabled]
  22: light_shaft [enabled]
  23: volumetric_fog [enabled]
  24: decal [enabled]
  25: ui [enabled]
  26: composite [enabled]
  27: dof [enabled]
  28: motion_blur [enabled]
  29: fxaa [enabled]
  30: taa [enabled]
  31: present [enabled]
[INFO] Runtime data root: C:\Users\Administrator\repos\DSEngine\bin\data
[INFO] FileWatcher: started monitoring C:\Users\Administrator\repos\DSEngine\bin\data
[INFO] [GL] Eye shader created: 6
[INFO] [GLShaderManager] Warmed up 39 post-process shaders
[INFO] [GLGpuTimer] Initialized (double-buffered timestamp queries)
[INFO] Hi-Z texture created: handle=500000 gl_tex=32 1280x701 mips=11
[INFO] Hi-Z Occlusion Culling initialized: texture=500000 vis_ssbo=15 aabb_ssbo=16 capacity=65536 shaders=(119,121,123)
[INFO] GPU Driven Rendering: supported=1, cull_shader=125
[INFO] [InitTiming] render resources: 1439ms
[INFO] FramePipeline init: systems init begin
[INFO] [Physics2D] Init world_valid=1
[INFO] FramePipeline init: systems init complete
[INFO] FramePipeline init: Gameplay3D module enabled=1
[INFO] Physics3DSystem Initialized (Backend: Jolt Physics v5.5.0, max_bodies=4096, threads=2)
[INFO] FramePipeline init: Physics3DSystem initialized and registered
[INFO] FramePipeline init: NavMeshSystem initialized and registered
[INFO] [GrassSystem] GPU wind compute shader created: 127
[INFO] [GrassSystem] Initialized. blade_verts=10, billboard_verts=8, gpu_compute=1
[INFO] [TreeSystem] Initialized
[INFO] [HairSystem] Initialized, gpu_compute=1
[INFO] FramePipeline init: Gameplay3D module OnInit OK (static)
[INFO] [InitTiming] systems init: 73ms
[INFO] FramePipeline init: business bootstrap begin
[INFO] [LuaRuntime] Shutdown begin state=0000000000000000 script_instances=0 lua_memory_usage=0 awake_called=0
[INFO] [LuaRuntime] Shutdown end
[INFO] [LuaRuntime] lua_newstate begin allocator=00007FF70403DED0 seed=0
[INFO] Lua bootstrap: startup script resolved to C:\Users\Administrator\repos\DSEngine\samples\lua\main.lua
[INFO] Lua bootstrap: package path setup begin
[INFO] Lua bootstrap: register API begin
[INFO] Lua bootstrap: loading startup script begin
[main] 加载 demo: 3d_fog_atmosphere
[main] name: Fog + Light Shaft 雾效与体积光 Demo
[INFO] Lua bootstrap: startup script load OK
[INFO] Lua bootstrap: Awake begin
[INFO] Data root updated from lua: data\
[Fog] 场景: 12 建筑 + 6 柱子 + 高度雾 + 体积光轴
[Fog] WASD 移动相机，远处建筑逐渐淡入雾中
[INFO] Lua bootstrap: Awake OK
[INFO] Lua startup script loaded: C:\Users\Administrator\repos\DSEngine\samples\lua\main.lua
[INFO] Lua business mode bootstrap: OK
[INFO] [InitTiming] business bootstrap: 18ms
[INFO] [InitTiming] BuildRenderGraph: 7ms
[INFO] [InitTiming] light buffer + cluster grid: 0ms
[INFO] [LightProbeSystem] Initialized, face_res=64, RT=320039
[INFO] [InitTiming] LightProbeSystem: 3ms
[INFO] [ReflectionProbeSystem] BRDF LUT loaded from cache
[INFO] [ReflectionProbeSystem] BRDF LUT generated: 128x128, handle=51 (cached)
[INFO] [ReflectionProbeSystem] Initialized, bake_res=128
[INFO] [InitTiming] ReflectionProbeSystem: 7ms
[INFO] [StreamingManager] Initialized (budget=8/frame, max_concurrent=32)
[INFO] [InitTiming] StreamingManager: 3ms
[INFO] [GPUSkinning] Initialized (shader=137, initial_capacity=4096v/1024b)
[INFO] FramePipeline init: GPUSkinningSystem initialized (compute skinning available)
[INFO] [InitTiming] GPUSkinning: 18ms
[INFO] EngineInstance init: startup scene regression checks skipped by env
[INFO] [MeshDiag] call=0 depth_test=0 blend=0 vp=(0,0,1280,701) fbo=4 active_ps=330003
[INFO] [MeshDiag] call=1 depth_test=0 blend=0 vp=(2048,0,1024,1024) fbo=30 active_ps=330004
[INFO] [MeshDiag] call=2 depth_test=0 blend=0 vp=(3072,0,512,512) fbo=30 active_ps=330004
[INFO] [MeshDiag] call=3 depth_test=1 blend=0 vp=(0,0,1280,701) fbo=2 active_ps=330002
[INFO] Runtime stats: entities=21, sprites=0, meshes=95, draw_calls=95, material_switches=0, shadow_passes=2, max_batch_sprites=0, render_passes=27, physics_bodies=0, particle_emitters=0, active_particles=0, avg_update_ms=0.2176, avg_fixed_ms=0.02838, avg_render_ms=9978.77, instanced_meshes=0, gpu_driven_requested=1, gpu_driven_supported=1, gpu_driven_prepared=0, gpu_driven_active=0, gpu_indirect_draws=0, gpu_instances=0, pending_upload_callbacks=0, pending_upload_callbacks_hwm=0, upload_budget=16
[INFO] Runtime stats: entities=21, sprites=0, meshes=0, draw_calls=0, material_switches=0, shadow_passes=2, max_batch_sprites=0, render_passes=27, physics_bodies=0, particle_emitters=0, active_particles=0, avg_update_ms=0.1236, avg_fixed_ms=0.02184, avg_render_ms=8053.22, instanced_meshes=0, gpu_driven_requested=1, gpu_driven_supported=1, gpu_driven_prepared=1, gpu_driven_active=1, gpu_indirect_draws=16, gpu_instances=16, pending_upload_callbacks=0, pending_upload_callbacks_hwm=0, upload_budget=16
[INFO] Runtime stats: entities=21, sprites=0, meshes=0, draw_calls=0, material_switches=0, shadow_passes=2, max_batch_sprites=0, render_passes=27, physics_bodies=0, particle_emitters=0, active_particles=0, avg_update_ms=0.0807, avg_fixed_ms=0.02074, avg_render_ms=187.034, instanced_meshes=0, gpu_driven_requested=1, gpu_driven_supported=1, gpu_driven_prepared=1, gpu_driven_active=1, gpu_indirect_draws=16, gpu_instances=16, pending_upload_callbacks=0, pending_upload_callbacks_hwm=0, upload_budget=16
[INFO] Runtime stats: entities=21, sprites=0, meshes=0, draw_calls=0, material_switches=0, shadow_passes=2, max_batch_sprites=0, render_passes=27, physics_bodies=0, particle_emitters=0, active_particles=0, avg_update_ms=0.0830667, avg_fixed_ms=0.0195433, avg_render_ms=185.678, instanced_meshes=0, gpu_driven_requested=1, gpu_driven_supported=1, gpu_driven_prepared=1, gpu_driven_active=1, gpu_indirect_draws=16, gpu_instances=16, pending_upload_callbacks=0, pending_upload_callbacks_hwm=0, upload_budget=16
[INFO] Runtime stats: entities=21, sprites=0, meshes=0, draw_calls=0, material_switches=0, shadow_passes=2, max_batch_sprites=0, render_passes=27, physics_bodies=0, particle_emitters=0, active_particles=0, avg_update_ms=0.0713333, avg_fixed_ms=0.0191767, avg_render_ms=159.518, instanced_meshes=0, gpu_driven_requested=1, gpu_driven_supported=1, gpu_driven_prepared=1, gpu_driven_active=1, gpu_indirect_draws=16, gpu_instances=16, pending_upload_callbacks=0, pending_upload_callbacks_hwm=0, upload_budget=16
[INFO] Runtime stats: entities=21, sprites=0, meshes=0, draw_calls=0, material_switches=0, shadow_passes=2, max_batch_sprites=0, render_passes=27, physics_bodies=0, particle_emitters=0, active_particles=0, avg_update_ms=0.0735, avg_fixed_ms=0.0187967, avg_render_ms=159.19, instanced_meshes=0, gpu_driven_requested=1, gpu_driven_supported=1, gpu_driven_prepared=1, gpu_driven_active=1, gpu_indirect_draws=16, gpu_instances=16, pending_upload_callbacks=0, pending_upload_callbacks_hwm=0, upload_budget=16
[INFO] Runtime stats: entities=21, sprites=0, meshes=0, draw_calls=0, material_switches=0, shadow_passes=2, max_batch_sprites=0, render_passes=27, physics_bodies=0, particle_emitters=0, active_particles=0, avg_update_ms=0.0763, avg_fixed_ms=0.0202533, avg_render_ms=181.47, instanced_meshes=0, gpu_driven_requested=1, gpu_driven_supported=1, gpu_driven_prepared=1, gpu_driven_active=1, gpu_indirect_draws=16, gpu_instances=16, pending_upload_callbacks=0, pending_upload_callbacks_hwm=0, upload_budget=16
[INFO] Runtime stats: entities=21, sprites=0, meshes=0, draw_calls=0, material_switches=0, shadow_passes=2, max_batch_sprites=0, render_passes=27, physics_bodies=0, particle_emitters=0, active_particles=0, avg_update_ms=0.0742667, avg_fixed_ms=0.02002, avg_render_ms=171.167, instanced_meshes=0, gpu_driven_requested=1, gpu_driven_supported=1, gpu_driven_prepared=1, gpu_driven_active=1, gpu_indirect_draws=16, gpu_instances=16, pending_upload_callbacks=0, pending_upload_callbacks_hwm=0, upload_budget=16
[INFO] Runtime stats: entities=21, sprites=0, meshes=0, draw_calls=0, material_switches=0, shadow_passes=2, max_batch_sprites=0, render_passes=27, physics_bodies=0, particle_emitters=0, active_particles=0, avg_update_ms=0.0737, avg_fixed_ms=0.0191267, avg_render_ms=166.539, instanced_meshes=0, gpu_driven_requested=1, gpu_driven_supported=1, gpu_driven_prepared=1, gpu_driven_active=1, gpu_indirect_draws=16, gpu_instances=16, pending_upload_callbacks=0, pending_upload_callbacks_hwm=0, upload_budget=16
[INFO] Runtime stats: entities=21, sprites=0, meshes=0, draw_calls=0, material_switches=0, shadow_passes=2, max_batch_sprites=0, render_passes=27, physics_bodies=0, particle_emitters=0, active_particles=0, avg_update_ms=0.0728857, avg_fixed_ms=0.0486743, avg_render_ms=141.388, instanced_meshes=0, gpu_driven_requested=1, gpu_driven_supported=1, gpu_driven_prepared=1, gpu_driven_active=1, gpu_indirect_draws=16, gpu_instances=16, pending_upload_callbacks=0, pending_upload_callbacks_hwm=0, upload_budget=16
[INFO] Runtime stats: entities=21, sprites=0, meshes=0, draw_calls=0, material_switches=0, shadow_passes=2, max_batch_sprites=0, render_passes=27, physics_bodies=0, particle_emitters=0, active_particles=0, avg_update_ms=0.0782857, avg_fixed_ms=0.0188057, avg_render_ms=137.091, instanced_meshes=0, gpu_driven_requested=1, gpu_driven_supported=1, gpu_driven_prepared=1, gpu_driven_active=1, gpu_indirect_draws=16, gpu_instances=16, pending_upload_callbacks=0, pending_upload_callbacks_hwm=0, upload_budget=16
DSE_SCREENSHOT_WRITTEN path=C:\Users\Administrator\demo_runs\opengl\shots\3d_fog_atmosphere.png target=scene size=1280x701
[INFO] Runtime stats: entities=21, sprites=0, meshes=0, draw_calls=0, material_switches=0, shadow_passes=2, max_batch_sprites=0, render_passes=27, physics_bodies=0, particle_emitters=0, active_particles=0, avg_update_ms=0.0786167, avg_fixed_ms=0.01957, avg_render_ms=157.168, instanced_meshes=0, gpu_driven_requested=1, gpu_driven_supported=1, gpu_driven_prepared=1, gpu_driven_active=1, gpu_indirect_draws=16, gpu_instances=16, pending_upload_callbacks=0, pending_upload_callbacks_hwm=0, upload_budget=16
[INFO] Runtime stats: entities=21, sprites=0, meshes=0, draw_calls=0, material_switches=0, shadow_passes=2, max_batch_sprites=0, render_passes=27, physics_bodies=0, particle_emitters=0, active_particles=0, avg_update_ms=0.07555, avg_fixed_ms=0.0194633, avg_render_ms=156.831, instanced_meshes=0, gpu_driven_requested=1, gpu_driven_supported=1, gpu_driven_prepared=1, gpu_driven_active=1, gpu_indirect_draws=16, gpu_instances=16, pending_upload_callbacks=0, pending_upload_callbacks_hwm=0, upload_budget=16
DSE_MAX_FRAMES reached: 70
[INFO] [StreamingManager] Shutdown
[INFO] [LuaRuntime] Shutdown begin state=0000020C66053F78 script_instances=0 lua_memory_usage=136123 awake_called=1
[INFO] [LuaRuntime] lua_close state=0000020C66053F78
[INFO] [LuaRuntime] lua_close complete
[INFO] [LuaRuntime] Shutdown end
[INFO] [HairSystem] Shutdown, released all hair resources
[INFO] Physics3DSystem Shutdown (Jolt)
[INFO] RHI resource ledger: textures=52/52, framebuffers=41/41, shader_programs=1/1, vaos=3/3, buffers=25/24, render_targets=41/41, pipeline_states=8/8
[INFO] FileWatcher: stopped
[INFO] debug logger shutdown
[WARN] RHI resource ledger detected live GL objects: textures=0, framebuffers=0, shader_programs=0, vaos=0, buffers=18446744073709551615, render_targets=0, pipeline_states=0
