Starting DSEngine Runtime...
[INFO] debug logger init success
Business mode: lua
[INFO] RHI Factory: 创建 OpenGL 后端
[INFO] FramePipeline RHI 后端: OpenGL
[INFO] [InitTiming] RHI device init: 0ms
[INFO] DSE_RENDER_DEVICE backend=OpenGL adapter="NVIDIA GeForce RTX 3070/PCIe/SSE2" software=0
[INFO] Render pipeline profile: using built-in ForwardPlusDefault
[INFO] RenderPipelineProfile ForwardPlusDefault settings{gpu_driven=true, shadows=true, shadow_quality=default, postprocess_quality=default}
  0: pre_z [enabled]
  1: hiz_build [skipped(no_hiz)]
  2: hiz_cull [skipped(no_hiz)]
  3: csm_shadow [enabled]
  4: spot_shadow [enabled]
  5: point_shadow [enabled]
  6: gpu_cull [skipped(no_gpu_driven)]
  7: rsm [enabled]
  8: ddgi_update [enabled]
  9: gbuffer [enabled]
  10: deferred_lighting [enabled]
  11: forward_scene [enabled]
  12: atmosphere_sky [enabled]
  13: wboit [enabled]
  14: water [enabled]
  15: bloom [enabled]
  16: ssao [enabled]
  17: contact_shadow [enabled]
  18: auto_exposure [enabled]
  19: motion_vector [enabled]
  20: ssr [enabled]
  21: outline [enabled]
  22: light_shaft [enabled]
  23: volumetric_fog [enabled]
  24: decal [enabled]
  25: ui [enabled]
  26: composite [enabled]
  27: dof [enabled]
  28: motion_blur [enabled]
  29: fxaa [enabled]
  30: taa [enabled]
  31: present [enabled]
[INFO] Runtime data root: C:\Users\Administrator\Desktop\Engine\DSEngine\bin\data
[INFO] FileWatcher: started monitoring C:\Users\Administrator\Desktop\Engine\DSEngine\bin\data
[INFO] [GL] Eye shader created: 6
[INFO] [GLShaderManager] Warmed up 39 post-process shaders
[INFO] [GLGpuTimer] Initialized (double-buffered timestamp queries)
[INFO] Hi-Z texture created: handle=500000 gl_tex=32 1280x720 mips=11
[INFO] Hi-Z Occlusion Culling initialized: texture=500000 vis_ssbo=15 aabb_ssbo=16 capacity=65536 shaders=(119,121,123)
[INFO] GPU Driven Rendering: supported=1, cull_shader=125
[INFO] [InitTiming] render resources: 36ms
[INFO] FramePipeline init: systems init begin
[INFO] [Physics2D] Init world_valid=1
[INFO] FramePipeline init: systems init complete
[INFO] FramePipeline init: Gameplay3D module enabled=1
[INFO] Physics3DSystem Initialized (Backend: Jolt Physics v5.5.0, max_bodies=4096, threads=2)
[INFO] FramePipeline init: Physics3DSystem initialized and registered
[INFO] FramePipeline init: NavMeshSystem initialized and registered
[INFO] [GrassSystem] GPU wind compute shader created: 127
[INFO] [GrassSystem] Initialized. blade_verts=10, billboard_verts=8, gpu_compute=1
[INFO] [TreeSystem] Initialized
[INFO] [HairSystem] Initialized, gpu_compute=1
[INFO] FramePipeline init: Gameplay3D module OnInit OK (static)
[INFO] [InitTiming] systems init: 35ms
[INFO] FramePipeline init: business bootstrap begin
[INFO] [LuaRuntime] Shutdown begin state=0000000000000000 script_instances=0 lua_memory_usage=0 awake_called=0
[INFO] [LuaRuntime] Shutdown end
[INFO] [LuaRuntime] lua_newstate begin allocator=00007FF71D7F5950 seed=0
[INFO] Lua bootstrap: startup script resolved to C:\Users\Administrator\Desktop\Engine\DSEngine\samples\lua\main.lua
[INFO] Lua bootstrap: package path setup begin
[INFO] Lua bootstrap: register API begin
[INFO] Lua bootstrap: loading startup script begin
[main] 加载 demo: 3d_input_showcase
[main] name: input showcase
[INFO] Lua bootstrap: startup script load OK
[INFO] Lua bootstrap: Awake begin
[INFO] Data root updated from lua: data\
[3D][Input] setup: keyboard+mouse input in 3D scene. WASD=move, Arrow=rotate, Space=jump, R=reset, LeftClick=select, RightClick=deselect
[3D][Input] setup: WASD=move, Arrow=rotate, Space=jump, R=reset, Click=select, DblClick=highlight
[3D][Input] input_api: get_key=true get_key_down=true get_key_up=true get_mouse_left=true get_mouse_left_down=true
[3D][Input] screen: 1280x720
[INFO] Lua bootstrap: Awake OK
[INFO] Lua startup script loaded: C:\Users\Administrator\Desktop\Engine\DSEngine\samples\lua\main.lua
[INFO] Lua business mode bootstrap: OK
[INFO] [InitTiming] business bootstrap: 4ms
[INFO] [InitTiming] BuildRenderGraph: 0ms
[INFO] [InitTiming] light buffer + cluster grid: 0ms
[INFO] [LightProbeSystem] Initialized, face_res=64, RT=320039
[INFO] [InitTiming] LightProbeSystem: 0ms
[INFO] [ReflectionProbeSystem] BRDF LUT loaded from cache
[INFO] [ReflectionProbeSystem] BRDF LUT generated: 128x128, handle=51 (cached)
[INFO] [ReflectionProbeSystem] Initialized, bake_res=128
[INFO] [InitTiming] ReflectionProbeSystem: 0ms
[INFO] [StreamingManager] Initialized (budget=8/frame, max_concurrent=32)
[INFO] [InitTiming] StreamingManager: 0ms
[INFO] [GPUSkinning] Initialized (shader=137, initial_capacity=4096v/1024b)
[INFO] FramePipeline init: GPUSkinningSystem initialized (compute skinning available)
[INFO] [InitTiming] GPUSkinning: 0ms
[INFO] EngineInstance init: startup scene regression checks skipped by env
[INFO] [MeshDiag] call=0 depth_test=0 blend=0 vp=(0,0,1280,720) fbo=4 active_ps=330003
[INFO] [MeshDiag] call=1 depth_test=0 blend=0 vp=(2048,0,1024,1024) fbo=30 active_ps=330004
[INFO] [MeshDiag] call=2 depth_test=0 blend=0 vp=(3072,0,512,512) fbo=30 active_ps=330004
[INFO] [MeshDiag] call=3 depth_test=1 blend=0 vp=(0,0,1280,720) fbo=2 active_ps=330002
[INFO] Runtime stats: entities=13, sprites=0, meshes=55, draw_calls=55, material_switches=0, shadow_passes=2, max_batch_sprites=0, render_passes=12, physics_bodies=0, particle_emitters=0, active_particles=0, avg_update_ms=0.2115, avg_fixed_ms=0.01384, avg_render_ms=15.4807, instanced_meshes=0, gpu_driven_requested=1, gpu_driven_supported=1, gpu_driven_prepared=0, gpu_driven_active=0, gpu_indirect_draws=0, gpu_instances=0, pending_upload_callbacks=0, pending_upload_callbacks_hwm=0, upload_budget=16
[3D][Input] input_api_summary: get_key=true get_key_down=true get_key_up=true get_mouse_x=true get_mouse_y=true get_mouse_left=true get_mouse_left_down=true get_mouse_left_up=true get_mouse_right=true get_mouse_right_down=true get_mouse_right_up=true get_mouse_left_double_click=true get_mouse_left_long_press=true get_mouse_swipe_dx=true get_mouse_swipe_dy=true get_screen_width=true get_screen_height=true time_since_startup=true
DSE_SCREENSHOT_WRITTEN path=C:\Users\Administrator\demo_runs_real\opengl\shots\3d_input_showcase.png target=scene size=1280x720
[INFO] Runtime stats: entities=13, sprites=0, meshes=0, draw_calls=0, material_switches=0, shadow_passes=2, max_batch_sprites=0, render_passes=12, physics_bodies=0, particle_emitters=0, active_particles=0, avg_update_ms=0.130676, avg_fixed_ms=0.016258, avg_render_ms=9.23688, instanced_meshes=0, gpu_driven_requested=1, gpu_driven_supported=1, gpu_driven_prepared=1, gpu_driven_active=1, gpu_indirect_draws=11, gpu_instances=11, pending_upload_callbacks=0, pending_upload_callbacks_hwm=0, upload_budget=16
DSE_MAX_FRAMES reached: 70
[INFO] [StreamingManager] Shutdown
[INFO] [LuaRuntime] Shutdown begin state=0000021EF4CAB3B8 script_instances=0 lua_memory_usage=138667 awake_called=1
[INFO] [LuaRuntime] lua_close state=0000021EF4CAB3B8
[INFO] [LuaRuntime] lua_close complete
[INFO] [LuaRuntime] Shutdown end
[INFO] [HairSystem] Shutdown, released all hair resources
[INFO] Physics3DSystem Shutdown (Jolt)
[INFO] RHI resource ledger: textures=52/52, framebuffers=41/41, shader_programs=1/1, vaos=3/3, buffers=24/24, render_targets=41/41, pipeline_states=8/8
[INFO] FileWatcher: stopped
[INFO] debug logger shutdown
