Starting DSEngine Runtime...
[INFO] debug logger init success
Business mode: lua
[INFO] RHI Factory: 创建 OpenGL 后端
[INFO] FramePipeline RHI 后端: OpenGL
[INFO] [InitTiming] RHI device init: 1ms
[INFO] DSE_RENDER_DEVICE backend=OpenGL adapter="llvmpipe (LLVM 22.1.6, 256 bits)" software=1
[INFO] Render pipeline profile: using built-in ForwardPlusDefault
[INFO] RenderPipelineProfile ForwardPlusDefault settings{gpu_driven=true, shadows=true, shadow_quality=default, postprocess_quality=default}
  0: pre_z [enabled]
  1: hiz_build [skipped(no_hiz)]
  2: hiz_cull [skipped(no_hiz)]
  3: csm_shadow [enabled]
  4: spot_shadow [enabled]
  5: point_shadow [enabled]
  6: gpu_cull [skipped(no_gpu_driven)]
  7: rsm [enabled]
  8: ddgi_update [enabled]
  9: gbuffer [enabled]
  10: deferred_lighting [enabled]
  11: forward_scene [enabled]
  12: atmosphere_sky [enabled]
  13: wboit [enabled]
  14: water [enabled]
  15: bloom [enabled]
  16: ssao [enabled]
  17: contact_shadow [enabled]
  18: auto_exposure [enabled]
  19: motion_vector [enabled]
  20: ssr [enabled]
  21: outline [enabled]
  22: light_shaft [enabled]
  23: volumetric_fog [enabled]
  24: decal [enabled]
  25: ui [enabled]
  26: composite [enabled]
  27: dof [enabled]
  28: motion_blur [enabled]
  29: fxaa [enabled]
  30: taa [enabled]
  31: present [enabled]
[INFO] Runtime data root: C:\Users\Administrator\repos\DSEngine\bin\data
[INFO] FileWatcher: started monitoring C:\Users\Administrator\repos\DSEngine\bin\data
[INFO] [GL] Eye shader created: 6
[INFO] [GLShaderManager] Warmed up 39 post-process shaders
[INFO] [GLGpuTimer] Initialized (double-buffered timestamp queries)
[INFO] Hi-Z texture created: handle=500000 gl_tex=32 1280x701 mips=11
[INFO] Hi-Z Occlusion Culling initialized: texture=500000 vis_ssbo=15 aabb_ssbo=16 capacity=65536 shaders=(119,121,123)
[INFO] GPU Driven Rendering: supported=1, cull_shader=125
[INFO] [InitTiming] render resources: 1041ms
[INFO] FramePipeline init: systems init begin
[INFO] [Physics2D] Init world_valid=1
[INFO] FramePipeline init: systems init complete
[INFO] FramePipeline init: Gameplay3D module enabled=1
[INFO] Physics3DSystem Initialized (Backend: Jolt Physics v5.5.0, max_bodies=4096, threads=2)
[INFO] FramePipeline init: Physics3DSystem initialized and registered
[INFO] FramePipeline init: NavMeshSystem initialized and registered
[INFO] [GrassSystem] GPU wind compute shader created: 127
[INFO] [GrassSystem] Initialized. blade_verts=10, billboard_verts=8, gpu_compute=1
[INFO] [TreeSystem] Initialized
[INFO] [HairSystem] Initialized, gpu_compute=1
[INFO] FramePipeline init: Gameplay3D module OnInit OK (static)
[INFO] [InitTiming] systems init: 43ms
[INFO] FramePipeline init: business bootstrap begin
[INFO] [LuaRuntime] Shutdown begin state=0000000000000000 script_instances=0 lua_memory_usage=0 awake_called=0
[INFO] [LuaRuntime] Shutdown end
[INFO] [LuaRuntime] lua_newstate begin allocator=00007FF70403DED0 seed=0
[INFO] Lua bootstrap: startup script resolved to C:\Users\Administrator\repos\DSEngine\samples\lua\main.lua
[INFO] Lua bootstrap: package path setup begin
[INFO] Lua bootstrap: register API begin
[INFO] Lua bootstrap: loading startup script begin
[main] 加载 demo: 3d_terrain_heightmap
[main] name: terrain heightmap showcase
[INFO] Lua bootstrap: startup script load OK
[INFO] Lua bootstrap: Awake begin
[INFO] Data root updated from lua: data\
[3D][Terrain] setup: terrain_heightmap_api add_terrain heightmap='terrain/heightmap_ridge.bmp' load_terrain_heightmap=true image=8x8 channels=3 sampled=33x33 width=12.0 depth=9.0 max_height=2.8
[3D][Terrain] texture_api set_terrain_texture=true texture='terrain/grass_rock.bmp' handle=49 size=8x8 fallback_grid=99
[3D][Terrain] LOD markers: small green near / large amber far. Real terrain mesh uses sampled heightmap; marker grid remains as visual reference.
[INFO] Lua bootstrap: Awake OK
[INFO] Lua startup script loaded: C:\Users\Administrator\repos\DSEngine\samples\lua\main.lua
[INFO] Lua business mode bootstrap: OK
[INFO] [InitTiming] business bootstrap: 21ms
[INFO] [InitTiming] BuildRenderGraph: 1ms
[INFO] [InitTiming] light buffer + cluster grid: 0ms
[INFO] [LightProbeSystem] Initialized, face_res=64, RT=320039
[INFO] [InitTiming] LightProbeSystem: 1ms
[INFO] [ReflectionProbeSystem] BRDF LUT loaded from cache
[INFO] [ReflectionProbeSystem] BRDF LUT generated: 128x128, handle=52 (cached)
[INFO] [ReflectionProbeSystem] Initialized, bake_res=128
[INFO] [InitTiming] ReflectionProbeSystem: 1ms
[INFO] [StreamingManager] Initialized (budget=8/frame, max_concurrent=32)
[INFO] [InitTiming] StreamingManager: 0ms
[INFO] [GPUSkinning] Initialized (shader=137, initial_capacity=4096v/1024b)
[INFO] FramePipeline init: GPUSkinningSystem initialized (compute skinning available)
[INFO] [InitTiming] GPUSkinning: 5ms
[INFO] EngineInstance init: startup scene regression checks skipped by env
[INFO] [MeshDiag] call=0 depth_test=0 blend=0 vp=(0,0,1280,701) fbo=4 active_ps=330003
[INFO] [TerrainSystem] Rebuilt terrain '33x33' → 1221 verts, 4 LODs, vao=104
[INFO] [MeshDiag] call=1 depth_test=0 blend=0 vp=(0,0,1280,701) fbo=4 active_ps=330003
[INFO] [MeshDiag] call=2 depth_test=0 blend=0 vp=(2048,0,1024,1024) fbo=30 active_ps=330004
[INFO] [MeshDiag] call=3 depth_test=0 blend=0 vp=(2048,0,1024,1024) fbo=30 active_ps=330004
[INFO] [MeshDiag] call=4 depth_test=0 blend=0 vp=(3072,0,512,512) fbo=30 active_ps=330004
[INFO] [MeshDiag] call=5 depth_test=0 blend=0 vp=(3072,0,512,512) fbo=30 active_ps=330004
[INFO] Runtime stats: entities=104, sprites=0, meshes=510, draw_calls=505, material_switches=0, shadow_passes=2, max_batch_sprites=0, render_passes=12, physics_bodies=0, particle_emitters=0, active_particles=0, avg_update_ms=0.2031, avg_fixed_ms=0.02446, avg_render_ms=7533.33, instanced_meshes=0, gpu_driven_requested=1, gpu_driven_supported=1, gpu_driven_prepared=0, gpu_driven_active=0, gpu_indirect_draws=0, gpu_instances=0, pending_upload_callbacks=0, pending_upload_callbacks_hwm=0, upload_budget=16
[INFO] Runtime stats: entities=104, sprites=0, meshes=5, draw_calls=0, material_switches=0, shadow_passes=2, max_batch_sprites=0, render_passes=12, physics_bodies=0, particle_emitters=0, active_particles=0, avg_update_ms=0.1909, avg_fixed_ms=0.02374, avg_render_ms=6276.35, instanced_meshes=0, gpu_driven_requested=1, gpu_driven_supported=1, gpu_driven_prepared=1, gpu_driven_active=1, gpu_indirect_draws=25, gpu_instances=25, pending_upload_callbacks=0, pending_upload_callbacks_hwm=0, upload_budget=16
[INFO] Runtime stats: entities=104, sprites=0, meshes=5, draw_calls=0, material_switches=0, shadow_passes=2, max_batch_sprites=0, render_passes=12, physics_bodies=0, particle_emitters=0, active_particles=0, avg_update_ms=0.1224, avg_fixed_ms=0.0206, avg_render_ms=30.1358, instanced_meshes=0, gpu_driven_requested=1, gpu_driven_supported=1, gpu_driven_prepared=1, gpu_driven_active=1, gpu_indirect_draws=25, gpu_instances=25, pending_upload_callbacks=0, pending_upload_callbacks_hwm=0, upload_budget=16
[3D][Terrain] runtime: terrain_heightmap_api real_sampling=true terrain_texture=true image=8x8 texture_handle=49 current_lod=2 resolution=33x33 max_lod=4 lod_factor=6.00
[INFO] Runtime stats: entities=104, sprites=0, meshes=5, draw_calls=0, material_switches=0, shadow_passes=2, max_batch_sprites=0, render_passes=12, physics_bodies=0, particle_emitters=0, active_particles=0, avg_update_ms=0.108027, avg_fixed_ms=0.022706, avg_render_ms=29.6062, instanced_meshes=0, gpu_driven_requested=1, gpu_driven_supported=1, gpu_driven_prepared=1, gpu_driven_active=1, gpu_indirect_draws=25, gpu_instances=25, pending_upload_callbacks=0, pending_upload_callbacks_hwm=0, upload_budget=16
DSE_SCREENSHOT_WRITTEN path=C:\Users\Administrator\demo_runs\opengl\shots\3d_terrain_heightmap.png target=scene size=1280x701
[INFO] Runtime stats: entities=104, sprites=0, meshes=5, draw_calls=0, material_switches=0, shadow_passes=2, max_batch_sprites=0, render_passes=12, physics_bodies=0, particle_emitters=0, active_particles=0, avg_update_ms=0.0732296, avg_fixed_ms=0.0209429, avg_render_ms=29.8126, instanced_meshes=0, gpu_driven_requested=1, gpu_driven_supported=1, gpu_driven_prepared=1, gpu_driven_active=1, gpu_indirect_draws=25, gpu_instances=25, pending_upload_callbacks=0, pending_upload_callbacks_hwm=0, upload_budget=16
DSE_MAX_FRAMES reached: 70
[INFO] [StreamingManager] Shutdown
[INFO] [LuaRuntime] Shutdown begin state=00000245939912F8 script_instances=0 lua_memory_usage=256394 awake_called=1
[INFO] [LuaRuntime] lua_close state=00000245939912F8
[INFO] [LuaRuntime] lua_close complete
[INFO] [LuaRuntime] Shutdown end
[INFO] [HairSystem] Shutdown, released all hair resources
[INFO] Physics3DSystem Shutdown (Jolt)
[INFO] RHI resource ledger: textures=53/53, framebuffers=41/41, shader_programs=1/1, vaos=3/3, buffers=29/29, render_targets=41/41, pipeline_states=8/8
[INFO] FileWatcher: stopped
[INFO] debug logger shutdown
