[ERROR] Lua startup load failed: ...r\repos\DSEngine\bin\samples/lua/dssl/demo_npr_light.lua:5: module 'dse.ecs' not found:
	no field package.preload['dse.ecs']
	no file 'C:\Users\Administrator\repos\DSEngine\bin\lua\dse\ecs.lua'
	no file 'C:\Users\Administrator\repos\DSEngine\bin\lua\dse\ecs\init.lua'
	no file 'C:\Users\Administrator\repos\DSEngine\bin\dse\ecs.lua'
	no file 'C:\Users\Administrator\repos\DSEngine\bin\dse\ecs\init.lua'
	no file 'C:\Users\Administrator\repos\DSEngine\bin\..\share\lua\5.4\dse\ecs.lua'
	no file 'C:\Users\Administrator\repos\DSEngine\bin\..\share\lua\5.4\dse\ecs\init.lua'
	no file '.\dse\ecs.lua'
	no file '.\dse\ecs\init.lua'
	no file './dse\ecs.lua'
	no file './script/dse\ecs.lua'
	no file './script/dse\ecs/init.lua'
	no file '../dse\ecs.lua'
	no file '../script/dse\ecs.lua'
	no file '../script/dse\ecs/init.lua'
	no file '../../dse\ecs.lua'
	no file '../../script/dse\ecs.lua'
	no file '../../script/dse\ecs/init.lua'
	no file 'C:/Users/Administrator/repos/DSEngine/bin/samples/lua/dssl/dse\ecs.lua'
	no file 'C:/Users/Administrator/repos/DSEngine/bin/samples/lua/dse\ecs.lua'
	no file 'C:\Users\Administrator\repos\DSEngine\bin\dse\ecs.dll'
	no file 'C:\Users\Administrator\repos\DSEngine\bin\..\lib\lua\5.4\dse\ecs.dll'
	no file 'C:\Users\Administrator\repos\DSEngine\bin\loadall.dll'
	no file '.\dse\ecs.dll'
	no file 'C:\Users\Administrator\repos\DSEngine\bin\dse.dll'
	no file 'C:\Users\Administrator\repos\DSEngine\bin\..\lib\lua\5.4\dse.dll'
	no file 'C:\Users\Administrator\repos\DSEngine\bin\loadall.dll'
	no file '.\dse.dll'
	
	no VFS module 'dse.ecs'
Failed to initialize FramePipeline
