Starting DSEngine Runtime...
[INFO] debug logger init success
Business mode: lua
[INFO] RHI Factory: 创建 Vulkan 后端
[INFO] FramePipeline RHI 后端: Vulkan
[INFO] [Vulkan] Selected GPU: NVIDIA GeForce RTX 3070
[INFO] [Vulkan] Pipeline cache loaded: 1921746 bytes
[INFO] [Vulkan] Present mode: FIFO (VSync on)
[INFO] [Vulkan] Created 3 swapchain framebuffers
[INFO] [Vulkan] Swapchain created: 1280x720 format=44 colorspace=0 hdr=no images=3
[INFO] [Vulkan] Context initialized: 1280x720 validation=0
[INFO] [Vulkan] Descriptor pools created (2x, maxSets=16384 each)
[INFO] [Vulkan] ResourceManager initialized
[INFO] VulkanPipelineStateManager initialized
[INFO] VulkanShaderManager initialized
[INFO] Created Vulkan shader program #540000 (pre-compiled SPIR-V)
[INFO] Vulkan PBR shader created: handle=540000
[INFO] Created Vulkan shader program #540001 (pre-compiled SPIR-V)
[INFO] [Vulkan] Eye shader created: handle=540001
[INFO] Created Vulkan shader program #540002 (pre-compiled SPIR-V)
[INFO] Vulkan skybox shader created: handle=540002
[INFO] Created Vulkan shader program #540003 (pre-compiled SPIR-V)
[INFO] Vulkan particle shader created: handle=540003
[INFO] Created Vulkan shader program #540004 (pre-compiled SPIR-V)
[INFO] Vulkan sprite shader created: handle=540004
[INFO] Created Vulkan shader program #540005 (pre-compiled SPIR-V)
[INFO] Vulkan SDF text shader created: handle=540005
[INFO] Created Vulkan shader program #540006 (pre-compiled SPIR-V)
[INFO] Vulkan shadow shader created: handle=540006
[INFO] Created Vulkan shader program #540007 (pre-compiled SPIR-V)
[INFO] [Vulkan] GPU-driven PBR shader created: handle=540007
[INFO] Created Vulkan shader program #540008 (pre-compiled SPIR-V)
[INFO] [Vulkan] GPU-driven Shadow shader created: handle=540008
[INFO] Created Vulkan shader program #540009 (pre-compiled SPIR-V)
[INFO] Vulkan post-process shader created: handle=540009
[INFO] Created Vulkan shader program #540010 (pre-compiled SPIR-V)
[INFO] [Vulkan] BloomExtract shader created (gen.h SPIR-V): handle=540010
[INFO] Created Vulkan shader program #540011 (pre-compiled SPIR-V)
[INFO] [Vulkan] FXAA shader created (gen.h SPIR-V): handle=540011
[INFO] Created Vulkan shader program #540012 (pre-compiled SPIR-V)
[INFO] [Vulkan] SSAO shader created (gen.h SPIR-V): handle=540012
[INFO] Created Vulkan shader program #540013 (pre-compiled SPIR-V)
[INFO] [Vulkan] SSAO Blur shader created (gen.h SPIR-V): handle=540013
[INFO] Created Vulkan shader program #540014 (pre-compiled SPIR-V)
[INFO] [Vulkan] ContactShadow shader created (gen.h SPIR-V): handle=540014
[INFO] Created Vulkan shader program #540015 (pre-compiled SPIR-V)
[INFO] [Vulkan] LumCompute shader created (gen.h SPIR-V): handle=540015
[INFO] Created Vulkan shader program #540016 (pre-compiled SPIR-V)
[INFO] [Vulkan] LumAdapt shader created (gen.h SPIR-V): handle=540016
[INFO] Created Vulkan shader program #540017 (pre-compiled SPIR-V)
[INFO] [Vulkan] Tonemapping shader created (gen.h SPIR-V): handle=540017
[INFO] Created Vulkan shader program #540018 (pre-compiled SPIR-V)
[INFO] [Vulkan] BloomCompositeSsaoAe shader created (gen.h SPIR-V): handle=540018
[INFO] Created Vulkan shader program #540019 (pre-compiled SPIR-V)
[INFO] [Vulkan] ColorGrading shader created (gen.h SPIR-V): handle=540019
[INFO] Created Vulkan shader program #540020 (pre-compiled SPIR-V)
[INFO] [Vulkan] TAA Resolve shader created (gen.h SPIR-V): handle=540020
[INFO] Created Vulkan shader program #540021 (pre-compiled SPIR-V)
[INFO] [Vulkan] DOF shader created (gen.h SPIR-V): handle=540021
[INFO] Created Vulkan shader program #540022 (pre-compiled SPIR-V)
[INFO] [Vulkan] Motion Blur shader created (gen.h SPIR-V): handle=540022
[INFO] Created Vulkan shader program #540023 (pre-compiled SPIR-V)
[INFO] [Vulkan] SSR shader created (gen.h SPIR-V): handle=540023
[INFO] Created Vulkan shader program #540024 (pre-compiled SPIR-V)
[INFO] [Vulkan] Motion Vector shader created (gen.h SPIR-V): handle=540024
[INFO] Created Vulkan shader program #540025 (pre-compiled SPIR-V)
[INFO] [Vulkan] GBuffer shader created (SPIR-V): handle=540025
[INFO] Created Vulkan shader program #540026 (pre-compiled SPIR-V)
[INFO] [Vulkan] Deferred Lighting shader created (gen.h SPIR-V): handle=540026
[INFO] Created Vulkan shader program #540027 (pre-compiled SPIR-V)
[INFO] [Vulkan] Edge Detect shader created (gen.h SPIR-V): handle=540027
[INFO] Created Vulkan shader program #540028 (pre-compiled SPIR-V)
[INFO] [Vulkan] Volumetric Fog shader created (gen.h SPIR-V): handle=540028
[INFO] Created Vulkan shader program #540029 (pre-compiled SPIR-V)
[INFO] [Vulkan] Volumetric Cloud shader created (gen.h SPIR-V): handle=540029
[INFO] Created Vulkan shader program #540030 (pre-compiled SPIR-V)
[INFO] [Vulkan] Decal shader created (gen.h SPIR-V): handle=540030
[INFO] Created Vulkan shader program #540031 (pre-compiled SPIR-V)
[INFO] [Vulkan] WBOIT Composite shader created (gen.h SPIR-V): handle=540031
[INFO] Created Vulkan shader program #540032 (pre-compiled SPIR-V)
[INFO] [Vulkan] Water shader created (gen.h SPIR-V): handle=540032
[INFO] Created Vulkan shader program #540033 (pre-compiled SPIR-V)
[INFO] [Vulkan] Light Shaft shader created (gen.h SPIR-V): handle=540033
[INFO] Created Vulkan shader program #540034 (pre-compiled SPIR-V)
[INFO] [Vulkan] Atmosphere Transmittance LUT shader created (gen.h SPIR-V): handle=540034
[INFO] Created Vulkan shader program #540035 (pre-compiled SPIR-V)
[INFO] [Vulkan] Atmosphere Sky shader created (gen.h SPIR-V): handle=540035
[INFO] Created Vulkan shader program #540036 (pre-compiled SPIR-V)
[INFO] [Vulkan] SSS Blur shader created (gen.h SPIR-V): handle=540036
[INFO] Created Vulkan shader program #540037 (pre-compiled SPIR-V)
[INFO] [Vulkan] Weather Particle shader created (gen.h SPIR-V): handle=540037
[INFO] [Vulkan] Compute program created (pre-compiled SPIR-V): handle=540038
[INFO] [Vulkan] Compute program created (pre-compiled SPIR-V): handle=540039
[INFO] [Vulkan] Bloom CS programs initialized (down=540038 up=540039)
[INFO] VulkanDrawExecutor geometry buffers + UBO buffers initialized
[INFO] [VulkanGpuTimer] Initialized (period={:.2f} ns/tick)
[INFO] [Vulkan] RhiDevice initialized with all subsystems
[INFO] [Vulkan] BeginRenderPass SWAPCHAIN: fb=2658215694320 rp=2658219408576 imgIdx=0
[INFO] [InitTiming] RHI device init: 287ms
[INFO] DSE_RENDER_DEVICE backend=Vulkan adapter="NVIDIA GeForce RTX 3070" software=0
[INFO] Render pipeline profile: using built-in ForwardPlusDefault
[INFO] RenderPipelineProfile ForwardPlusDefault settings{gpu_driven=true, shadows=true, shadow_quality=default, postprocess_quality=default}
  0: pre_z [enabled]
  1: hiz_build [skipped(no_hiz)]
  2: hiz_cull [skipped(no_hiz)]
  3: csm_shadow [enabled]
  4: spot_shadow [enabled]
  5: point_shadow [enabled]
  6: gpu_cull [skipped(no_gpu_driven)]
  7: rsm [enabled]
  8: ddgi_update [enabled]
  9: gbuffer [enabled]
  10: deferred_lighting [enabled]
  11: forward_scene [enabled]
  12: atmosphere_sky [enabled]
  13: wboit [enabled]
  14: water [enabled]
  15: bloom [enabled]
  16: ssao [enabled]
  17: contact_shadow [enabled]
  18: auto_exposure [enabled]
  19: motion_vector [enabled]
  20: ssr [enabled]
  21: outline [enabled]
  22: light_shaft [enabled]
  23: volumetric_fog [enabled]
  24: decal [enabled]
  25: ui [enabled]
  26: composite [enabled]
  27: dof [enabled]
  28: motion_blur [enabled]
  29: fxaa [enabled]
  30: taa [enabled]
  31: present [enabled]
[INFO] Runtime data root: C:\Users\Administrator\Desktop\Engine\DSEngine\bin\data
[INFO] FileWatcher: started monitoring C:\Users\Administrator\Desktop\Engine\DSEngine\bin\data
[INFO] [Vulkan] RenderTarget created: 1280x720 color_count=1 msaa=1 uav=0 handle=420000
[INFO] [Vulkan] RenderTarget created: 1280x720 color_count=1 msaa=4 uav=0 handle=420001
[INFO] [Vulkan] RenderTarget created: 1280x720 color_count=1 msaa=1 uav=0 handle=420002
[INFO] [Vulkan] RenderTarget created: 1280x720 color_count=0 msaa=1 uav=0 handle=420003
[INFO] [Vulkan] RenderTarget created: 1280x720 color_count=1 msaa=1 uav=0 handle=420004
[INFO] [Vulkan] RenderTarget created: 640x360 color_count=1 msaa=1 uav=1 handle=420005
[INFO] [Vulkan] RenderTarget created: 320x180 color_count=1 msaa=1 uav=1 handle=420006
[INFO] [Vulkan] RenderTarget created: 160x90 color_count=1 msaa=1 uav=1 handle=420007
[INFO] [Vulkan] RenderTarget created: 80x45 color_count=1 msaa=1 uav=1 handle=420008
[INFO] [Vulkan] RenderTarget created: 40x22 color_count=1 msaa=1 uav=1 handle=420009
[INFO] [Vulkan] RenderTarget created: 640x360 color_count=1 msaa=1 uav=0 handle=420010
[INFO] [Vulkan] RenderTarget created: 640x360 color_count=1 msaa=1 uav=0 handle=420011
[INFO] [Vulkan] RenderTarget created: 640x360 color_count=1 msaa=1 uav=0 handle=420012
[INFO] [Vulkan] RenderTarget created: 1280x720 color_count=1 msaa=1 uav=0 handle=420013
[INFO] [Vulkan] RenderTarget created: 1280x720 color_count=1 msaa=1 uav=0 handle=420014
[INFO] [Vulkan] RenderTarget created: 1280x720 color_count=1 msaa=1 uav=0 handle=420015
[INFO] [Vulkan] RenderTarget created: 640x360 color_count=1 msaa=1 uav=0 handle=420016
[INFO] [Vulkan] RenderTarget created: 1280x720 color_count=1 msaa=1 uav=0 handle=420017
[INFO] [Vulkan] RenderTarget created: 1280x720 color_count=1 msaa=1 uav=0 handle=420018
[INFO] [Vulkan] RenderTarget created: 640x360 color_count=1 msaa=1 uav=0 handle=420019
[INFO] [Vulkan] RenderTarget created: 640x360 color_count=1 msaa=1 uav=0 handle=420020
[INFO] [Vulkan] RenderTarget created: 1280x720 color_count=1 msaa=1 uav=0 handle=420021
[INFO] [Vulkan] RenderTarget created: 1280x720 color_count=1 msaa=1 uav=0 handle=420022
[INFO] [Vulkan] RenderTarget created: 1280x720 color_count=1 msaa=1 uav=0 handle=420023
[INFO] [Vulkan] RenderTarget created: 1280x720 color_count=3 msaa=1 uav=0 handle=420024
[INFO] [Vulkan] RenderTarget created: 1280x720 color_count=1 msaa=1 uav=0 handle=420025
[INFO] [Vulkan] Hi-Z texture created: handle=450000 1280x720 mips=11
[INFO] [Vulkan] RenderTarget created: 64x64 color_count=1 msaa=1 uav=0 handle=420026
[INFO] [Vulkan] RenderTarget created: 1x1 color_count=1 msaa=1 uav=0 handle=420027
[INFO] [Vulkan] RenderTarget created: 1x1 color_count=1 msaa=1 uav=0 handle=420028
[INFO] [Vulkan] Full compute program created: handle=540040, ssbo=0, img=1, smp=1, pc=8
[INFO] [Vulkan] Full compute program created: handle=540041, ssbo=0, img=2, smp=0, pc=16
[INFO] [Vulkan] Full compute program created: handle=540042, ssbo=2, img=0, smp=1, pc=80
[INFO] Hi-Z Occlusion Culling initialized: texture=450000 vis_ssbo=415000 aabb_ssbo=415001 capacity=65536 shaders=(540040,540041,540042)
[INFO] [Vulkan] RenderTarget created: 4096x2048 color_count=0 msaa=1 uav=0 handle=420029
[INFO] [Vulkan] RenderTarget created: 1024x1024 color_count=0 msaa=1 uav=0 handle=420030
[INFO] [Vulkan] RenderTarget created: 1024x1024 color_count=0 msaa=1 uav=0 handle=420031
[INFO] [Vulkan] RenderTarget created: 1024x1024 color_count=0 msaa=1 uav=0 handle=420032
[INFO] [Vulkan] RenderTarget created: 1024x1024 color_count=0 msaa=1 uav=0 handle=420033
[INFO] [Vulkan] RenderTarget created: 1024x1024 color_count=0 msaa=1 uav=0 handle=420034
[INFO] [Vulkan] RenderTarget created: 1024x1024 color_count=0 msaa=1 uav=0 handle=420035
[INFO] [Vulkan] RenderTarget created: 1024x1024 color_count=0 msaa=1 uav=0 handle=420036
[INFO] [Vulkan] RenderTarget created: 1024x1024 color_count=0 msaa=1 uav=0 handle=420037
[INFO] [Vulkan] RenderTarget created: 512x512 color_count=3 msaa=1 uav=0 handle=420038
[INFO] [Vulkan] Full compute program created: handle=540043, ssbo=2, img=0, smp=1, pc=176
[INFO] GPU Driven Rendering: supported=1, cull_shader=540043
[INFO] [InitTiming] render resources: 112ms
[INFO] FramePipeline init: systems init begin
[INFO] [Physics2D] Init world_valid=1
[INFO] FramePipeline init: systems init complete
[INFO] FramePipeline init: Gameplay3D module enabled=1
[INFO] Physics3DSystem Initialized (Backend: Jolt Physics v5.5.0, max_bodies=4096, threads=2)
[INFO] FramePipeline init: Physics3DSystem initialized and registered
[INFO] FramePipeline init: NavMeshSystem initialized and registered
[INFO] [Vulkan] Full compute program created: handle=540044, ssbo=2, img=0, smp=0, pc=28
[INFO] [GrassSystem] GPU wind compute shader created: 540044
[INFO] [GrassSystem] Initialized. blade_verts=10, billboard_verts=8, gpu_compute=1
[INFO] [TreeSystem] Initialized
[INFO] [Vulkan] Full compute program created: handle=540045, ssbo=4, img=0, smp=0, pc=48
[INFO] [Vulkan] Full compute program created: handle=540046, ssbo=3, img=0, smp=0, pc=4
[INFO] [Vulkan] Full compute program created: handle=540047, ssbo=3, img=0, smp=0, pc=12
[INFO] [Vulkan] Full compute program created: handle=540048, ssbo=3, img=0, smp=0, pc=12
[INFO] [HairSystem] Initialized, gpu_compute=1
[INFO] FramePipeline init: Gameplay3D module OnInit OK (static)
[INFO] [InitTiming] systems init: 25ms
[INFO] FramePipeline init: business bootstrap begin
[INFO] [LuaRuntime] Shutdown begin state=0000000000000000 script_instances=0 lua_memory_usage=0 awake_called=0
[INFO] [LuaRuntime] Shutdown end
[INFO] [LuaRuntime] lua_newstate begin allocator=00007FF71D7F5950 seed=0
[INFO] Lua bootstrap: startup script resolved to C:\Users\Administrator\Desktop\Engine\DSEngine\samples\lua\main.lua
[INFO] Lua bootstrap: package path setup begin
[INFO] Lua bootstrap: register API begin
[INFO] Lua bootstrap: loading startup script begin
[main] 加载 demo: 3d_physics_triggers
[main] name: physics triggers & collision events
[INFO] Lua bootstrap: startup script load OK
[INFO] Lua bootstrap: Awake begin
[INFO] Data root updated from lua: data\
[3D][PhysicsTriggers] setup: 3D trigger zones + raycast detection + impulse interaction. 2D collision API availability check included.
[3D][PhysicsTriggers] api: 2d_trigger=true 2d_collision=true 3d_raycast=true 3d_impulse=true 3d_velocity=true
[INFO] Lua bootstrap: Awake OK
[INFO] Lua startup script loaded: C:\Users\Administrator\Desktop\Engine\DSEngine\samples\lua\main.lua
[INFO] Lua business mode bootstrap: OK
[INFO] [InitTiming] business bootstrap: 4ms
[INFO] [InitTiming] BuildRenderGraph: 0ms
[INFO] [InitTiming] light buffer + cluster grid: 0ms
[INFO] [Vulkan] RenderTarget created: 64x64 color_count=1 msaa=1 uav=0 handle=420039
[INFO] [LightProbeSystem] Initialized, face_res=64, RT=420039
[INFO] [InitTiming] LightProbeSystem: 0ms
[INFO] [ReflectionProbeSystem] BRDF LUT loaded from cache
[INFO] [ReflectionProbeSystem] BRDF LUT generated: 128x128, handle=400008 (cached)
[INFO] [Vulkan] RenderTarget created: 128x128 color_count=1 msaa=1 uav=0 handle=420040
[INFO] [ReflectionProbeSystem] Initialized, bake_res=128
[INFO] [InitTiming] ReflectionProbeSystem: 2ms
[INFO] [StreamingManager] Initialized (budget=8/frame, max_concurrent=32)
[INFO] [InitTiming] StreamingManager: 0ms
[INFO] [Vulkan] Full compute program created: handle=540049, ssbo=5, img=0, smp=0, pc=8
[INFO] [GPUSkinning] Initialized (shader=540049, initial_capacity=4096v/1024b)
[INFO] FramePipeline init: GPUSkinningSystem initialized (compute skinning available)
[INFO] [InitTiming] GPUSkinning: 2ms
[INFO] EngineInstance init: startup scene regression checks skipped by env
[INFO] [Vulkan] BeginRenderPass SWAPCHAIN: fb=2658215694320 rp=2658219408576 imgIdx=0
[INFO] Runtime stats: entities=10, sprites=0, meshes=26, draw_calls=30, material_switches=0, shadow_passes=2, max_batch_sprites=0, render_passes=12, physics_bodies=7, particle_emitters=0, active_particles=0, avg_update_ms=0.1895, avg_fixed_ms=0.04188, avg_render_ms=14.1764, instanced_meshes=0, gpu_driven_requested=1, gpu_driven_supported=1, gpu_driven_prepared=0, gpu_driven_active=0, gpu_indirect_draws=0, gpu_instances=0, pending_upload_callbacks=0, pending_upload_callbacks_hwm=0, upload_budget=16
[INFO] [Vulkan] BeginRenderPass SWAPCHAIN: fb=2658215690288 rp=2658219408576 imgIdx=1
[INFO] [Vulkan] BeginRenderPass SWAPCHAIN: fb=2658215690288 rp=2658219408576 imgIdx=1
[INFO] [Vulkan] BeginRenderPass SWAPCHAIN: fb=2658215690288 rp=2658219408576 imgIdx=1
[INFO] [Vulkan] BeginRenderPass SWAPCHAIN: fb=2658215690288 rp=2658219408576 imgIdx=1
[INFO] [Vulkan] BeginRenderPass SWAPCHAIN: fb=2658215690288 rp=2658219408576 imgIdx=1
[INFO] [Vulkan] BeginRenderPass SWAPCHAIN: fb=2658215690288 rp=2658219408576 imgIdx=1
[INFO] [Vulkan] BeginRenderPass SWAPCHAIN: fb=2658215690288 rp=2658219408576 imgIdx=1
[INFO] [Vulkan] BeginRenderPass SWAPCHAIN: fb=2658215690288 rp=2658219408576 imgIdx=1
[INFO] [Vulkan] BeginRenderPass SWAPCHAIN: fb=2658215690288 rp=2658219408576 imgIdx=1
[INFO] [Vulkan] BeginRenderPass SWAPCHAIN: fb=2658215690288 rp=2658219408576 imgIdx=1
[INFO] [Vulkan] BeginRenderPass SWAPCHAIN: fb=2658215690288 rp=2658219408576 imgIdx=1
[INFO] [Vulkan] BeginRenderPass SWAPCHAIN: fb=2658215690288 rp=2658219408576 imgIdx=1
[INFO] [Vulkan] BeginRenderPass SWAPCHAIN: fb=2658215690288 rp=2658219408576 imgIdx=1
[INFO] [Vulkan] BeginRenderPass SWAPCHAIN: fb=2658215690288 rp=2658219408576 imgIdx=1
[INFO] [Vulkan] BeginRenderPass SWAPCHAIN: fb=2658215690288 rp=2658219408576 imgIdx=1
[INFO] [Vulkan] BeginRenderPass SWAPCHAIN: fb=2658215690288 rp=2658219408576 imgIdx=1
[INFO] [Vulkan] BeginRenderPass SWAPCHAIN: fb=2658215690288 rp=2658219408576 imgIdx=1
[INFO] [Vulkan] BeginRenderPass SWAPCHAIN: fb=2658215690288 rp=2658219408576 imgIdx=1
[INFO] [Vulkan] BeginRenderPass SWAPCHAIN: fb=2658215690288 rp=2658219408576 imgIdx=1
[INFO] [Vulkan] BeginRenderPass SWAPCHAIN: fb=2658215690288 rp=2658219408576 imgIdx=1
[INFO] [Vulkan] BeginRenderPass SWAPCHAIN: fb=2658215690288 rp=2658219408576 imgIdx=1
[INFO] [Vulkan] BeginRenderPass SWAPCHAIN: fb=2658215690288 rp=2658219408576 imgIdx=1
[INFO] [Vulkan] BeginRenderPass SWAPCHAIN: fb=2658215690288 rp=2658219408576 imgIdx=1
[INFO] [Vulkan] BeginRenderPass SWAPCHAIN: fb=2658215690288 rp=2658219408576 imgIdx=1
[INFO] [Vulkan] BeginRenderPass SWAPCHAIN: fb=2658215690288 rp=2658219408576 imgIdx=1
[INFO] [Vulkan] BeginRenderPass SWAPCHAIN: fb=2658215690288 rp=2658219408576 imgIdx=1
[INFO] [Vulkan] BeginRenderPass SWAPCHAIN: fb=2658215690288 rp=2658219408576 imgIdx=1
[INFO] [Vulkan] BeginRenderPass SWAPCHAIN: fb=2658215690288 rp=2658219408576 imgIdx=1
[INFO] [Vulkan] BeginRenderPass SWAPCHAIN: fb=2658215690288 rp=2658219408576 imgIdx=1
[INFO] [Vulkan] BeginRenderPass SWAPCHAIN: fb=2658215690288 rp=2658219408576 imgIdx=1
[INFO] [Vulkan] BeginRenderPass SWAPCHAIN: fb=2658215690288 rp=2658219408576 imgIdx=1
[INFO] [Vulkan] BeginRenderPass SWAPCHAIN: fb=2658215690288 rp=2658219408576 imgIdx=1
[INFO] [Vulkan] BeginRenderPass SWAPCHAIN: fb=2658215690288 rp=2658219408576 imgIdx=1
[INFO] [Vulkan] BeginRenderPass SWAPCHAIN: fb=2658215690288 rp=2658219408576 imgIdx=1
[INFO] [Vulkan] BeginRenderPass SWAPCHAIN: fb=2658215690288 rp=2658219408576 imgIdx=1
[INFO] [Vulkan] BeginRenderPass SWAPCHAIN: fb=2658215690288 rp=2658219408576 imgIdx=1
[3D][PhysicsTriggers] phase1: impulse (5,3,0) on dynamic_1
[INFO] [Vulkan] BeginRenderPass SWAPCHAIN: fb=2658215690288 rp=2658219408576 imgIdx=1
[INFO] [Vulkan] BeginRenderPass SWAPCHAIN: fb=2658215690288 rp=2658219408576 imgIdx=1
[INFO] [Vulkan] BeginRenderPass SWAPCHAIN: fb=2658215690288 rp=2658219408576 imgIdx=1
[INFO] [Vulkan] BeginRenderPass SWAPCHAIN: fb=2658215690288 rp=2658219408576 imgIdx=1
[INFO] [Vulkan] BeginRenderPass SWAPCHAIN: fb=2658215690288 rp=2658219408576 imgIdx=1
[INFO] [Vulkan] BeginRenderPass SWAPCHAIN: fb=2658215690288 rp=2658219408576 imgIdx=1
[INFO] [Vulkan] BeginRenderPass SWAPCHAIN: fb=2658215690288 rp=2658219408576 imgIdx=1
[INFO] [Vulkan] BeginRenderPass SWAPCHAIN: fb=2658215690288 rp=2658219408576 imgIdx=1
[INFO] [Vulkan] BeginRenderPass SWAPCHAIN: fb=2658215690288 rp=2658219408576 imgIdx=1
[INFO] [Vulkan] BeginRenderPass SWAPCHAIN: fb=2658215690288 rp=2658219408576 imgIdx=1
[INFO] [Vulkan] BeginRenderPass SWAPCHAIN: fb=2658215690288 rp=2658219408576 imgIdx=1
[INFO] [Vulkan] BeginRenderPass SWAPCHAIN: fb=2658215690288 rp=2658219408576 imgIdx=1
[INFO] [Vulkan] BeginRenderPass SWAPCHAIN: fb=2658215690288 rp=2658219408576 imgIdx=1
[INFO] [Vulkan] BeginRenderPass SWAPCHAIN: fb=2658215690288 rp=2658219408576 imgIdx=1
[INFO] [Vulkan] BeginRenderPass SWAPCHAIN: fb=2658215690288 rp=2658219408576 imgIdx=1
[INFO] [Vulkan] BeginRenderPass SWAPCHAIN: fb=2658215690288 rp=2658219408576 imgIdx=1
[INFO] [Vulkan] BeginRenderPass SWAPCHAIN: fb=2658215690288 rp=2658219408576 imgIdx=1
[INFO] [Vulkan] BeginRenderPass SWAPCHAIN: fb=2658215690288 rp=2658219408576 imgIdx=1
DSE_SCREENSHOT_WRITTEN path=C:\Users\Administrator\demo_runs_real\vulkan\shots\3d_physics_triggers.png target=scene size=1280x720
[INFO] [Vulkan] BeginRenderPass SWAPCHAIN: fb=2658215690288 rp=2658219408576 imgIdx=1
[INFO] Runtime stats: entities=10, sprites=0, meshes=6, draw_calls=11, material_switches=0, shadow_passes=2, max_batch_sprites=0, render_passes=12, physics_bodies=7, particle_emitters=0, active_particles=0, avg_update_ms=0.0664218, avg_fixed_ms=0.0586917, avg_render_ms=11.5671, instanced_meshes=0, gpu_driven_requested=1, gpu_driven_supported=1, gpu_driven_prepared=1, gpu_driven_active=1, gpu_indirect_draws=4, gpu_instances=4, pending_upload_callbacks=0, pending_upload_callbacks_hwm=0, upload_budget=16
[INFO] [Vulkan] BeginRenderPass SWAPCHAIN: fb=2658215690288 rp=2658219408576 imgIdx=1
[INFO] [Vulkan] BeginRenderPass SWAPCHAIN: fb=2658215690288 rp=2658219408576 imgIdx=1
[INFO] [Vulkan] BeginRenderPass SWAPCHAIN: fb=2658215690288 rp=2658219408576 imgIdx=1
[INFO] [Vulkan] BeginRenderPass SWAPCHAIN: fb=2658215690288 rp=2658219408576 imgIdx=1
[INFO] [Vulkan] BeginRenderPass SWAPCHAIN: fb=2658215690288 rp=2658219408576 imgIdx=1
[INFO] [Vulkan] BeginRenderPass SWAPCHAIN: fb=2658215690288 rp=2658219408576 imgIdx=1
[INFO] [Vulkan] BeginRenderPass SWAPCHAIN: fb=2658215690288 rp=2658219408576 imgIdx=1
[INFO] [Vulkan] BeginRenderPass SWAPCHAIN: fb=2658215690288 rp=2658219408576 imgIdx=1
[INFO] [Vulkan] BeginRenderPass SWAPCHAIN: fb=2658215690288 rp=2658219408576 imgIdx=1
[INFO] [Vulkan] BeginRenderPass SWAPCHAIN: fb=2658215690288 rp=2658219408576 imgIdx=1
[INFO] [Vulkan] BeginRenderPass SWAPCHAIN: fb=2658215690288 rp=2658219408576 imgIdx=1
[INFO] [Vulkan] BeginRenderPass SWAPCHAIN: fb=2658215690288 rp=2658219408576 imgIdx=1
[INFO] [Vulkan] BeginRenderPass SWAPCHAIN: fb=2658215690288 rp=2658219408576 imgIdx=1
[INFO] [Vulkan] BeginRenderPass SWAPCHAIN: fb=2658215690288 rp=2658219408576 imgIdx=1
DSE_MAX_FRAMES reached: 70
[INFO] [StreamingManager] Shutdown
[INFO] [LuaRuntime] Shutdown begin state=0000026A82549868 script_instances=0 lua_memory_usage=156777 awake_called=1
[INFO] [LuaRuntime] lua_close state=0000026A82549868
[INFO] [LuaRuntime] lua_close complete
[INFO] [LuaRuntime] Shutdown end
[INFO] [HairSystem] Shutdown, released all hair resources
[INFO] Physics3DSystem Shutdown (Jolt)
[INFO] VulkanDrawExecutor geometry buffers destroyed
[INFO] VulkanShaderManager shutdown: 38 programs created, 0 destroyed
[INFO] VulkanPipelineStateManager shutdown, 0 states remaining
[INFO] [Vulkan] ResourceManager shutdown
[INFO] [Vulkan] Pipeline cache saved: 1921746 bytes (+ 32 header)
[INFO] [Vulkan] Context shutdown complete
[INFO] [Vulkan] RhiDevice shutdown
[INFO] FileWatcher: stopped
[INFO] debug logger shutdown
